[0.017s] Invoking command in '/home/ubuntu/Desktop/AK_ws/build/can_interface': CMAKE_PREFIX_PATH=/opt/ros/humble /usr/bin/cmake /home/ubuntu/Desktop/AK_ws/src/can_interface -DCMAKE_INSTALL_PREFIX=/home/ubuntu/Desktop/AK_ws/install/can_interface
[0.112s] -- The C compiler identification is GNU 11.4.0
[0.224s] -- The CXX compiler identification is GNU 11.4.0
[0.238s] -- Detecting C compiler ABI info
[0.429s] -- Detecting C compiler ABI info - done
[0.447s] -- Check for working C compiler: /usr/bin/cc - skipped
[0.448s] -- Detecting C compile features
[0.449s] -- Detecting C compile features - done
[0.455s] -- Detecting CXX compiler ABI info
[0.597s] -- Detecting CXX compiler ABI info - done
[0.613s] -- Check for working CXX compiler: /usr/bin/c++ - skipped
[0.613s] -- Detecting CXX compile features
[0.614s] -- Detecting CXX compile features - done
[0.618s] -- Found ament_cmake: 1.3.11 (/opt/ros/humble/share/ament_cmake/cmake)
[1.534s] -- Found Python3: /usr/bin/python3 (found version "3.10.12") found components: Interpreter 
[1.855s] -- Configuring done
[1.866s] -- Generating done
[1.872s] -- Build files have been written to: /home/ubuntu/Desktop/AK_ws/build/can_interface
[1.882s] Invoked command in '/home/ubuntu/Desktop/AK_ws/build/can_interface' returned '0': CMAKE_PREFIX_PATH=/opt/ros/humble /usr/bin/cmake /home/ubuntu/Desktop/AK_ws/src/can_interface -DCMAKE_INSTALL_PREFIX=/home/ubuntu/Desktop/AK_ws/install/can_interface
[1.885s] Invoking command in '/home/ubuntu/Desktop/AK_ws/build/can_interface': CMAKE_PREFIX_PATH=/opt/ros/humble /usr/bin/cmake --build /home/ubuntu/Desktop/AK_ws/build/can_interface -- -j8 -l8
[1.972s] [ 50%] [32mBuilding CXX object CMakeFiles/can_interface.dir/src/caninterface.cpp.o[0m
[2.634s] [100%] [32m[1mLinking CXX shared library libcan_interface.so[0m
[2.786s] [100%] Built target can_interface
[2.808s] Invoked command in '/home/ubuntu/Desktop/AK_ws/build/can_interface' returned '0': CMAKE_PREFIX_PATH=/opt/ros/humble /usr/bin/cmake --build /home/ubuntu/Desktop/AK_ws/build/can_interface -- -j8 -l8
[2.827s] Invoking command in '/home/ubuntu/Desktop/AK_ws/build/can_interface': CMAKE_PREFIX_PATH=/opt/ros/humble /usr/bin/cmake --install /home/ubuntu/Desktop/AK_ws/build/can_interface
[2.841s] -- Install configuration: ""
[2.842s] -- Installing: /home/ubuntu/Desktop/AK_ws/install/can_interface/lib/libcan_interface.so
[2.842s] -- Installing: /home/ubuntu/Desktop/AK_ws/install/can_interface/include
[2.842s] -- Installing: /home/ubuntu/Desktop/AK_ws/install/can_interface/include/can_interface
[2.842s] -- Installing: /home/ubuntu/Desktop/AK_ws/install/can_interface/include/can_interface/caninterface.hpp
[2.843s] -- Installing: /home/ubuntu/Desktop/AK_ws/install/can_interface/share/can_interface/environment/library_path.sh
[2.843s] -- Installing: /home/ubuntu/Desktop/AK_ws/install/can_interface/share/can_interface/environment/library_path.dsv
[2.844s] -- Installing: /home/ubuntu/Desktop/AK_ws/install/can_interface/share/ament_index/resource_index/package_run_dependencies/can_interface
[2.844s] -- Installing: /home/ubuntu/Desktop/AK_ws/install/can_interface/share/ament_index/resource_index/parent_prefix_path/can_interface
[2.844s] -- Installing: /home/ubuntu/Desktop/AK_ws/install/can_interface/share/can_interface/environment/ament_prefix_path.sh
[2.844s] -- Installing: /home/ubuntu/Desktop/AK_ws/install/can_interface/share/can_interface/environment/ament_prefix_path.dsv
[2.845s] -- Installing: /home/ubuntu/Desktop/AK_ws/install/can_interface/share/can_interface/environment/path.sh
[2.845s] -- Installing: /home/ubuntu/Desktop/AK_ws/install/can_interface/share/can_interface/environment/path.dsv
[2.845s] -- Installing: /home/ubuntu/Desktop/AK_ws/install/can_interface/share/can_interface/local_setup.bash
[2.845s] -- Installing: /home/ubuntu/Desktop/AK_ws/install/can_interface/share/can_interface/local_setup.sh
[2.845s] -- Installing: /home/ubuntu/Desktop/AK_ws/install/can_interface/share/can_interface/local_setup.zsh
[2.845s] -- Installing: /home/ubuntu/Desktop/AK_ws/install/can_interface/share/can_interface/local_setup.dsv
[2.846s] -- Installing: /home/ubuntu/Desktop/AK_ws/install/can_interface/share/can_interface/package.dsv
[2.846s] -- Installing: /home/ubuntu/Desktop/AK_ws/install/can_interface/share/ament_index/resource_index/packages/can_interface
[2.846s] -- Installing: /home/ubuntu/Desktop/AK_ws/install/can_interface/share/can_interface/cmake/export_can_interfaceExport.cmake
[2.846s] -- Installing: /home/ubuntu/Desktop/AK_ws/install/can_interface/share/can_interface/cmake/export_can_interfaceExport-noconfig.cmake
[2.847s] -- Installing: /home/ubuntu/Desktop/AK_ws/install/can_interface/share/can_interface/cmake/ament_cmake_export_targets-extras.cmake
[2.847s] -- Installing: /home/ubuntu/Desktop/AK_ws/install/can_interface/share/can_interface/cmake/ament_cmake_export_include_directories-extras.cmake
[2.847s] -- Installing: /home/ubuntu/Desktop/AK_ws/install/can_interface/share/can_interface/cmake/ament_cmake_export_libraries-extras.cmake
[2.847s] -- Installing: /home/ubuntu/Desktop/AK_ws/install/can_interface/share/can_interface/cmake/can_interfaceConfig.cmake
[2.847s] -- Installing: /home/ubuntu/Desktop/AK_ws/install/can_interface/share/can_interface/cmake/can_interfaceConfig-version.cmake
[2.848s] -- Installing: /home/ubuntu/Desktop/AK_ws/install/can_interface/share/can_interface/package.xml
[2.851s] Invoked command in '/home/ubuntu/Desktop/AK_ws/build/can_interface' returned '0': CMAKE_PREFIX_PATH=/opt/ros/humble /usr/bin/cmake --install /home/ubuntu/Desktop/AK_ws/build/can_interface
