-- The C compiler identification is GNU 11.4.0
-- The CXX compiler identification is GNU 11.4.0
-- Detecting C compiler ABI info
-- Detecting C compiler ABI info - done
-- Check for working C compiler: /usr/bin/cc - skipped
-- Detecting C compile features
-- Detecting C compile features - done
-- Detecting CXX compiler ABI info
-- Detecting CXX compiler ABI info - done
-- Check for working CXX compiler: /usr/bin/c++ - skipped
-- Detecting CXX compile features
-- Detecting CXX compile features - done
-- Found ament_cmake: 1.3.11 (/opt/ros/humble/share/ament_cmake/cmake)
-- Found Python3: /usr/bin/python3 (found version "3.10.12") found components: Interpreter 
-- Found rclcpp: 16.0.12 (/opt/ros/humble/share/rclcpp/cmake)
-- Found rosidl_generator_c: 3.1.6 (/opt/ros/humble/share/rosidl_generator_c/cmake)
-- Found rosidl_adapter: 3.1.6 (/opt/ros/humble/share/rosidl_adapter/cmake)
-- Found rosidl_generator_cpp: 3.1.6 (/opt/ros/humble/share/rosidl_generator_cpp/cmake)
-- Using all available rosidl_typesupport_c: rosidl_typesupport_fastrtps_c;rosidl_typesupport_introspection_c
-- Using all available rosidl_typesupport_cpp: rosidl_typesupport_fastrtps_cpp;rosidl_typesupport_introspection_cpp
-- Found rmw_implementation_cmake: 6.1.2 (/opt/ros/humble/share/rmw_implementation_cmake/cmake)
-- Found rmw_cyclonedds_cpp: 1.3.4 (/opt/ros/humble/share/rmw_cyclonedds_cpp/cmake)
-- Using RMW implementation 'rmw_cyclonedds_cpp' as default
-- Looking for pthread.h
-- Looking for pthread.h - found
-- Performing Test CMAKE_HAVE_LIBC_PTHREAD
-- Performing Test CMAKE_HAVE_LIBC_PTHREAD - Success
-- Found Threads: TRUE  
-- Found can_interface: 0.0.1 (/home/ubuntu/Desktop/AK80_64/install/can_interface/share/can_interface/cmake)
-- Configuring done
-- Generating done
-- Build files have been written to: /home/ubuntu/Desktop/AK80_64/build/motor_driver
[ 50%] [32mBuilding CXX object CMakeFiles/ControlMotor.dir/src/ControlMotor.cpp.o[0m
[ 50%] [32mBuilding CXX object CMakeFiles/SetOMotor.dir/src/SetOMotor.cpp.o[0m
[ 75%] [32m[1mLinking CXX executable SetOMotor[0m
[ 75%] Built target SetOMotor
[100%] [32m[1mLinking CXX executable ControlMotor[0m
[100%] Built target ControlMotor
-- Install configuration: ""
-- Installing: /home/ubuntu/Desktop/AK80_64/install/motor_driver/lib/motor_driver/SetOMotor
-- Set runtime path of "/home/ubuntu/Desktop/AK80_64/install/motor_driver/lib/motor_driver/SetOMotor" to ""
-- Installing: /home/ubuntu/Desktop/AK80_64/install/motor_driver/lib/motor_driver/ControlMotor
-- Set runtime path of "/home/ubuntu/Desktop/AK80_64/install/motor_driver/lib/motor_driver/ControlMotor" to ""
-- Installing: /home/ubuntu/Desktop/AK80_64/install/motor_driver/share/motor_driver//config
-- Installing: /home/ubuntu/Desktop/AK80_64/install/motor_driver/share/motor_driver//config/setup.yaml
-- Installing: /home/ubuntu/Desktop/AK80_64/install/motor_driver/share/motor_driver//config/exercise1_params.yaml
-- Installing: /home/ubuntu/Desktop/AK80_64/install/motor_driver/share/motor_driver//config/exercise2_params.yaml
-- Installing: /home/ubuntu/Desktop/AK80_64/install/motor_driver/share/motor_driver//launch
-- Installing: /home/ubuntu/Desktop/AK80_64/install/motor_driver/share/motor_driver//launch/motor_control.launch.py
-- Installing: /home/ubuntu/Desktop/AK80_64/install/motor_driver/lib/motor_driver/set_params_gui.py
-- Installing: /home/ubuntu/Desktop/AK80_64/install/motor_driver/lib/motor_driver/TurnOn.sh
-- Up-to-date: /home/ubuntu/Desktop/AK80_64/install/motor_driver/share/motor_driver/config/exercise1_params.yaml
-- Up-to-date: /home/ubuntu/Desktop/AK80_64/install/motor_driver/share/motor_driver/config/exercise2_params.yaml
-- Installing: /home/ubuntu/Desktop/AK80_64/install/motor_driver/share/ament_index/resource_index/package_run_dependencies/motor_driver
-- Installing: /home/ubuntu/Desktop/AK80_64/install/motor_driver/share/ament_index/resource_index/parent_prefix_path/motor_driver
-- Installing: /home/ubuntu/Desktop/AK80_64/install/motor_driver/share/motor_driver/environment/ament_prefix_path.sh
-- Installing: /home/ubuntu/Desktop/AK80_64/install/motor_driver/share/motor_driver/environment/ament_prefix_path.dsv
-- Installing: /home/ubuntu/Desktop/AK80_64/install/motor_driver/share/motor_driver/environment/path.sh
-- Installing: /home/ubuntu/Desktop/AK80_64/install/motor_driver/share/motor_driver/environment/path.dsv
-- Installing: /home/ubuntu/Desktop/AK80_64/install/motor_driver/share/motor_driver/local_setup.bash
-- Installing: /home/ubuntu/Desktop/AK80_64/install/motor_driver/share/motor_driver/local_setup.sh
-- Installing: /home/ubuntu/Desktop/AK80_64/install/motor_driver/share/motor_driver/local_setup.zsh
-- Installing: /home/ubuntu/Desktop/AK80_64/install/motor_driver/share/motor_driver/local_setup.dsv
-- Installing: /home/ubuntu/Desktop/AK80_64/install/motor_driver/share/motor_driver/package.dsv
-- Installing: /home/ubuntu/Desktop/AK80_64/install/motor_driver/share/ament_index/resource_index/packages/motor_driver
-- Installing: /home/ubuntu/Desktop/AK80_64/install/motor_driver/share/motor_driver/cmake/motor_driverConfig.cmake
-- Installing: /home/ubuntu/Desktop/AK80_64/install/motor_driver/share/motor_driver/cmake/motor_driverConfig-version.cmake
-- Installing: /home/ubuntu/Desktop/AK80_64/install/motor_driver/share/motor_driver/package.xml
