[0.080s] DEBUG:colcon:Command line arguments: ['/usr/bin/colcon', 'build']
[0.081s] DEBUG:colcon:Parsed command line arguments: Namespace(log_base=None, log_level=None, verb_name='build', build_base='build', install_base='install', merge_install=False, symlink_install=False, test_result_base=None, continue_on_error=False, executor='parallel', parallel_workers=8, event_handlers=None, ignore_user_meta=False, metas=['./colcon.meta'], base_paths=['.'], packages_ignore=None, packages_ignore_regex=None, paths=None, packages_up_to=None, packages_up_to_regex=None, packages_above=None, packages_above_and_dependencies=None, packages_above_depth=None, packages_select_by_dep=None, packages_skip_by_dep=None, packages_skip_up_to=None, packages_select_build_failed=False, packages_skip_build_finished=False, packages_select_test_failures=False, packages_skip_test_passed=False, packages_select=None, packages_skip=None, packages_select_regex=None, packages_skip_regex=None, packages_start=None, packages_end=None, allow_overriding=[], cmake_args=None, cmake_target=None, cmake_target_skip_unavailable=False, cmake_clean_cache=False, cmake_clean_first=False, cmake_force_configure=False, ament_cmake_args=None, catkin_cmake_args=None, catkin_skip_building_tests=False, mixin_files=None, mixin=None, verb_parser=<colcon_mixin.mixin.mixin_argument.MixinArgumentDecorator object at 0x79ae06f586a0>, verb_extension=<colcon_core.verb.build.BuildVerb object at 0x79ae06f58160>, main=<bound method BuildVerb.main of <colcon_core.verb.build.BuildVerb object at 0x79ae06f58160>>, mixin_verb=('build',))
[0.122s] Level 1:colcon.colcon_core.package_discovery:discover_packages(colcon_meta) check parameters
[0.122s] Level 1:colcon.colcon_core.package_discovery:discover_packages(recursive) check parameters
[0.122s] Level 1:colcon.colcon_core.package_discovery:discover_packages(ignore) check parameters
[0.122s] Level 1:colcon.colcon_core.package_discovery:discover_packages(path) check parameters
[0.122s] Level 1:colcon.colcon_core.package_discovery:discover_packages(colcon_meta) discover
[0.122s] Level 1:colcon.colcon_core.package_discovery:discover_packages(recursive) discover
[0.122s] INFO:colcon.colcon_core.package_discovery:Crawling recursively for packages in '/home/ubuntu/Desktop/AK80_64'
[0.122s] Level 1:colcon.colcon_core.package_identification:_identify(.) by extensions ['ignore', 'ignore_ament_install']
[0.122s] Level 1:colcon.colcon_core.package_identification:_identify(.) by extension 'ignore'
[0.123s] Level 1:colcon.colcon_core.package_identification:_identify(.) by extension 'ignore_ament_install'
[0.123s] Level 1:colcon.colcon_core.package_identification:_identify(.) by extensions ['colcon_pkg']
[0.123s] Level 1:colcon.colcon_core.package_identification:_identify(.) by extension 'colcon_pkg'
[0.123s] Level 1:colcon.colcon_core.package_identification:_identify(.) by extensions ['colcon_meta']
[0.123s] Level 1:colcon.colcon_core.package_identification:_identify(.) by extension 'colcon_meta'
[0.123s] Level 1:colcon.colcon_core.package_identification:_identify(.) by extensions ['ros']
[0.123s] Level 1:colcon.colcon_core.package_identification:_identify(.) by extension 'ros'
[0.132s] Level 1:colcon.colcon_core.package_identification:_identify(.) by extensions ['cmake', 'python']
[0.132s] Level 1:colcon.colcon_core.package_identification:_identify(.) by extension 'cmake'
[0.132s] Level 1:colcon.colcon_core.package_identification:_identify(.) by extension 'python'
[0.132s] Level 1:colcon.colcon_core.package_identification:_identify(.) by extensions ['python_setup_py']
[0.132s] Level 1:colcon.colcon_core.package_identification:_identify(.) by extension 'python_setup_py'
[0.132s] Level 1:colcon.colcon_core.package_identification:_identify(build) by extensions ['ignore', 'ignore_ament_install']
[0.132s] Level 1:colcon.colcon_core.package_identification:_identify(build) by extension 'ignore'
[0.132s] Level 1:colcon.colcon_core.package_identification:_identify(build) ignored
[0.133s] Level 1:colcon.colcon_core.package_identification:_identify(install) by extensions ['ignore', 'ignore_ament_install']
[0.133s] Level 1:colcon.colcon_core.package_identification:_identify(install) by extension 'ignore'
[0.133s] Level 1:colcon.colcon_core.package_identification:_identify(install) ignored
[0.133s] Level 1:colcon.colcon_core.package_identification:_identify(log) by extensions ['ignore', 'ignore_ament_install']
[0.133s] Level 1:colcon.colcon_core.package_identification:_identify(log) by extension 'ignore'
[0.133s] Level 1:colcon.colcon_core.package_identification:_identify(log) ignored
[0.133s] Level 1:colcon.colcon_core.package_identification:_identify(src) by extensions ['ignore', 'ignore_ament_install']
[0.133s] Level 1:colcon.colcon_core.package_identification:_identify(src) by extension 'ignore'
[0.133s] Level 1:colcon.colcon_core.package_identification:_identify(src) by extension 'ignore_ament_install'
[0.133s] Level 1:colcon.colcon_core.package_identification:_identify(src) by extensions ['colcon_pkg']
[0.133s] Level 1:colcon.colcon_core.package_identification:_identify(src) by extension 'colcon_pkg'
[0.133s] Level 1:colcon.colcon_core.package_identification:_identify(src) by extensions ['colcon_meta']
[0.133s] Level 1:colcon.colcon_core.package_identification:_identify(src) by extension 'colcon_meta'
[0.133s] Level 1:colcon.colcon_core.package_identification:_identify(src) by extensions ['ros']
[0.133s] Level 1:colcon.colcon_core.package_identification:_identify(src) by extension 'ros'
[0.133s] Level 1:colcon.colcon_core.package_identification:_identify(src) by extensions ['cmake', 'python']
[0.133s] Level 1:colcon.colcon_core.package_identification:_identify(src) by extension 'cmake'
[0.133s] Level 1:colcon.colcon_core.package_identification:_identify(src) by extension 'python'
[0.133s] Level 1:colcon.colcon_core.package_identification:_identify(src) by extensions ['python_setup_py']
[0.133s] Level 1:colcon.colcon_core.package_identification:_identify(src) by extension 'python_setup_py'
[0.133s] Level 1:colcon.colcon_core.package_identification:_identify(src/can_interface) by extensions ['ignore', 'ignore_ament_install']
[0.133s] Level 1:colcon.colcon_core.package_identification:_identify(src/can_interface) by extension 'ignore'
[0.133s] Level 1:colcon.colcon_core.package_identification:_identify(src/can_interface) by extension 'ignore_ament_install'
[0.133s] Level 1:colcon.colcon_core.package_identification:_identify(src/can_interface) by extensions ['colcon_pkg']
[0.134s] Level 1:colcon.colcon_core.package_identification:_identify(src/can_interface) by extension 'colcon_pkg'
[0.134s] Level 1:colcon.colcon_core.package_identification:_identify(src/can_interface) by extensions ['colcon_meta']
[0.134s] Level 1:colcon.colcon_core.package_identification:_identify(src/can_interface) by extension 'colcon_meta'
[0.134s] Level 1:colcon.colcon_core.package_identification:_identify(src/can_interface) by extensions ['ros']
[0.134s] Level 1:colcon.colcon_core.package_identification:_identify(src/can_interface) by extension 'ros'
[0.135s] DEBUG:colcon.colcon_core.package_identification:Package 'src/can_interface' with type 'ros.ament_cmake' and name 'can_interface'
[0.135s] Level 1:colcon.colcon_core.package_identification:_identify(src/motor_driver) by extensions ['ignore', 'ignore_ament_install']
[0.135s] Level 1:colcon.colcon_core.package_identification:_identify(src/motor_driver) by extension 'ignore'
[0.135s] Level 1:colcon.colcon_core.package_identification:_identify(src/motor_driver) by extension 'ignore_ament_install'
[0.135s] Level 1:colcon.colcon_core.package_identification:_identify(src/motor_driver) by extensions ['colcon_pkg']
[0.135s] Level 1:colcon.colcon_core.package_identification:_identify(src/motor_driver) by extension 'colcon_pkg'
[0.135s] Level 1:colcon.colcon_core.package_identification:_identify(src/motor_driver) by extensions ['colcon_meta']
[0.135s] Level 1:colcon.colcon_core.package_identification:_identify(src/motor_driver) by extension 'colcon_meta'
[0.135s] Level 1:colcon.colcon_core.package_identification:_identify(src/motor_driver) by extensions ['ros']
[0.135s] Level 1:colcon.colcon_core.package_identification:_identify(src/motor_driver) by extension 'ros'
[0.136s] DEBUG:colcon.colcon_core.package_identification:Package 'src/motor_driver' with type 'ros.ament_cmake' and name 'motor_driver'
[0.136s] Level 1:colcon.colcon_core.package_discovery:discover_packages(recursive) using defaults
[0.136s] Level 1:colcon.colcon_core.package_discovery:discover_packages(ignore) discover
[0.136s] Level 1:colcon.colcon_core.package_discovery:discover_packages(ignore) using defaults
[0.136s] Level 1:colcon.colcon_core.package_discovery:discover_packages(path) discover
[0.136s] Level 1:colcon.colcon_core.package_discovery:discover_packages(path) using defaults
[0.150s] Level 1:colcon.colcon_core.package_discovery:discover_packages(prefix_path) check parameters
[0.150s] Level 1:colcon.colcon_core.package_discovery:discover_packages(prefix_path) discover
[0.151s] DEBUG:colcon.colcon_installed_package_information.package_discovery:Found 2 installed packages in /home/ubuntu/Desktop/AK80_64/install
[0.152s] DEBUG:colcon.colcon_installed_package_information.package_discovery:Found 352 installed packages in /opt/ros/humble
[0.153s] Level 1:colcon.colcon_core.package_discovery:discover_packages(prefix_path) using defaults
[0.190s] Level 5:colcon.colcon_core.verb:set package 'can_interface' build argument 'cmake_args' from command line to 'None'
[0.191s] Level 5:colcon.colcon_core.verb:set package 'can_interface' build argument 'cmake_target' from command line to 'None'
[0.191s] Level 5:colcon.colcon_core.verb:set package 'can_interface' build argument 'cmake_target_skip_unavailable' from command line to 'False'
[0.191s] Level 5:colcon.colcon_core.verb:set package 'can_interface' build argument 'cmake_clean_cache' from command line to 'False'
[0.191s] Level 5:colcon.colcon_core.verb:set package 'can_interface' build argument 'cmake_clean_first' from command line to 'False'
[0.191s] Level 5:colcon.colcon_core.verb:set package 'can_interface' build argument 'cmake_force_configure' from command line to 'False'
[0.191s] Level 5:colcon.colcon_core.verb:set package 'can_interface' build argument 'ament_cmake_args' from command line to 'None'
[0.191s] Level 5:colcon.colcon_core.verb:set package 'can_interface' build argument 'catkin_cmake_args' from command line to 'None'
[0.191s] Level 5:colcon.colcon_core.verb:set package 'can_interface' build argument 'catkin_skip_building_tests' from command line to 'False'
[0.191s] DEBUG:colcon.colcon_core.verb:Building package 'can_interface' with the following arguments: {'ament_cmake_args': None, 'build_base': '/home/ubuntu/Desktop/AK80_64/build/can_interface', 'catkin_cmake_args': None, 'catkin_skip_building_tests': False, 'cmake_args': None, 'cmake_clean_cache': False, 'cmake_clean_first': False, 'cmake_force_configure': False, 'cmake_target': None, 'cmake_target_skip_unavailable': False, 'install_base': '/home/ubuntu/Desktop/AK80_64/install/can_interface', 'merge_install': False, 'path': '/home/ubuntu/Desktop/AK80_64/src/can_interface', 'symlink_install': False, 'test_result_base': None}
[0.191s] Level 5:colcon.colcon_core.verb:set package 'motor_driver' build argument 'cmake_args' from command line to 'None'
[0.191s] Level 5:colcon.colcon_core.verb:set package 'motor_driver' build argument 'cmake_target' from command line to 'None'
[0.191s] Level 5:colcon.colcon_core.verb:set package 'motor_driver' build argument 'cmake_target_skip_unavailable' from command line to 'False'
[0.191s] Level 5:colcon.colcon_core.verb:set package 'motor_driver' build argument 'cmake_clean_cache' from command line to 'False'
[0.191s] Level 5:colcon.colcon_core.verb:set package 'motor_driver' build argument 'cmake_clean_first' from command line to 'False'
[0.191s] Level 5:colcon.colcon_core.verb:set package 'motor_driver' build argument 'cmake_force_configure' from command line to 'False'
[0.191s] Level 5:colcon.colcon_core.verb:set package 'motor_driver' build argument 'ament_cmake_args' from command line to 'None'
[0.191s] Level 5:colcon.colcon_core.verb:set package 'motor_driver' build argument 'catkin_cmake_args' from command line to 'None'
[0.191s] Level 5:colcon.colcon_core.verb:set package 'motor_driver' build argument 'catkin_skip_building_tests' from command line to 'False'
[0.191s] DEBUG:colcon.colcon_core.verb:Building package 'motor_driver' with the following arguments: {'ament_cmake_args': None, 'build_base': '/home/ubuntu/Desktop/AK80_64/build/motor_driver', 'catkin_cmake_args': None, 'catkin_skip_building_tests': False, 'cmake_args': None, 'cmake_clean_cache': False, 'cmake_clean_first': False, 'cmake_force_configure': False, 'cmake_target': None, 'cmake_target_skip_unavailable': False, 'install_base': '/home/ubuntu/Desktop/AK80_64/install/motor_driver', 'merge_install': False, 'path': '/home/ubuntu/Desktop/AK80_64/src/motor_driver', 'symlink_install': False, 'test_result_base': None}
[0.191s] INFO:colcon.colcon_core.executor:Executing jobs using 'parallel' executor
[0.192s] DEBUG:colcon.colcon_parallel_executor.executor.parallel:run_until_complete
[0.192s] INFO:colcon.colcon_ros.task.ament_cmake.build:Building ROS package in '/home/ubuntu/Desktop/AK80_64/src/can_interface' with build type 'ament_cmake'
[0.192s] INFO:colcon.colcon_cmake.task.cmake.build:Building CMake package in '/home/ubuntu/Desktop/AK80_64/src/can_interface'
[0.194s] INFO:colcon.colcon_core.plugin_system:Skipping extension 'colcon_core.shell.bat': Not used on non-Windows systems
[0.194s] INFO:colcon.colcon_core.shell:Skip shell extension 'powershell' for command environment: Not usable outside of PowerShell
[0.194s] DEBUG:colcon.colcon_core.shell:Skip shell extension 'dsv' for command environment
[0.200s] DEBUG:colcon.colcon_core.event_handler.log_command:Invoking command in '/home/ubuntu/Desktop/AK80_64/build/can_interface': CMAKE_PREFIX_PATH=${CMAKE_PREFIX_PATH}:/opt/ros/humble /usr/bin/cmake --build /home/ubuntu/Desktop/AK80_64/build/can_interface -- -j8 -l8
[0.240s] DEBUG:colcon.colcon_core.event_handler.log_command:Invoked command in '/home/ubuntu/Desktop/AK80_64/build/can_interface' returned '0': CMAKE_PREFIX_PATH=${CMAKE_PREFIX_PATH}:/opt/ros/humble /usr/bin/cmake --build /home/ubuntu/Desktop/AK80_64/build/can_interface -- -j8 -l8
[0.247s] DEBUG:colcon.colcon_core.event_handler.log_command:Invoking command in '/home/ubuntu/Desktop/AK80_64/build/can_interface': CMAKE_PREFIX_PATH=${CMAKE_PREFIX_PATH}:/opt/ros/humble /usr/bin/cmake --install /home/ubuntu/Desktop/AK80_64/build/can_interface
[0.254s] Level 1:colcon.colcon_core.environment:create_environment_scripts_only(can_interface)
[0.254s] DEBUG:colcon.colcon_core.event_handler.log_command:Invoked command in '/home/ubuntu/Desktop/AK80_64/build/can_interface' returned '0': CMAKE_PREFIX_PATH=${CMAKE_PREFIX_PATH}:/opt/ros/humble /usr/bin/cmake --install /home/ubuntu/Desktop/AK80_64/build/can_interface
[0.255s] Level 1:colcon.colcon_core.environment:checking '/home/ubuntu/Desktop/AK80_64/install/can_interface' for CMake module files
[0.256s] Level 1:colcon.colcon_core.environment:checking '/home/ubuntu/Desktop/AK80_64/install/can_interface' for CMake config files
[0.256s] Level 1:colcon.colcon_core.shell:create_environment_hook('can_interface', 'cmake_prefix_path')
[0.256s] INFO:colcon.colcon_core.shell:Creating environment hook '/home/ubuntu/Desktop/AK80_64/install/can_interface/share/can_interface/hook/cmake_prefix_path.ps1'
[0.256s] INFO:colcon.colcon_core.shell:Creating environment descriptor '/home/ubuntu/Desktop/AK80_64/install/can_interface/share/can_interface/hook/cmake_prefix_path.dsv'
[0.257s] INFO:colcon.colcon_core.shell:Creating environment hook '/home/ubuntu/Desktop/AK80_64/install/can_interface/share/can_interface/hook/cmake_prefix_path.sh'
[0.257s] Level 1:colcon.colcon_core.environment:checking '/home/ubuntu/Desktop/AK80_64/install/can_interface/lib'
[0.258s] Level 1:colcon.colcon_core.shell:create_environment_hook('can_interface', 'ld_library_path_lib')
[0.258s] INFO:colcon.colcon_core.shell:Creating environment hook '/home/ubuntu/Desktop/AK80_64/install/can_interface/share/can_interface/hook/ld_library_path_lib.ps1'
[0.258s] INFO:colcon.colcon_core.shell:Creating environment descriptor '/home/ubuntu/Desktop/AK80_64/install/can_interface/share/can_interface/hook/ld_library_path_lib.dsv'
[0.258s] INFO:colcon.colcon_core.shell:Creating environment hook '/home/ubuntu/Desktop/AK80_64/install/can_interface/share/can_interface/hook/ld_library_path_lib.sh'
[0.258s] Level 1:colcon.colcon_core.environment:checking '/home/ubuntu/Desktop/AK80_64/install/can_interface/bin'
[0.258s] Level 1:colcon.colcon_core.environment:checking '/home/ubuntu/Desktop/AK80_64/install/can_interface/lib/pkgconfig/can_interface.pc'
[0.259s] Level 1:colcon.colcon_core.environment:checking '/home/ubuntu/Desktop/AK80_64/install/can_interface/lib/python3.10/site-packages'
[0.259s] Level 1:colcon.colcon_core.environment:checking '/home/ubuntu/Desktop/AK80_64/install/can_interface/bin'
[0.259s] INFO:colcon.colcon_core.shell:Creating package script '/home/ubuntu/Desktop/AK80_64/install/can_interface/share/can_interface/package.ps1'
[0.259s] INFO:colcon.colcon_core.shell:Creating package descriptor '/home/ubuntu/Desktop/AK80_64/install/can_interface/share/can_interface/package.dsv'
[0.260s] INFO:colcon.colcon_core.shell:Creating package script '/home/ubuntu/Desktop/AK80_64/install/can_interface/share/can_interface/package.sh'
[0.260s] INFO:colcon.colcon_core.shell:Creating package script '/home/ubuntu/Desktop/AK80_64/install/can_interface/share/can_interface/package.bash'
[0.261s] INFO:colcon.colcon_core.shell:Creating package script '/home/ubuntu/Desktop/AK80_64/install/can_interface/share/can_interface/package.zsh'
[0.261s] Level 1:colcon.colcon_core.environment:create_file_with_runtime_dependencies(/home/ubuntu/Desktop/AK80_64/install/can_interface/share/colcon-core/packages/can_interface)
[0.261s] Level 1:colcon.colcon_core.environment:create_environment_scripts_only(can_interface)
[0.262s] Level 1:colcon.colcon_core.environment:checking '/home/ubuntu/Desktop/AK80_64/install/can_interface' for CMake module files
[0.262s] Level 1:colcon.colcon_core.environment:checking '/home/ubuntu/Desktop/AK80_64/install/can_interface' for CMake config files
[0.262s] Level 1:colcon.colcon_core.shell:create_environment_hook('can_interface', 'cmake_prefix_path')
[0.262s] INFO:colcon.colcon_core.shell:Creating environment hook '/home/ubuntu/Desktop/AK80_64/install/can_interface/share/can_interface/hook/cmake_prefix_path.ps1'
[0.262s] INFO:colcon.colcon_core.shell:Creating environment descriptor '/home/ubuntu/Desktop/AK80_64/install/can_interface/share/can_interface/hook/cmake_prefix_path.dsv'
[0.263s] INFO:colcon.colcon_core.shell:Creating environment hook '/home/ubuntu/Desktop/AK80_64/install/can_interface/share/can_interface/hook/cmake_prefix_path.sh'
[0.263s] Level 1:colcon.colcon_core.environment:checking '/home/ubuntu/Desktop/AK80_64/install/can_interface/lib'
[0.263s] Level 1:colcon.colcon_core.shell:create_environment_hook('can_interface', 'ld_library_path_lib')
[0.263s] INFO:colcon.colcon_core.shell:Creating environment hook '/home/ubuntu/Desktop/AK80_64/install/can_interface/share/can_interface/hook/ld_library_path_lib.ps1'
[0.263s] INFO:colcon.colcon_core.shell:Creating environment descriptor '/home/ubuntu/Desktop/AK80_64/install/can_interface/share/can_interface/hook/ld_library_path_lib.dsv'
[0.264s] INFO:colcon.colcon_core.shell:Creating environment hook '/home/ubuntu/Desktop/AK80_64/install/can_interface/share/can_interface/hook/ld_library_path_lib.sh'
[0.264s] Level 1:colcon.colcon_core.environment:checking '/home/ubuntu/Desktop/AK80_64/install/can_interface/bin'
[0.264s] Level 1:colcon.colcon_core.environment:checking '/home/ubuntu/Desktop/AK80_64/install/can_interface/lib/pkgconfig/can_interface.pc'
[0.264s] Level 1:colcon.colcon_core.environment:checking '/home/ubuntu/Desktop/AK80_64/install/can_interface/lib/python3.10/site-packages'
[0.264s] Level 1:colcon.colcon_core.environment:checking '/home/ubuntu/Desktop/AK80_64/install/can_interface/bin'
[0.264s] INFO:colcon.colcon_core.shell:Creating package script '/home/ubuntu/Desktop/AK80_64/install/can_interface/share/can_interface/package.ps1'
[0.265s] INFO:colcon.colcon_core.shell:Creating package descriptor '/home/ubuntu/Desktop/AK80_64/install/can_interface/share/can_interface/package.dsv'
[0.265s] INFO:colcon.colcon_core.shell:Creating package script '/home/ubuntu/Desktop/AK80_64/install/can_interface/share/can_interface/package.sh'
[0.265s] INFO:colcon.colcon_core.shell:Creating package script '/home/ubuntu/Desktop/AK80_64/install/can_interface/share/can_interface/package.bash'
[0.265s] INFO:colcon.colcon_core.shell:Creating package script '/home/ubuntu/Desktop/AK80_64/install/can_interface/share/can_interface/package.zsh'
[0.266s] Level 1:colcon.colcon_core.environment:create_file_with_runtime_dependencies(/home/ubuntu/Desktop/AK80_64/install/can_interface/share/colcon-core/packages/can_interface)
[0.266s] INFO:colcon.colcon_ros.task.ament_cmake.build:Building ROS package in '/home/ubuntu/Desktop/AK80_64/src/motor_driver' with build type 'ament_cmake'
[0.266s] INFO:colcon.colcon_cmake.task.cmake.build:Building CMake package in '/home/ubuntu/Desktop/AK80_64/src/motor_driver'
[0.266s] INFO:colcon.colcon_core.shell:Skip shell extension 'powershell' for command environment: Not usable outside of PowerShell
[0.266s] DEBUG:colcon.colcon_core.shell:Skip shell extension 'dsv' for command environment
[0.273s] DEBUG:colcon.colcon_core.event_handler.log_command:Invoking command in '/home/ubuntu/Desktop/AK80_64/build/motor_driver': CMAKE_PREFIX_PATH=/home/ubuntu/Desktop/AK80_64/install/can_interface:/home/ubuntu/Desktop/AK80_64/install/motor_driver:/opt/ros/humble /usr/bin/cmake --build /home/ubuntu/Desktop/AK80_64/build/motor_driver -- -j8 -l8
[3.636s] DEBUG:colcon.colcon_core.event_handler.log_command:Invoked command in '/home/ubuntu/Desktop/AK80_64/build/motor_driver' returned '0': CMAKE_PREFIX_PATH=/home/ubuntu/Desktop/AK80_64/install/can_interface:/home/ubuntu/Desktop/AK80_64/install/motor_driver:/opt/ros/humble /usr/bin/cmake --build /home/ubuntu/Desktop/AK80_64/build/motor_driver -- -j8 -l8
[3.637s] DEBUG:colcon.colcon_core.event_handler.log_command:Invoking command in '/home/ubuntu/Desktop/AK80_64/build/motor_driver': CMAKE_PREFIX_PATH=/home/ubuntu/Desktop/AK80_64/install/can_interface:/home/ubuntu/Desktop/AK80_64/install/motor_driver:/opt/ros/humble /usr/bin/cmake --install /home/ubuntu/Desktop/AK80_64/build/motor_driver
[3.645s] Level 1:colcon.colcon_core.environment:create_environment_scripts_only(motor_driver)
[3.645s] Level 1:colcon.colcon_core.environment:checking '/home/ubuntu/Desktop/AK80_64/install/motor_driver' for CMake module files
[3.645s] DEBUG:colcon.colcon_core.event_handler.log_command:Invoked command in '/home/ubuntu/Desktop/AK80_64/build/motor_driver' returned '0': CMAKE_PREFIX_PATH=/home/ubuntu/Desktop/AK80_64/install/can_interface:/home/ubuntu/Desktop/AK80_64/install/motor_driver:/opt/ros/humble /usr/bin/cmake --install /home/ubuntu/Desktop/AK80_64/build/motor_driver
[3.646s] Level 1:colcon.colcon_core.environment:checking '/home/ubuntu/Desktop/AK80_64/install/motor_driver' for CMake config files
[3.646s] Level 1:colcon.colcon_core.shell:create_environment_hook('motor_driver', 'cmake_prefix_path')
[3.646s] INFO:colcon.colcon_core.shell:Creating environment hook '/home/ubuntu/Desktop/AK80_64/install/motor_driver/share/motor_driver/hook/cmake_prefix_path.ps1'
[3.646s] INFO:colcon.colcon_core.shell:Creating environment descriptor '/home/ubuntu/Desktop/AK80_64/install/motor_driver/share/motor_driver/hook/cmake_prefix_path.dsv'
[3.647s] INFO:colcon.colcon_core.shell:Creating environment hook '/home/ubuntu/Desktop/AK80_64/install/motor_driver/share/motor_driver/hook/cmake_prefix_path.sh'
[3.647s] Level 1:colcon.colcon_core.environment:checking '/home/ubuntu/Desktop/AK80_64/install/motor_driver/lib'
[3.647s] Level 1:colcon.colcon_core.environment:checking '/home/ubuntu/Desktop/AK80_64/install/motor_driver/bin'
[3.647s] Level 1:colcon.colcon_core.environment:checking '/home/ubuntu/Desktop/AK80_64/install/motor_driver/lib/pkgconfig/motor_driver.pc'
[3.647s] Level 1:colcon.colcon_core.environment:checking '/home/ubuntu/Desktop/AK80_64/install/motor_driver/lib/python3.10/site-packages'
[3.647s] Level 1:colcon.colcon_core.environment:checking '/home/ubuntu/Desktop/AK80_64/install/motor_driver/bin'
[3.648s] INFO:colcon.colcon_core.shell:Creating package script '/home/ubuntu/Desktop/AK80_64/install/motor_driver/share/motor_driver/package.ps1'
[3.648s] INFO:colcon.colcon_core.shell:Creating package descriptor '/home/ubuntu/Desktop/AK80_64/install/motor_driver/share/motor_driver/package.dsv'
[3.648s] INFO:colcon.colcon_core.shell:Creating package script '/home/ubuntu/Desktop/AK80_64/install/motor_driver/share/motor_driver/package.sh'
[3.648s] INFO:colcon.colcon_core.shell:Creating package script '/home/ubuntu/Desktop/AK80_64/install/motor_driver/share/motor_driver/package.bash'
[3.649s] INFO:colcon.colcon_core.shell:Creating package script '/home/ubuntu/Desktop/AK80_64/install/motor_driver/share/motor_driver/package.zsh'
[3.649s] Level 1:colcon.colcon_core.environment:create_file_with_runtime_dependencies(/home/ubuntu/Desktop/AK80_64/install/motor_driver/share/colcon-core/packages/motor_driver)
[3.649s] Level 1:colcon.colcon_core.environment:create_environment_scripts_only(motor_driver)
[3.649s] Level 1:colcon.colcon_core.environment:checking '/home/ubuntu/Desktop/AK80_64/install/motor_driver' for CMake module files
[3.650s] Level 1:colcon.colcon_core.environment:checking '/home/ubuntu/Desktop/AK80_64/install/motor_driver' for CMake config files
[3.650s] Level 1:colcon.colcon_core.shell:create_environment_hook('motor_driver', 'cmake_prefix_path')
[3.650s] INFO:colcon.colcon_core.shell:Creating environment hook '/home/ubuntu/Desktop/AK80_64/install/motor_driver/share/motor_driver/hook/cmake_prefix_path.ps1'
[3.650s] INFO:colcon.colcon_core.shell:Creating environment descriptor '/home/ubuntu/Desktop/AK80_64/install/motor_driver/share/motor_driver/hook/cmake_prefix_path.dsv'
[3.650s] INFO:colcon.colcon_core.shell:Creating environment hook '/home/ubuntu/Desktop/AK80_64/install/motor_driver/share/motor_driver/hook/cmake_prefix_path.sh'
[3.651s] Level 1:colcon.colcon_core.environment:checking '/home/ubuntu/Desktop/AK80_64/install/motor_driver/lib'
[3.651s] Level 1:colcon.colcon_core.environment:checking '/home/ubuntu/Desktop/AK80_64/install/motor_driver/bin'
[3.651s] Level 1:colcon.colcon_core.environment:checking '/home/ubuntu/Desktop/AK80_64/install/motor_driver/lib/pkgconfig/motor_driver.pc'
[3.651s] Level 1:colcon.colcon_core.environment:checking '/home/ubuntu/Desktop/AK80_64/install/motor_driver/lib/python3.10/site-packages'
[3.651s] Level 1:colcon.colcon_core.environment:checking '/home/ubuntu/Desktop/AK80_64/install/motor_driver/bin'
[3.651s] INFO:colcon.colcon_core.shell:Creating package script '/home/ubuntu/Desktop/AK80_64/install/motor_driver/share/motor_driver/package.ps1'
[3.651s] INFO:colcon.colcon_core.shell:Creating package descriptor '/home/ubuntu/Desktop/AK80_64/install/motor_driver/share/motor_driver/package.dsv'
[3.652s] INFO:colcon.colcon_core.shell:Creating package script '/home/ubuntu/Desktop/AK80_64/install/motor_driver/share/motor_driver/package.sh'
[3.652s] INFO:colcon.colcon_core.shell:Creating package script '/home/ubuntu/Desktop/AK80_64/install/motor_driver/share/motor_driver/package.bash'
[3.652s] INFO:colcon.colcon_core.shell:Creating package script '/home/ubuntu/Desktop/AK80_64/install/motor_driver/share/motor_driver/package.zsh'
[3.652s] Level 1:colcon.colcon_core.environment:create_file_with_runtime_dependencies(/home/ubuntu/Desktop/AK80_64/install/motor_driver/share/colcon-core/packages/motor_driver)
[3.653s] DEBUG:colcon.colcon_parallel_executor.executor.parallel:closing loop
[3.653s] DEBUG:colcon.colcon_parallel_executor.executor.parallel:loop closed
[3.653s] DEBUG:colcon.colcon_parallel_executor.executor.parallel:run_until_complete finished with '0'
[3.653s] DEBUG:colcon.colcon_core.event_reactor:joining thread
[3.656s] INFO:colcon.colcon_core.plugin_system:Skipping extension 'colcon_notification.desktop_notification.terminal_notifier': Not used on non-Darwin systems
[3.656s] INFO:colcon.colcon_core.plugin_system:Skipping extension 'colcon_notification.desktop_notification.win32': Not used on non-Windows systems
[3.657s] INFO:colcon.colcon_notification.desktop_notification:Sending desktop notification using 'notify2'
[3.664s] DEBUG:colcon.colcon_core.event_reactor:joined thread
[3.664s] INFO:colcon.colcon_core.shell:Creating prefix script '/home/ubuntu/Desktop/AK80_64/install/local_setup.ps1'
[3.665s] INFO:colcon.colcon_core.shell:Creating prefix util module '/home/ubuntu/Desktop/AK80_64/install/_local_setup_util_ps1.py'
[3.666s] INFO:colcon.colcon_core.shell:Creating prefix chain script '/home/ubuntu/Desktop/AK80_64/install/setup.ps1'
[3.666s] INFO:colcon.colcon_core.shell:Creating prefix script '/home/ubuntu/Desktop/AK80_64/install/local_setup.sh'
[3.667s] INFO:colcon.colcon_core.shell:Creating prefix util module '/home/ubuntu/Desktop/AK80_64/install/_local_setup_util_sh.py'
[3.667s] INFO:colcon.colcon_core.shell:Creating prefix chain script '/home/ubuntu/Desktop/AK80_64/install/setup.sh'
[3.668s] INFO:colcon.colcon_core.shell:Creating prefix script '/home/ubuntu/Desktop/AK80_64/install/local_setup.bash'
[3.668s] INFO:colcon.colcon_core.shell:Creating prefix chain script '/home/ubuntu/Desktop/AK80_64/install/setup.bash'
[3.669s] INFO:colcon.colcon_core.shell:Creating prefix script '/home/ubuntu/Desktop/AK80_64/install/local_setup.zsh'
[3.669s] INFO:colcon.colcon_core.shell:Creating prefix chain script '/home/ubuntu/Desktop/AK80_64/install/setup.zsh'
