-- Found ament_cmake: 1.3.11 (/opt/ros/humble/share/ament_cmake/cmake)
-- Found rclcpp: 16.0.12 (/opt/ros/humble/share/rclcpp/cmake)
-- Found rosidl_generator_c: 3.1.6 (/opt/ros/humble/share/rosidl_generator_c/cmake)
-- Found rosidl_adapter: 3.1.6 (/opt/ros/humble/share/rosidl_adapter/cmake)
-- Found rosidl_generator_cpp: 3.1.6 (/opt/ros/humble/share/rosidl_generator_cpp/cmake)
-- Using all available rosidl_typesupport_c: rosidl_typesupport_fastrtps_c;rosidl_typesupport_introspection_c
-- Using all available rosidl_typesupport_cpp: rosidl_typesupport_fastrtps_cpp;rosidl_typesupport_introspection_cpp
-- Found rmw_implementation_cmake: 6.1.2 (/opt/ros/humble/share/rmw_implementation_cmake/cmake)
-- Found rmw_cyclonedds_cpp: 1.3.4 (/opt/ros/humble/share/rmw_cyclonedds_cpp/cmake)
-- Using RMW implementation 'rmw_cyclonedds_cpp' as default
-- Found can_interface: 0.0.1 (/home/ubuntu/Desktop/AK_ws/install/can_interface/share/can_interface/cmake)
-- Configuring done
-- Generating done
-- Build files have been written to: /home/ubuntu/Desktop/AK_ws/build/motor_driver
[ 25%] [32mBuilding CXX object CMakeFiles/motor_control_node.dir/src/motor_control_node.cpp.o[0m
[ 50%] [32mBuilding CXX object CMakeFiles/motor_test_node.dir/src/motor_test_node.cpp.o[0m
[ 75%] [32m[1mLinking CXX executable motor_test_node[0m
[100%] [32m[1mLinking CXX executable motor_control_node[0m
[100%] Built target motor_test_node
[100%] Built target motor_control_node
-- Install configuration: ""
-- Installing: /home/ubuntu/Desktop/AK_ws/install/motor_driver/lib/motor_driver/motor_test_node
-- Set runtime path of "/home/ubuntu/Desktop/AK_ws/install/motor_driver/lib/motor_driver/motor_test_node" to ""
-- Installing: /home/ubuntu/Desktop/AK_ws/install/motor_driver/lib/motor_driver/motor_control_node
-- Set runtime path of "/home/ubuntu/Desktop/AK_ws/install/motor_driver/lib/motor_driver/motor_control_node" to ""
-- Installing: /home/ubuntu/Desktop/AK_ws/install/motor_driver/share/ament_index/resource_index/package_run_dependencies/motor_driver
-- Installing: /home/ubuntu/Desktop/AK_ws/install/motor_driver/share/ament_index/resource_index/parent_prefix_path/motor_driver
-- Installing: /home/ubuntu/Desktop/AK_ws/install/motor_driver/share/motor_driver/environment/ament_prefix_path.sh
-- Installing: /home/ubuntu/Desktop/AK_ws/install/motor_driver/share/motor_driver/environment/ament_prefix_path.dsv
-- Installing: /home/ubuntu/Desktop/AK_ws/install/motor_driver/share/motor_driver/environment/path.sh
-- Installing: /home/ubuntu/Desktop/AK_ws/install/motor_driver/share/motor_driver/environment/path.dsv
-- Installing: /home/ubuntu/Desktop/AK_ws/install/motor_driver/share/motor_driver/local_setup.bash
-- Installing: /home/ubuntu/Desktop/AK_ws/install/motor_driver/share/motor_driver/local_setup.sh
-- Installing: /home/ubuntu/Desktop/AK_ws/install/motor_driver/share/motor_driver/local_setup.zsh
-- Installing: /home/ubuntu/Desktop/AK_ws/install/motor_driver/share/motor_driver/local_setup.dsv
-- Installing: /home/ubuntu/Desktop/AK_ws/install/motor_driver/share/motor_driver/package.dsv
-- Installing: /home/ubuntu/Desktop/AK_ws/install/motor_driver/share/ament_index/resource_index/packages/motor_driver
-- Installing: /home/ubuntu/Desktop/AK_ws/install/motor_driver/share/motor_driver/cmake/motor_driverConfig.cmake
-- Installing: /home/ubuntu/Desktop/AK_ws/install/motor_driver/share/motor_driver/cmake/motor_driverConfig-version.cmake
-- Installing: /home/ubuntu/Desktop/AK_ws/install/motor_driver/share/motor_driver/package.xml
