[0.018s] Invoking command in '/home/ubuntu/Desktop/AK_ws/build/motor_driver': AMENT_PREFIX_PATH=/home/ubuntu/Desktop/AK_ws/install/can_interface:${AMENT_PREFIX_PATH} CMAKE_PREFIX_PATH=/home/ubuntu/Desktop/AK_ws/install/can_interface:/opt/ros/humble LD_LIBRARY_PATH=/home/ubuntu/Desktop/AK_ws/install/can_interface/lib:${LD_LIBRARY_PATH} /usr/bin/cmake /home/ubuntu/Desktop/AK_ws/src/motor_driver -DCMAKE_INSTALL_PREFIX=/home/ubuntu/Desktop/AK_ws/install/motor_driver
[0.039s] -- Found ament_cmake: 1.3.11 (/opt/ros/humble/share/ament_cmake/cmake)
[0.327s] -- Found rclcpp: 16.0.12 (/opt/ros/humble/share/rclcpp/cmake)
[0.385s] -- Found rosidl_generator_c: 3.1.6 (/opt/ros/humble/share/rosidl_generator_c/cmake)
[0.390s] -- Found rosidl_adapter: 3.1.6 (/opt/ros/humble/share/rosidl_adapter/cmake)
[0.405s] -- Found rosidl_generator_cpp: 3.1.6 (/opt/ros/humble/share/rosidl_generator_cpp/cmake)
[0.426s] -- Using all available rosidl_typesupport_c: rosidl_typesupport_fastrtps_c;rosidl_typesupport_introspection_c
[0.449s] -- Using all available rosidl_typesupport_cpp: rosidl_typesupport_fastrtps_cpp;rosidl_typesupport_introspection_cpp
[0.511s] -- Found rmw_implementation_cmake: 6.1.2 (/opt/ros/humble/share/rmw_implementation_cmake/cmake)
[0.513s] -- Found rmw_cyclonedds_cpp: 1.3.4 (/opt/ros/humble/share/rmw_cyclonedds_cpp/cmake)
[0.547s] -- Using RMW implementation 'rmw_cyclonedds_cpp' as default
[0.641s] -- Found can_interface: 0.0.1 (/home/ubuntu/Desktop/AK_ws/install/can_interface/share/can_interface/cmake)
[0.787s] -- Configuring done
[0.814s] -- Generating done
[0.824s] -- Build files have been written to: /home/ubuntu/Desktop/AK_ws/build/motor_driver
[0.837s] Invoked command in '/home/ubuntu/Desktop/AK_ws/build/motor_driver' returned '0': AMENT_PREFIX_PATH=/home/ubuntu/Desktop/AK_ws/install/can_interface:${AMENT_PREFIX_PATH} CMAKE_PREFIX_PATH=/home/ubuntu/Desktop/AK_ws/install/can_interface:/opt/ros/humble LD_LIBRARY_PATH=/home/ubuntu/Desktop/AK_ws/install/can_interface/lib:${LD_LIBRARY_PATH} /usr/bin/cmake /home/ubuntu/Desktop/AK_ws/src/motor_driver -DCMAKE_INSTALL_PREFIX=/home/ubuntu/Desktop/AK_ws/install/motor_driver
[0.839s] Invoking command in '/home/ubuntu/Desktop/AK_ws/build/motor_driver': AMENT_PREFIX_PATH=/home/ubuntu/Desktop/AK_ws/install/can_interface:${AMENT_PREFIX_PATH} CMAKE_PREFIX_PATH=/home/ubuntu/Desktop/AK_ws/install/can_interface:/opt/ros/humble LD_LIBRARY_PATH=/home/ubuntu/Desktop/AK_ws/install/can_interface/lib:${LD_LIBRARY_PATH} /usr/bin/cmake --build /home/ubuntu/Desktop/AK_ws/build/motor_driver -- -j8 -l8
[0.935s] [ 25%] [32mBuilding CXX object CMakeFiles/motor_control_node.dir/src/motor_control_node.cpp.o[0m
[0.937s] [ 50%] [32mBuilding CXX object CMakeFiles/motor_test_node.dir/src/motor_test_node.cpp.o[0m
[7.129s] [ 75%] [32m[1mLinking CXX executable motor_test_node[0m
[7.213s] [100%] [32m[1mLinking CXX executable motor_control_node[0m
[7.439s] [100%] Built target motor_test_node
[7.512s] [100%] Built target motor_control_node
[7.531s] Invoked command in '/home/ubuntu/Desktop/AK_ws/build/motor_driver' returned '0': AMENT_PREFIX_PATH=/home/ubuntu/Desktop/AK_ws/install/can_interface:${AMENT_PREFIX_PATH} CMAKE_PREFIX_PATH=/home/ubuntu/Desktop/AK_ws/install/can_interface:/opt/ros/humble LD_LIBRARY_PATH=/home/ubuntu/Desktop/AK_ws/install/can_interface/lib:${LD_LIBRARY_PATH} /usr/bin/cmake --build /home/ubuntu/Desktop/AK_ws/build/motor_driver -- -j8 -l8
[7.534s] Invoking command in '/home/ubuntu/Desktop/AK_ws/build/motor_driver': AMENT_PREFIX_PATH=/home/ubuntu/Desktop/AK_ws/install/can_interface:${AMENT_PREFIX_PATH} CMAKE_PREFIX_PATH=/home/ubuntu/Desktop/AK_ws/install/can_interface:/opt/ros/humble LD_LIBRARY_PATH=/home/ubuntu/Desktop/AK_ws/install/can_interface/lib:${LD_LIBRARY_PATH} /usr/bin/cmake --install /home/ubuntu/Desktop/AK_ws/build/motor_driver
[7.547s] -- Install configuration: ""
[7.548s] -- Installing: /home/ubuntu/Desktop/AK_ws/install/motor_driver/lib/motor_driver/motor_test_node
[7.548s] -- Set runtime path of "/home/ubuntu/Desktop/AK_ws/install/motor_driver/lib/motor_driver/motor_test_node" to ""
[7.549s] -- Installing: /home/ubuntu/Desktop/AK_ws/install/motor_driver/lib/motor_driver/motor_control_node
[7.549s] -- Set runtime path of "/home/ubuntu/Desktop/AK_ws/install/motor_driver/lib/motor_driver/motor_control_node" to ""
[7.549s] -- Installing: /home/ubuntu/Desktop/AK_ws/install/motor_driver/share/ament_index/resource_index/package_run_dependencies/motor_driver
[7.550s] -- Installing: /home/ubuntu/Desktop/AK_ws/install/motor_driver/share/ament_index/resource_index/parent_prefix_path/motor_driver
[7.550s] -- Installing: /home/ubuntu/Desktop/AK_ws/install/motor_driver/share/motor_driver/environment/ament_prefix_path.sh
[7.550s] -- Installing: /home/ubuntu/Desktop/AK_ws/install/motor_driver/share/motor_driver/environment/ament_prefix_path.dsv
[7.551s] -- Installing: /home/ubuntu/Desktop/AK_ws/install/motor_driver/share/motor_driver/environment/path.sh
[7.551s] -- Installing: /home/ubuntu/Desktop/AK_ws/install/motor_driver/share/motor_driver/environment/path.dsv
[7.551s] -- Installing: /home/ubuntu/Desktop/AK_ws/install/motor_driver/share/motor_driver/local_setup.bash
[7.551s] -- Installing: /home/ubuntu/Desktop/AK_ws/install/motor_driver/share/motor_driver/local_setup.sh
[7.552s] -- Installing: /home/ubuntu/Desktop/AK_ws/install/motor_driver/share/motor_driver/local_setup.zsh
[7.552s] -- Installing: /home/ubuntu/Desktop/AK_ws/install/motor_driver/share/motor_driver/local_setup.dsv
[7.552s] -- Installing: /home/ubuntu/Desktop/AK_ws/install/motor_driver/share/motor_driver/package.dsv
[7.552s] -- Installing: /home/ubuntu/Desktop/AK_ws/install/motor_driver/share/ament_index/resource_index/packages/motor_driver
[7.553s] -- Installing: /home/ubuntu/Desktop/AK_ws/install/motor_driver/share/motor_driver/cmake/motor_driverConfig.cmake
[7.553s] -- Installing: /home/ubuntu/Desktop/AK_ws/install/motor_driver/share/motor_driver/cmake/motor_driverConfig-version.cmake
[7.553s] -- Installing: /home/ubuntu/Desktop/AK_ws/install/motor_driver/share/motor_driver/package.xml
[7.557s] Invoked command in '/home/ubuntu/Desktop/AK_ws/build/motor_driver' returned '0': AMENT_PREFIX_PATH=/home/ubuntu/Desktop/AK_ws/install/can_interface:${AMENT_PREFIX_PATH} CMAKE_PREFIX_PATH=/home/ubuntu/Desktop/AK_ws/install/can_interface:/opt/ros/humble LD_LIBRARY_PATH=/home/ubuntu/Desktop/AK_ws/install/can_interface/lib:${LD_LIBRARY_PATH} /usr/bin/cmake --install /home/ubuntu/Desktop/AK_ws/build/motor_driver
