[0.007s] Invoking command in '/home/ubuntu/Desktop/Ak8064_TEST/build/motor_driver': AMENT_PREFIX_PATH=/home/ubuntu/Desktop/Ak8064_TEST/install/can_interface:${AMENT_PREFIX_PATH} CMAKE_PREFIX_PATH=/home/ubuntu/Desktop/Ak8064_TEST/install/can_interface:/opt/ros/humble LD_LIBRARY_PATH=/home/ubuntu/Desktop/Ak8064_TEST/install/can_interface/lib:${LD_LIBRARY_PATH} /usr/bin/cmake --build /home/ubuntu/Desktop/Ak8064_TEST/build/motor_driver -- -j8 -l8
[0.062s] [35m[1mConsolidate compiler generated dependencies of target Test[0m
[0.084s] [ 20%] Built target SetOMotor
[0.086s] [ 40%] Built target TestMes
[0.086s] [ 60%] Built target RPMTest
[0.090s] [ 80%] Built target ControlMotor
[0.092s] [ 90%] [32mBuilding CXX object CMakeFiles/Test.dir/src/22_5_Test.cpp.o[0m
[8.099s] [100%] [32m[1mLinking CXX executable Test[0m
[8.588s] [100%] Built target Test
[8.598s] Invoked command in '/home/ubuntu/Desktop/Ak8064_TEST/build/motor_driver' returned '0': AMENT_PREFIX_PATH=/home/ubuntu/Desktop/Ak8064_TEST/install/can_interface:${AMENT_PREFIX_PATH} CMAKE_PREFIX_PATH=/home/ubuntu/Desktop/Ak8064_TEST/install/can_interface:/opt/ros/humble LD_LIBRARY_PATH=/home/ubuntu/Desktop/Ak8064_TEST/install/can_interface/lib:${LD_LIBRARY_PATH} /usr/bin/cmake --build /home/ubuntu/Desktop/Ak8064_TEST/build/motor_driver -- -j8 -l8
[8.599s] Invoking command in '/home/ubuntu/Desktop/Ak8064_TEST/build/motor_driver': AMENT_PREFIX_PATH=/home/ubuntu/Desktop/Ak8064_TEST/install/can_interface:${AMENT_PREFIX_PATH} CMAKE_PREFIX_PATH=/home/ubuntu/Desktop/Ak8064_TEST/install/can_interface:/opt/ros/humble LD_LIBRARY_PATH=/home/ubuntu/Desktop/Ak8064_TEST/install/can_interface/lib:${LD_LIBRARY_PATH} /usr/bin/cmake --install /home/ubuntu/Desktop/Ak8064_TEST/build/motor_driver
[8.605s] -- Install configuration: ""
[8.605s] -- Up-to-date: /home/ubuntu/Desktop/Ak8064_TEST/install/motor_driver/lib/motor_driver/SetOMotor
[8.605s] -- Up-to-date: /home/ubuntu/Desktop/Ak8064_TEST/install/motor_driver/lib/motor_driver/ControlMotor
[8.606s] -- Installing: /home/ubuntu/Desktop/Ak8064_TEST/install/motor_driver/lib/motor_driver/Test
[8.611s] -- Set runtime path of "/home/ubuntu/Desktop/Ak8064_TEST/install/motor_driver/lib/motor_driver/Test" to ""
[8.611s] -- Up-to-date: /home/ubuntu/Desktop/Ak8064_TEST/install/motor_driver/lib/motor_driver/TestMes
[8.612s] -- Up-to-date: /home/ubuntu/Desktop/Ak8064_TEST/install/motor_driver/lib/motor_driver/RPMTest
[8.612s] -- Up-to-date: /home/ubuntu/Desktop/Ak8064_TEST/install/motor_driver/share/motor_driver//config
[8.612s] -- Up-to-date: /home/ubuntu/Desktop/Ak8064_TEST/install/motor_driver/share/motor_driver//config/exercise1_params.yaml
[8.612s] -- Up-to-date: /home/ubuntu/Desktop/Ak8064_TEST/install/motor_driver/share/motor_driver//config/exercise2_params.yaml
[8.612s] -- Up-to-date: /home/ubuntu/Desktop/Ak8064_TEST/install/motor_driver/share/motor_driver//launch
[8.613s] -- Up-to-date: /home/ubuntu/Desktop/Ak8064_TEST/install/motor_driver/share/motor_driver//launch/motor_control.launch.py
[8.613s] -- Up-to-date: /home/ubuntu/Desktop/Ak8064_TEST/install/motor_driver/lib/motor_driver/set_params_gui.py
[8.613s] -- Up-to-date: /home/ubuntu/Desktop/Ak8064_TEST/install/motor_driver/lib/motor_driver/GUI_TEST.py
[8.613s] -- Up-to-date: /home/ubuntu/Desktop/Ak8064_TEST/install/motor_driver/lib/motor_driver/TurnOn.sh
[8.613s] -- Up-to-date: /home/ubuntu/Desktop/Ak8064_TEST/install/motor_driver/share/motor_driver/config/exercise1_params.yaml
[8.613s] -- Up-to-date: /home/ubuntu/Desktop/Ak8064_TEST/install/motor_driver/share/motor_driver/config/exercise2_params.yaml
[8.613s] -- Up-to-date: /home/ubuntu/Desktop/Ak8064_TEST/install/motor_driver/share/ament_index/resource_index/package_run_dependencies/motor_driver
[8.613s] -- Up-to-date: /home/ubuntu/Desktop/Ak8064_TEST/install/motor_driver/share/ament_index/resource_index/parent_prefix_path/motor_driver
[8.613s] -- Up-to-date: /home/ubuntu/Desktop/Ak8064_TEST/install/motor_driver/share/motor_driver/environment/ament_prefix_path.sh
[8.613s] -- Up-to-date: /home/ubuntu/Desktop/Ak8064_TEST/install/motor_driver/share/motor_driver/environment/ament_prefix_path.dsv
[8.613s] -- Up-to-date: /home/ubuntu/Desktop/Ak8064_TEST/install/motor_driver/share/motor_driver/environment/path.sh
[8.614s] -- Up-to-date: /home/ubuntu/Desktop/Ak8064_TEST/install/motor_driver/share/motor_driver/environment/path.dsv
[8.614s] -- Up-to-date: /home/ubuntu/Desktop/Ak8064_TEST/install/motor_driver/share/motor_driver/local_setup.bash
[8.614s] -- Up-to-date: /home/ubuntu/Desktop/Ak8064_TEST/install/motor_driver/share/motor_driver/local_setup.sh
[8.614s] -- Up-to-date: /home/ubuntu/Desktop/Ak8064_TEST/install/motor_driver/share/motor_driver/local_setup.zsh
[8.614s] -- Up-to-date: /home/ubuntu/Desktop/Ak8064_TEST/install/motor_driver/share/motor_driver/local_setup.dsv
[8.614s] -- Installing: /home/ubuntu/Desktop/Ak8064_TEST/install/motor_driver/share/motor_driver/package.dsv
[8.614s] -- Up-to-date: /home/ubuntu/Desktop/Ak8064_TEST/install/motor_driver/share/ament_index/resource_index/packages/motor_driver
[8.614s] -- Up-to-date: /home/ubuntu/Desktop/Ak8064_TEST/install/motor_driver/share/motor_driver/cmake/motor_driverConfig.cmake
[8.614s] -- Up-to-date: /home/ubuntu/Desktop/Ak8064_TEST/install/motor_driver/share/motor_driver/cmake/motor_driverConfig-version.cmake
[8.614s] -- Up-to-date: /home/ubuntu/Desktop/Ak8064_TEST/install/motor_driver/share/motor_driver/package.xml
[8.616s] Invoked command in '/home/ubuntu/Desktop/Ak8064_TEST/build/motor_driver' returned '0': AMENT_PREFIX_PATH=/home/ubuntu/Desktop/Ak8064_TEST/install/can_interface:${AMENT_PREFIX_PATH} CMAKE_PREFIX_PATH=/home/ubuntu/Desktop/Ak8064_TEST/install/can_interface:/opt/ros/humble LD_LIBRARY_PATH=/home/ubuntu/Desktop/Ak8064_TEST/install/can_interface/lib:${LD_LIBRARY_PATH} /usr/bin/cmake --install /home/ubuntu/Desktop/Ak8064_TEST/build/motor_driver
