[0.091s] DEBUG:colcon:Command line arguments: ['/usr/bin/colcon', 'build']
[0.091s] DEBUG:colcon:Parsed command line arguments: Namespace(log_base=None, log_level=None, verb_name='build', build_base='build', install_base='install', merge_install=False, symlink_install=False, test_result_base=None, continue_on_error=False, executor='parallel', parallel_workers=8, event_handlers=None, ignore_user_meta=False, metas=['./colcon.meta'], base_paths=['.'], packages_ignore=None, packages_ignore_regex=None, paths=None, packages_up_to=None, packages_up_to_regex=None, packages_above=None, packages_above_and_dependencies=None, packages_above_depth=None, packages_select_by_dep=None, packages_skip_by_dep=None, packages_skip_up_to=None, packages_select_build_failed=False, packages_skip_build_finished=False, packages_select_test_failures=False, packages_skip_test_passed=False, packages_select=None, packages_skip=None, packages_select_regex=None, packages_skip_regex=None, packages_start=None, packages_end=None, allow_overriding=[], cmake_args=None, cmake_target=None, cmake_target_skip_unavailable=False, cmake_clean_cache=False, cmake_clean_first=False, cmake_force_configure=False, ament_cmake_args=None, catkin_cmake_args=None, catkin_skip_building_tests=False, mixin_files=None, mixin=None, verb_parser=<colcon_mixin.mixin.mixin_argument.MixinArgumentDecorator object at 0x73155378c580>, verb_extension=<colcon_core.verb.build.BuildVerb object at 0x73155375bee0>, main=<bound method BuildVerb.main of <colcon_core.verb.build.BuildVerb object at 0x73155375bee0>>, mixin_verb=('build',))
[0.139s] Level 1:colcon.colcon_core.package_discovery:discover_packages(colcon_meta) check parameters
[0.139s] Level 1:colcon.colcon_core.package_discovery:discover_packages(recursive) check parameters
[0.139s] Level 1:colcon.colcon_core.package_discovery:discover_packages(ignore) check parameters
[0.139s] Level 1:colcon.colcon_core.package_discovery:discover_packages(path) check parameters
[0.139s] Level 1:colcon.colcon_core.package_discovery:discover_packages(colcon_meta) discover
[0.139s] Level 1:colcon.colcon_core.package_discovery:discover_packages(recursive) discover
[0.139s] INFO:colcon.colcon_core.package_discovery:Crawling recursively for packages in '/home/ubuntu/Desktop/Ak8064_TEST'
[0.139s] Level 1:colcon.colcon_core.package_identification:_identify(.) by extensions ['ignore', 'ignore_ament_install']
[0.140s] Level 1:colcon.colcon_core.package_identification:_identify(.) by extension 'ignore'
[0.140s] Level 1:colcon.colcon_core.package_identification:_identify(.) by extension 'ignore_ament_install'
[0.140s] Level 1:colcon.colcon_core.package_identification:_identify(.) by extensions ['colcon_pkg']
[0.140s] Level 1:colcon.colcon_core.package_identification:_identify(.) by extension 'colcon_pkg'
[0.140s] Level 1:colcon.colcon_core.package_identification:_identify(.) by extensions ['colcon_meta']
[0.140s] Level 1:colcon.colcon_core.package_identification:_identify(.) by extension 'colcon_meta'
[0.140s] Level 1:colcon.colcon_core.package_identification:_identify(.) by extensions ['ros']
[0.140s] Level 1:colcon.colcon_core.package_identification:_identify(.) by extension 'ros'
[0.149s] Level 1:colcon.colcon_core.package_identification:_identify(.) by extensions ['cmake', 'python']
[0.149s] Level 1:colcon.colcon_core.package_identification:_identify(.) by extension 'cmake'
[0.149s] Level 1:colcon.colcon_core.package_identification:_identify(.) by extension 'python'
[0.149s] Level 1:colcon.colcon_core.package_identification:_identify(.) by extensions ['python_setup_py']
[0.149s] Level 1:colcon.colcon_core.package_identification:_identify(.) by extension 'python_setup_py'
[0.150s] Level 1:colcon.colcon_core.package_identification:_identify(build) by extensions ['ignore', 'ignore_ament_install']
[0.150s] Level 1:colcon.colcon_core.package_identification:_identify(build) by extension 'ignore'
[0.150s] Level 1:colcon.colcon_core.package_identification:_identify(build) ignored
[0.150s] Level 1:colcon.colcon_core.package_identification:_identify(install) by extensions ['ignore', 'ignore_ament_install']
[0.150s] Level 1:colcon.colcon_core.package_identification:_identify(install) by extension 'ignore'
[0.150s] Level 1:colcon.colcon_core.package_identification:_identify(install) ignored
[0.150s] Level 1:colcon.colcon_core.package_identification:_identify(log) by extensions ['ignore', 'ignore_ament_install']
[0.150s] Level 1:colcon.colcon_core.package_identification:_identify(log) by extension 'ignore'
[0.150s] Level 1:colcon.colcon_core.package_identification:_identify(log) ignored
[0.150s] Level 1:colcon.colcon_core.package_identification:_identify(src) by extensions ['ignore', 'ignore_ament_install']
[0.150s] Level 1:colcon.colcon_core.package_identification:_identify(src) by extension 'ignore'
[0.150s] Level 1:colcon.colcon_core.package_identification:_identify(src) by extension 'ignore_ament_install'
[0.150s] Level 1:colcon.colcon_core.package_identification:_identify(src) by extensions ['colcon_pkg']
[0.150s] Level 1:colcon.colcon_core.package_identification:_identify(src) by extension 'colcon_pkg'
[0.150s] Level 1:colcon.colcon_core.package_identification:_identify(src) by extensions ['colcon_meta']
[0.150s] Level 1:colcon.colcon_core.package_identification:_identify(src) by extension 'colcon_meta'
[0.150s] Level 1:colcon.colcon_core.package_identification:_identify(src) by extensions ['ros']
[0.150s] Level 1:colcon.colcon_core.package_identification:_identify(src) by extension 'ros'
[0.150s] Level 1:colcon.colcon_core.package_identification:_identify(src) by extensions ['cmake', 'python']
[0.150s] Level 1:colcon.colcon_core.package_identification:_identify(src) by extension 'cmake'
[0.150s] Level 1:colcon.colcon_core.package_identification:_identify(src) by extension 'python'
[0.150s] Level 1:colcon.colcon_core.package_identification:_identify(src) by extensions ['python_setup_py']
[0.150s] Level 1:colcon.colcon_core.package_identification:_identify(src) by extension 'python_setup_py'
[0.150s] Level 1:colcon.colcon_core.package_identification:_identify(src/can_interface) by extensions ['ignore', 'ignore_ament_install']
[0.151s] Level 1:colcon.colcon_core.package_identification:_identify(src/can_interface) by extension 'ignore'
[0.151s] Level 1:colcon.colcon_core.package_identification:_identify(src/can_interface) by extension 'ignore_ament_install'
[0.151s] Level 1:colcon.colcon_core.package_identification:_identify(src/can_interface) by extensions ['colcon_pkg']
[0.151s] Level 1:colcon.colcon_core.package_identification:_identify(src/can_interface) by extension 'colcon_pkg'
[0.151s] Level 1:colcon.colcon_core.package_identification:_identify(src/can_interface) by extensions ['colcon_meta']
[0.151s] Level 1:colcon.colcon_core.package_identification:_identify(src/can_interface) by extension 'colcon_meta'
[0.151s] Level 1:colcon.colcon_core.package_identification:_identify(src/can_interface) by extensions ['ros']
[0.151s] Level 1:colcon.colcon_core.package_identification:_identify(src/can_interface) by extension 'ros'
[0.152s] DEBUG:colcon.colcon_core.package_identification:Package 'src/can_interface' with type 'ros.ament_cmake' and name 'can_interface'
[0.152s] Level 1:colcon.colcon_core.package_identification:_identify(src/motor_driver) by extensions ['ignore', 'ignore_ament_install']
[0.152s] Level 1:colcon.colcon_core.package_identification:_identify(src/motor_driver) by extension 'ignore'
[0.152s] Level 1:colcon.colcon_core.package_identification:_identify(src/motor_driver) by extension 'ignore_ament_install'
[0.152s] Level 1:colcon.colcon_core.package_identification:_identify(src/motor_driver) by extensions ['colcon_pkg']
[0.153s] Level 1:colcon.colcon_core.package_identification:_identify(src/motor_driver) by extension 'colcon_pkg'
[0.153s] Level 1:colcon.colcon_core.package_identification:_identify(src/motor_driver) by extensions ['colcon_meta']
[0.153s] Level 1:colcon.colcon_core.package_identification:_identify(src/motor_driver) by extension 'colcon_meta'
[0.153s] Level 1:colcon.colcon_core.package_identification:_identify(src/motor_driver) by extensions ['ros']
[0.153s] Level 1:colcon.colcon_core.package_identification:_identify(src/motor_driver) by extension 'ros'
[0.153s] DEBUG:colcon.colcon_core.package_identification:Package 'src/motor_driver' with type 'ros.ament_cmake' and name 'motor_driver'
[0.153s] Level 1:colcon.colcon_core.package_discovery:discover_packages(recursive) using defaults
[0.153s] Level 1:colcon.colcon_core.package_discovery:discover_packages(ignore) discover
[0.153s] Level 1:colcon.colcon_core.package_discovery:discover_packages(ignore) using defaults
[0.153s] Level 1:colcon.colcon_core.package_discovery:discover_packages(path) discover
[0.154s] Level 1:colcon.colcon_core.package_discovery:discover_packages(path) using defaults
[0.168s] Level 1:colcon.colcon_core.package_discovery:discover_packages(prefix_path) check parameters
[0.168s] Level 1:colcon.colcon_core.package_discovery:discover_packages(prefix_path) discover
[0.170s] DEBUG:colcon.colcon_installed_package_information.package_discovery:Found 352 installed packages in /opt/ros/humble
[0.171s] Level 1:colcon.colcon_core.package_discovery:discover_packages(prefix_path) using defaults
[0.208s] Level 5:colcon.colcon_core.verb:set package 'can_interface' build argument 'cmake_args' from command line to 'None'
[0.208s] Level 5:colcon.colcon_core.verb:set package 'can_interface' build argument 'cmake_target' from command line to 'None'
[0.208s] Level 5:colcon.colcon_core.verb:set package 'can_interface' build argument 'cmake_target_skip_unavailable' from command line to 'False'
[0.208s] Level 5:colcon.colcon_core.verb:set package 'can_interface' build argument 'cmake_clean_cache' from command line to 'False'
[0.208s] Level 5:colcon.colcon_core.verb:set package 'can_interface' build argument 'cmake_clean_first' from command line to 'False'
[0.208s] Level 5:colcon.colcon_core.verb:set package 'can_interface' build argument 'cmake_force_configure' from command line to 'False'
[0.208s] Level 5:colcon.colcon_core.verb:set package 'can_interface' build argument 'ament_cmake_args' from command line to 'None'
[0.208s] Level 5:colcon.colcon_core.verb:set package 'can_interface' build argument 'catkin_cmake_args' from command line to 'None'
[0.208s] Level 5:colcon.colcon_core.verb:set package 'can_interface' build argument 'catkin_skip_building_tests' from command line to 'False'
[0.208s] DEBUG:colcon.colcon_core.verb:Building package 'can_interface' with the following arguments: {'ament_cmake_args': None, 'build_base': '/home/ubuntu/Desktop/Ak8064_TEST/build/can_interface', 'catkin_cmake_args': None, 'catkin_skip_building_tests': False, 'cmake_args': None, 'cmake_clean_cache': False, 'cmake_clean_first': False, 'cmake_force_configure': False, 'cmake_target': None, 'cmake_target_skip_unavailable': False, 'install_base': '/home/ubuntu/Desktop/Ak8064_TEST/install/can_interface', 'merge_install': False, 'path': '/home/ubuntu/Desktop/Ak8064_TEST/src/can_interface', 'symlink_install': False, 'test_result_base': None}
[0.208s] Level 5:colcon.colcon_core.verb:set package 'motor_driver' build argument 'cmake_args' from command line to 'None'
[0.208s] Level 5:colcon.colcon_core.verb:set package 'motor_driver' build argument 'cmake_target' from command line to 'None'
[0.208s] Level 5:colcon.colcon_core.verb:set package 'motor_driver' build argument 'cmake_target_skip_unavailable' from command line to 'False'
[0.208s] Level 5:colcon.colcon_core.verb:set package 'motor_driver' build argument 'cmake_clean_cache' from command line to 'False'
[0.208s] Level 5:colcon.colcon_core.verb:set package 'motor_driver' build argument 'cmake_clean_first' from command line to 'False'
[0.208s] Level 5:colcon.colcon_core.verb:set package 'motor_driver' build argument 'cmake_force_configure' from command line to 'False'
[0.208s] Level 5:colcon.colcon_core.verb:set package 'motor_driver' build argument 'ament_cmake_args' from command line to 'None'
[0.208s] Level 5:colcon.colcon_core.verb:set package 'motor_driver' build argument 'catkin_cmake_args' from command line to 'None'
[0.208s] Level 5:colcon.colcon_core.verb:set package 'motor_driver' build argument 'catkin_skip_building_tests' from command line to 'False'
[0.208s] DEBUG:colcon.colcon_core.verb:Building package 'motor_driver' with the following arguments: {'ament_cmake_args': None, 'build_base': '/home/ubuntu/Desktop/Ak8064_TEST/build/motor_driver', 'catkin_cmake_args': None, 'catkin_skip_building_tests': False, 'cmake_args': None, 'cmake_clean_cache': False, 'cmake_clean_first': False, 'cmake_force_configure': False, 'cmake_target': None, 'cmake_target_skip_unavailable': False, 'install_base': '/home/ubuntu/Desktop/Ak8064_TEST/install/motor_driver', 'merge_install': False, 'path': '/home/ubuntu/Desktop/Ak8064_TEST/src/motor_driver', 'symlink_install': False, 'test_result_base': None}
[0.208s] INFO:colcon.colcon_core.executor:Executing jobs using 'parallel' executor
[0.209s] DEBUG:colcon.colcon_parallel_executor.executor.parallel:run_until_complete
[0.209s] INFO:colcon.colcon_ros.task.ament_cmake.build:Building ROS package in '/home/ubuntu/Desktop/Ak8064_TEST/src/can_interface' with build type 'ament_cmake'
[0.209s] INFO:colcon.colcon_cmake.task.cmake.build:Building CMake package in '/home/ubuntu/Desktop/Ak8064_TEST/src/can_interface'
[0.211s] INFO:colcon.colcon_core.plugin_system:Skipping extension 'colcon_core.shell.bat': Not used on non-Windows systems
[0.211s] INFO:colcon.colcon_core.shell:Skip shell extension 'powershell' for command environment: Not usable outside of PowerShell
[0.211s] DEBUG:colcon.colcon_core.shell:Skip shell extension 'dsv' for command environment
[0.217s] DEBUG:colcon.colcon_core.event_handler.log_command:Invoking command in '/home/ubuntu/Desktop/Ak8064_TEST/build/can_interface': CMAKE_PREFIX_PATH=/opt/ros/humble /usr/bin/cmake --build /home/ubuntu/Desktop/Ak8064_TEST/build/can_interface -- -j8 -l8
[0.258s] DEBUG:colcon.colcon_core.event_handler.log_command:Invoked command in '/home/ubuntu/Desktop/Ak8064_TEST/build/can_interface' returned '0': CMAKE_PREFIX_PATH=/opt/ros/humble /usr/bin/cmake --build /home/ubuntu/Desktop/Ak8064_TEST/build/can_interface -- -j8 -l8
[0.264s] DEBUG:colcon.colcon_core.event_handler.log_command:Invoking command in '/home/ubuntu/Desktop/Ak8064_TEST/build/can_interface': CMAKE_PREFIX_PATH=/opt/ros/humble /usr/bin/cmake --install /home/ubuntu/Desktop/Ak8064_TEST/build/can_interface
[0.272s] Level 1:colcon.colcon_core.environment:create_environment_scripts_only(can_interface)
[0.272s] DEBUG:colcon.colcon_core.event_handler.log_command:Invoked command in '/home/ubuntu/Desktop/Ak8064_TEST/build/can_interface' returned '0': CMAKE_PREFIX_PATH=/opt/ros/humble /usr/bin/cmake --install /home/ubuntu/Desktop/Ak8064_TEST/build/can_interface
[0.273s] Level 1:colcon.colcon_core.environment:checking '/home/ubuntu/Desktop/Ak8064_TEST/install/can_interface' for CMake module files
[0.274s] Level 1:colcon.colcon_core.environment:checking '/home/ubuntu/Desktop/Ak8064_TEST/install/can_interface' for CMake config files
[0.274s] Level 1:colcon.colcon_core.shell:create_environment_hook('can_interface', 'cmake_prefix_path')
[0.274s] INFO:colcon.colcon_core.shell:Creating environment hook '/home/ubuntu/Desktop/Ak8064_TEST/install/can_interface/share/can_interface/hook/cmake_prefix_path.ps1'
[0.274s] INFO:colcon.colcon_core.shell:Creating environment descriptor '/home/ubuntu/Desktop/Ak8064_TEST/install/can_interface/share/can_interface/hook/cmake_prefix_path.dsv'
[0.275s] INFO:colcon.colcon_core.shell:Creating environment hook '/home/ubuntu/Desktop/Ak8064_TEST/install/can_interface/share/can_interface/hook/cmake_prefix_path.sh'
[0.275s] Level 1:colcon.colcon_core.environment:checking '/home/ubuntu/Desktop/Ak8064_TEST/install/can_interface/lib'
[0.275s] Level 1:colcon.colcon_core.shell:create_environment_hook('can_interface', 'ld_library_path_lib')
[0.276s] INFO:colcon.colcon_core.shell:Creating environment hook '/home/ubuntu/Desktop/Ak8064_TEST/install/can_interface/share/can_interface/hook/ld_library_path_lib.ps1'
[0.276s] INFO:colcon.colcon_core.shell:Creating environment descriptor '/home/ubuntu/Desktop/Ak8064_TEST/install/can_interface/share/can_interface/hook/ld_library_path_lib.dsv'
[0.276s] INFO:colcon.colcon_core.shell:Creating environment hook '/home/ubuntu/Desktop/Ak8064_TEST/install/can_interface/share/can_interface/hook/ld_library_path_lib.sh'
[0.276s] Level 1:colcon.colcon_core.environment:checking '/home/ubuntu/Desktop/Ak8064_TEST/install/can_interface/bin'
[0.276s] Level 1:colcon.colcon_core.environment:checking '/home/ubuntu/Desktop/Ak8064_TEST/install/can_interface/lib/pkgconfig/can_interface.pc'
[0.277s] Level 1:colcon.colcon_core.environment:checking '/home/ubuntu/Desktop/Ak8064_TEST/install/can_interface/lib/python3.10/site-packages'
[0.277s] Level 1:colcon.colcon_core.environment:checking '/home/ubuntu/Desktop/Ak8064_TEST/install/can_interface/bin'
[0.277s] INFO:colcon.colcon_core.shell:Creating package script '/home/ubuntu/Desktop/Ak8064_TEST/install/can_interface/share/can_interface/package.ps1'
[0.278s] INFO:colcon.colcon_core.shell:Creating package descriptor '/home/ubuntu/Desktop/Ak8064_TEST/install/can_interface/share/can_interface/package.dsv'
[0.278s] INFO:colcon.colcon_core.shell:Creating package script '/home/ubuntu/Desktop/Ak8064_TEST/install/can_interface/share/can_interface/package.sh'
[0.279s] INFO:colcon.colcon_core.shell:Creating package script '/home/ubuntu/Desktop/Ak8064_TEST/install/can_interface/share/can_interface/package.bash'
[0.279s] INFO:colcon.colcon_core.shell:Creating package script '/home/ubuntu/Desktop/Ak8064_TEST/install/can_interface/share/can_interface/package.zsh'
[0.280s] Level 1:colcon.colcon_core.environment:create_file_with_runtime_dependencies(/home/ubuntu/Desktop/Ak8064_TEST/install/can_interface/share/colcon-core/packages/can_interface)
[0.280s] Level 1:colcon.colcon_core.environment:create_environment_scripts_only(can_interface)
[0.280s] Level 1:colcon.colcon_core.environment:checking '/home/ubuntu/Desktop/Ak8064_TEST/install/can_interface' for CMake module files
[0.281s] Level 1:colcon.colcon_core.environment:checking '/home/ubuntu/Desktop/Ak8064_TEST/install/can_interface' for CMake config files
[0.281s] Level 1:colcon.colcon_core.shell:create_environment_hook('can_interface', 'cmake_prefix_path')
[0.281s] INFO:colcon.colcon_core.shell:Creating environment hook '/home/ubuntu/Desktop/Ak8064_TEST/install/can_interface/share/can_interface/hook/cmake_prefix_path.ps1'
[0.281s] INFO:colcon.colcon_core.shell:Creating environment descriptor '/home/ubuntu/Desktop/Ak8064_TEST/install/can_interface/share/can_interface/hook/cmake_prefix_path.dsv'
[0.282s] INFO:colcon.colcon_core.shell:Creating environment hook '/home/ubuntu/Desktop/Ak8064_TEST/install/can_interface/share/can_interface/hook/cmake_prefix_path.sh'
[0.282s] Level 1:colcon.colcon_core.environment:checking '/home/ubuntu/Desktop/Ak8064_TEST/install/can_interface/lib'
[0.282s] Level 1:colcon.colcon_core.shell:create_environment_hook('can_interface', 'ld_library_path_lib')
[0.282s] INFO:colcon.colcon_core.shell:Creating environment hook '/home/ubuntu/Desktop/Ak8064_TEST/install/can_interface/share/can_interface/hook/ld_library_path_lib.ps1'
[0.282s] INFO:colcon.colcon_core.shell:Creating environment descriptor '/home/ubuntu/Desktop/Ak8064_TEST/install/can_interface/share/can_interface/hook/ld_library_path_lib.dsv'
[0.283s] INFO:colcon.colcon_core.shell:Creating environment hook '/home/ubuntu/Desktop/Ak8064_TEST/install/can_interface/share/can_interface/hook/ld_library_path_lib.sh'
[0.283s] Level 1:colcon.colcon_core.environment:checking '/home/ubuntu/Desktop/Ak8064_TEST/install/can_interface/bin'
[0.283s] Level 1:colcon.colcon_core.environment:checking '/home/ubuntu/Desktop/Ak8064_TEST/install/can_interface/lib/pkgconfig/can_interface.pc'
[0.283s] Level 1:colcon.colcon_core.environment:checking '/home/ubuntu/Desktop/Ak8064_TEST/install/can_interface/lib/python3.10/site-packages'
[0.283s] Level 1:colcon.colcon_core.environment:checking '/home/ubuntu/Desktop/Ak8064_TEST/install/can_interface/bin'
[0.283s] INFO:colcon.colcon_core.shell:Creating package script '/home/ubuntu/Desktop/Ak8064_TEST/install/can_interface/share/can_interface/package.ps1'
[0.284s] INFO:colcon.colcon_core.shell:Creating package descriptor '/home/ubuntu/Desktop/Ak8064_TEST/install/can_interface/share/can_interface/package.dsv'
[0.284s] INFO:colcon.colcon_core.shell:Creating package script '/home/ubuntu/Desktop/Ak8064_TEST/install/can_interface/share/can_interface/package.sh'
[0.284s] INFO:colcon.colcon_core.shell:Creating package script '/home/ubuntu/Desktop/Ak8064_TEST/install/can_interface/share/can_interface/package.bash'
[0.285s] INFO:colcon.colcon_core.shell:Creating package script '/home/ubuntu/Desktop/Ak8064_TEST/install/can_interface/share/can_interface/package.zsh'
[0.285s] Level 1:colcon.colcon_core.environment:create_file_with_runtime_dependencies(/home/ubuntu/Desktop/Ak8064_TEST/install/can_interface/share/colcon-core/packages/can_interface)
[0.285s] INFO:colcon.colcon_ros.task.ament_cmake.build:Building ROS package in '/home/ubuntu/Desktop/Ak8064_TEST/src/motor_driver' with build type 'ament_cmake'
[0.285s] INFO:colcon.colcon_cmake.task.cmake.build:Building CMake package in '/home/ubuntu/Desktop/Ak8064_TEST/src/motor_driver'
[0.285s] INFO:colcon.colcon_core.shell:Skip shell extension 'powershell' for command environment: Not usable outside of PowerShell
[0.285s] DEBUG:colcon.colcon_core.shell:Skip shell extension 'dsv' for command environment
[0.291s] DEBUG:colcon.colcon_core.event_handler.log_command:Invoking command in '/home/ubuntu/Desktop/Ak8064_TEST/build/motor_driver': AMENT_PREFIX_PATH=/home/ubuntu/Desktop/Ak8064_TEST/install/can_interface:${AMENT_PREFIX_PATH} CMAKE_PREFIX_PATH=/home/ubuntu/Desktop/Ak8064_TEST/install/can_interface:/opt/ros/humble LD_LIBRARY_PATH=/home/ubuntu/Desktop/Ak8064_TEST/install/can_interface/lib:${LD_LIBRARY_PATH} /usr/bin/cmake --build /home/ubuntu/Desktop/Ak8064_TEST/build/motor_driver -- -j8 -l8
[8.385s] DEBUG:colcon.colcon_core.event_handler.log_command:Invoked command in '/home/ubuntu/Desktop/Ak8064_TEST/build/motor_driver' returned '0': AMENT_PREFIX_PATH=/home/ubuntu/Desktop/Ak8064_TEST/install/can_interface:${AMENT_PREFIX_PATH} CMAKE_PREFIX_PATH=/home/ubuntu/Desktop/Ak8064_TEST/install/can_interface:/opt/ros/humble LD_LIBRARY_PATH=/home/ubuntu/Desktop/Ak8064_TEST/install/can_interface/lib:${LD_LIBRARY_PATH} /usr/bin/cmake --build /home/ubuntu/Desktop/Ak8064_TEST/build/motor_driver -- -j8 -l8
[8.386s] DEBUG:colcon.colcon_core.event_handler.log_command:Invoking command in '/home/ubuntu/Desktop/Ak8064_TEST/build/motor_driver': AMENT_PREFIX_PATH=/home/ubuntu/Desktop/Ak8064_TEST/install/can_interface:${AMENT_PREFIX_PATH} CMAKE_PREFIX_PATH=/home/ubuntu/Desktop/Ak8064_TEST/install/can_interface:/opt/ros/humble LD_LIBRARY_PATH=/home/ubuntu/Desktop/Ak8064_TEST/install/can_interface/lib:${LD_LIBRARY_PATH} /usr/bin/cmake --install /home/ubuntu/Desktop/Ak8064_TEST/build/motor_driver
[8.403s] Level 1:colcon.colcon_core.environment:create_environment_scripts_only(motor_driver)
[8.404s] Level 1:colcon.colcon_core.environment:checking '/home/ubuntu/Desktop/Ak8064_TEST/install/motor_driver' for CMake module files
[8.404s] DEBUG:colcon.colcon_core.event_handler.log_command:Invoked command in '/home/ubuntu/Desktop/Ak8064_TEST/build/motor_driver' returned '0': AMENT_PREFIX_PATH=/home/ubuntu/Desktop/Ak8064_TEST/install/can_interface:${AMENT_PREFIX_PATH} CMAKE_PREFIX_PATH=/home/ubuntu/Desktop/Ak8064_TEST/install/can_interface:/opt/ros/humble LD_LIBRARY_PATH=/home/ubuntu/Desktop/Ak8064_TEST/install/can_interface/lib:${LD_LIBRARY_PATH} /usr/bin/cmake --install /home/ubuntu/Desktop/Ak8064_TEST/build/motor_driver
[8.404s] Level 1:colcon.colcon_core.environment:checking '/home/ubuntu/Desktop/Ak8064_TEST/install/motor_driver' for CMake config files
[8.405s] Level 1:colcon.colcon_core.shell:create_environment_hook('motor_driver', 'cmake_prefix_path')
[8.405s] INFO:colcon.colcon_core.shell:Creating environment hook '/home/ubuntu/Desktop/Ak8064_TEST/install/motor_driver/share/motor_driver/hook/cmake_prefix_path.ps1'
[8.405s] INFO:colcon.colcon_core.shell:Creating environment descriptor '/home/ubuntu/Desktop/Ak8064_TEST/install/motor_driver/share/motor_driver/hook/cmake_prefix_path.dsv'
[8.405s] INFO:colcon.colcon_core.shell:Creating environment hook '/home/ubuntu/Desktop/Ak8064_TEST/install/motor_driver/share/motor_driver/hook/cmake_prefix_path.sh'
[8.406s] Level 1:colcon.colcon_core.environment:checking '/home/ubuntu/Desktop/Ak8064_TEST/install/motor_driver/lib'
[8.406s] Level 1:colcon.colcon_core.environment:checking '/home/ubuntu/Desktop/Ak8064_TEST/install/motor_driver/bin'
[8.406s] Level 1:colcon.colcon_core.environment:checking '/home/ubuntu/Desktop/Ak8064_TEST/install/motor_driver/lib/pkgconfig/motor_driver.pc'
[8.406s] Level 1:colcon.colcon_core.environment:checking '/home/ubuntu/Desktop/Ak8064_TEST/install/motor_driver/lib/python3.10/site-packages'
[8.406s] Level 1:colcon.colcon_core.environment:checking '/home/ubuntu/Desktop/Ak8064_TEST/install/motor_driver/bin'
[8.407s] INFO:colcon.colcon_core.shell:Creating package script '/home/ubuntu/Desktop/Ak8064_TEST/install/motor_driver/share/motor_driver/package.ps1'
[8.407s] INFO:colcon.colcon_core.shell:Creating package descriptor '/home/ubuntu/Desktop/Ak8064_TEST/install/motor_driver/share/motor_driver/package.dsv'
[8.407s] INFO:colcon.colcon_core.shell:Creating package script '/home/ubuntu/Desktop/Ak8064_TEST/install/motor_driver/share/motor_driver/package.sh'
[8.408s] INFO:colcon.colcon_core.shell:Creating package script '/home/ubuntu/Desktop/Ak8064_TEST/install/motor_driver/share/motor_driver/package.bash'
[8.408s] INFO:colcon.colcon_core.shell:Creating package script '/home/ubuntu/Desktop/Ak8064_TEST/install/motor_driver/share/motor_driver/package.zsh'
[8.408s] Level 1:colcon.colcon_core.environment:create_file_with_runtime_dependencies(/home/ubuntu/Desktop/Ak8064_TEST/install/motor_driver/share/colcon-core/packages/motor_driver)
[8.408s] Level 1:colcon.colcon_core.environment:create_environment_scripts_only(motor_driver)
[8.409s] Level 1:colcon.colcon_core.environment:checking '/home/ubuntu/Desktop/Ak8064_TEST/install/motor_driver' for CMake module files
[8.409s] Level 1:colcon.colcon_core.environment:checking '/home/ubuntu/Desktop/Ak8064_TEST/install/motor_driver' for CMake config files
[8.409s] Level 1:colcon.colcon_core.shell:create_environment_hook('motor_driver', 'cmake_prefix_path')
[8.409s] INFO:colcon.colcon_core.shell:Creating environment hook '/home/ubuntu/Desktop/Ak8064_TEST/install/motor_driver/share/motor_driver/hook/cmake_prefix_path.ps1'
[8.410s] INFO:colcon.colcon_core.shell:Creating environment descriptor '/home/ubuntu/Desktop/Ak8064_TEST/install/motor_driver/share/motor_driver/hook/cmake_prefix_path.dsv'
[8.410s] INFO:colcon.colcon_core.shell:Creating environment hook '/home/ubuntu/Desktop/Ak8064_TEST/install/motor_driver/share/motor_driver/hook/cmake_prefix_path.sh'
[8.410s] Level 1:colcon.colcon_core.environment:checking '/home/ubuntu/Desktop/Ak8064_TEST/install/motor_driver/lib'
[8.410s] Level 1:colcon.colcon_core.environment:checking '/home/ubuntu/Desktop/Ak8064_TEST/install/motor_driver/bin'
[8.410s] Level 1:colcon.colcon_core.environment:checking '/home/ubuntu/Desktop/Ak8064_TEST/install/motor_driver/lib/pkgconfig/motor_driver.pc'
[8.410s] Level 1:colcon.colcon_core.environment:checking '/home/ubuntu/Desktop/Ak8064_TEST/install/motor_driver/lib/python3.10/site-packages'
[8.411s] Level 1:colcon.colcon_core.environment:checking '/home/ubuntu/Desktop/Ak8064_TEST/install/motor_driver/bin'
[8.411s] INFO:colcon.colcon_core.shell:Creating package script '/home/ubuntu/Desktop/Ak8064_TEST/install/motor_driver/share/motor_driver/package.ps1'
[8.411s] INFO:colcon.colcon_core.shell:Creating package descriptor '/home/ubuntu/Desktop/Ak8064_TEST/install/motor_driver/share/motor_driver/package.dsv'
[8.412s] INFO:colcon.colcon_core.shell:Creating package script '/home/ubuntu/Desktop/Ak8064_TEST/install/motor_driver/share/motor_driver/package.sh'
[8.412s] INFO:colcon.colcon_core.shell:Creating package script '/home/ubuntu/Desktop/Ak8064_TEST/install/motor_driver/share/motor_driver/package.bash'
[8.412s] INFO:colcon.colcon_core.shell:Creating package script '/home/ubuntu/Desktop/Ak8064_TEST/install/motor_driver/share/motor_driver/package.zsh'
[8.413s] Level 1:colcon.colcon_core.environment:create_file_with_runtime_dependencies(/home/ubuntu/Desktop/Ak8064_TEST/install/motor_driver/share/colcon-core/packages/motor_driver)
[8.413s] DEBUG:colcon.colcon_parallel_executor.executor.parallel:closing loop
[8.413s] DEBUG:colcon.colcon_parallel_executor.executor.parallel:loop closed
[8.414s] DEBUG:colcon.colcon_parallel_executor.executor.parallel:run_until_complete finished with '0'
[8.414s] DEBUG:colcon.colcon_core.event_reactor:joining thread
[8.418s] INFO:colcon.colcon_core.plugin_system:Skipping extension 'colcon_notification.desktop_notification.terminal_notifier': Not used on non-Darwin systems
[8.418s] INFO:colcon.colcon_core.plugin_system:Skipping extension 'colcon_notification.desktop_notification.win32': Not used on non-Windows systems
[8.418s] INFO:colcon.colcon_notification.desktop_notification:Sending desktop notification using 'notify2'
[8.426s] DEBUG:colcon.colcon_core.event_reactor:joined thread
[8.426s] INFO:colcon.colcon_core.shell:Creating prefix script '/home/ubuntu/Desktop/Ak8064_TEST/install/local_setup.ps1'
[8.427s] INFO:colcon.colcon_core.shell:Creating prefix util module '/home/ubuntu/Desktop/Ak8064_TEST/install/_local_setup_util_ps1.py'
[8.428s] INFO:colcon.colcon_core.shell:Creating prefix chain script '/home/ubuntu/Desktop/Ak8064_TEST/install/setup.ps1'
[8.429s] INFO:colcon.colcon_core.shell:Creating prefix script '/home/ubuntu/Desktop/Ak8064_TEST/install/local_setup.sh'
[8.429s] INFO:colcon.colcon_core.shell:Creating prefix util module '/home/ubuntu/Desktop/Ak8064_TEST/install/_local_setup_util_sh.py'
[8.430s] INFO:colcon.colcon_core.shell:Creating prefix chain script '/home/ubuntu/Desktop/Ak8064_TEST/install/setup.sh'
[8.432s] INFO:colcon.colcon_core.shell:Creating prefix script '/home/ubuntu/Desktop/Ak8064_TEST/install/local_setup.bash'
[8.432s] INFO:colcon.colcon_core.shell:Creating prefix chain script '/home/ubuntu/Desktop/Ak8064_TEST/install/setup.bash'
[8.433s] INFO:colcon.colcon_core.shell:Creating prefix script '/home/ubuntu/Desktop/Ak8064_TEST/install/local_setup.zsh'
[8.434s] INFO:colcon.colcon_core.shell:Creating prefix chain script '/home/ubuntu/Desktop/Ak8064_TEST/install/setup.zsh'
