-- The C compiler identification is GNU 11.4.0
-- The CXX compiler identification is GNU 11.4.0
-- Detecting C compiler ABI info
-- Detecting C compiler ABI info - done
-- Check for working C compiler: /usr/bin/cc - skipped
-- Detecting C compile features
-- Detecting C compile features - done
-- Detecting CXX compiler ABI info
-- Detecting CXX compiler ABI info - done
-- Check for working CXX compiler: /usr/bin/c++ - skipped
-- Detecting CXX compile features
-- Detecting CXX compile features - done
-- Found ament_cmake: 1.3.11 (/opt/ros/humble/share/ament_cmake/cmake)
-- Found Python3: /usr/bin/python3 (found version "3.10.12") found components: Interpreter 
-- Configuring done
-- Generating done
-- Build files have been written to: /home/ubuntu/Desktop/Ak8064_TEST/build/can_interface
[ 50%] [32mBuilding CXX object CMakeFiles/can_interface.dir/src/caninterface.cpp.o[0m
[100%] [32m[1mLinking CXX shared library libcan_interface.so[0m
[100%] Built target can_interface
-- Install configuration: ""
-- Installing: /home/ubuntu/Desktop/Ak8064_TEST/install/can_interface/lib/libcan_interface.so
-- Installing: /home/ubuntu/Desktop/Ak8064_TEST/install/can_interface/include
-- Installing: /home/ubuntu/Desktop/Ak8064_TEST/install/can_interface/include/can_interface
-- Installing: /home/ubuntu/Desktop/Ak8064_TEST/install/can_interface/include/can_interface/caninterface.hpp
-- Installing: /home/ubuntu/Desktop/Ak8064_TEST/install/can_interface/share/can_interface/environment/library_path.sh
-- Installing: /home/ubuntu/Desktop/Ak8064_TEST/install/can_interface/share/can_interface/environment/library_path.dsv
-- Installing: /home/ubuntu/Desktop/Ak8064_TEST/install/can_interface/share/ament_index/resource_index/package_run_dependencies/can_interface
-- Installing: /home/ubuntu/Desktop/Ak8064_TEST/install/can_interface/share/ament_index/resource_index/parent_prefix_path/can_interface
-- Installing: /home/ubuntu/Desktop/Ak8064_TEST/install/can_interface/share/can_interface/environment/ament_prefix_path.sh
-- Installing: /home/ubuntu/Desktop/Ak8064_TEST/install/can_interface/share/can_interface/environment/ament_prefix_path.dsv
-- Installing: /home/ubuntu/Desktop/Ak8064_TEST/install/can_interface/share/can_interface/environment/path.sh
-- Installing: /home/ubuntu/Desktop/Ak8064_TEST/install/can_interface/share/can_interface/environment/path.dsv
-- Installing: /home/ubuntu/Desktop/Ak8064_TEST/install/can_interface/share/can_interface/local_setup.bash
-- Installing: /home/ubuntu/Desktop/Ak8064_TEST/install/can_interface/share/can_interface/local_setup.sh
-- Installing: /home/ubuntu/Desktop/Ak8064_TEST/install/can_interface/share/can_interface/local_setup.zsh
-- Installing: /home/ubuntu/Desktop/Ak8064_TEST/install/can_interface/share/can_interface/local_setup.dsv
-- Installing: /home/ubuntu/Desktop/Ak8064_TEST/install/can_interface/share/can_interface/package.dsv
-- Installing: /home/ubuntu/Desktop/Ak8064_TEST/install/can_interface/share/ament_index/resource_index/packages/can_interface
-- Installing: /home/ubuntu/Desktop/Ak8064_TEST/install/can_interface/share/can_interface/cmake/export_can_interfaceExport.cmake
-- Installing: /home/ubuntu/Desktop/Ak8064_TEST/install/can_interface/share/can_interface/cmake/export_can_interfaceExport-noconfig.cmake
-- Installing: /home/ubuntu/Desktop/Ak8064_TEST/install/can_interface/share/can_interface/cmake/ament_cmake_export_targets-extras.cmake
-- Installing: /home/ubuntu/Desktop/Ak8064_TEST/install/can_interface/share/can_interface/cmake/ament_cmake_export_include_directories-extras.cmake
-- Installing: /home/ubuntu/Desktop/Ak8064_TEST/install/can_interface/share/can_interface/cmake/ament_cmake_export_libraries-extras.cmake
-- Installing: /home/ubuntu/Desktop/Ak8064_TEST/install/can_interface/share/can_interface/cmake/can_interfaceConfig.cmake
-- Installing: /home/ubuntu/Desktop/Ak8064_TEST/install/can_interface/share/can_interface/cmake/can_interfaceConfig-version.cmake
-- Installing: /home/ubuntu/Desktop/Ak8064_TEST/install/can_interface/share/can_interface/package.xml
