[0.056s] Invoking command in '/home/ubuntu/Desktop/AK80_64/build/can_interface': CMAKE_PREFIX_PATH=${CMAKE_PREFIX_PATH}:/opt/ros/humble /usr/bin/cmake --build /home/ubuntu/Desktop/AK80_64/build/can_interface -- -j8 -l8
[0.188s] [100%] Built target can_interface
[0.211s] Invoked command in '/home/ubuntu/Desktop/AK80_64/build/can_interface' returned '0': CMAKE_PREFIX_PATH=${CMAKE_PREFIX_PATH}:/opt/ros/humble /usr/bin/cmake --build /home/ubuntu/Desktop/AK80_64/build/can_interface -- -j8 -l8
[0.282s] Invoking command in '/home/ubuntu/Desktop/AK80_64/build/can_interface': CMAKE_PREFIX_PATH=${CMAKE_PREFIX_PATH}:/opt/ros/humble /usr/bin/cmake --install /home/ubuntu/Desktop/AK80_64/build/can_interface
[0.297s] -- Install configuration: ""
[0.298s] -- Up-to-date: /home/ubuntu/Desktop/AK80_64/install/can_interface/lib/libcan_interface.so
[0.299s] -- Up-to-date: /home/ubuntu/Desktop/AK80_64/install/can_interface/include
[0.299s] -- Up-to-date: /home/ubuntu/Desktop/AK80_64/install/can_interface/include/can_interface
[0.299s] -- Up-to-date: /home/ubuntu/Desktop/AK80_64/install/can_interface/include/can_interface/caninterface.hpp
[0.299s] -- Up-to-date: /home/ubuntu/Desktop/AK80_64/install/can_interface/share/can_interface/environment/library_path.sh
[0.300s] -- Up-to-date: /home/ubuntu/Desktop/AK80_64/install/can_interface/share/can_interface/environment/library_path.dsv
[0.300s] -- Up-to-date: /home/ubuntu/Desktop/AK80_64/install/can_interface/share/ament_index/resource_index/package_run_dependencies/can_interface
[0.300s] -- Up-to-date: /home/ubuntu/Desktop/AK80_64/install/can_interface/share/ament_index/resource_index/parent_prefix_path/can_interface
[0.300s] -- Up-to-date: /home/ubuntu/Desktop/AK80_64/install/can_interface/share/can_interface/environment/ament_prefix_path.sh
[0.300s] -- Up-to-date: /home/ubuntu/Desktop/AK80_64/install/can_interface/share/can_interface/environment/ament_prefix_path.dsv
[0.301s] -- Up-to-date: /home/ubuntu/Desktop/AK80_64/install/can_interface/share/can_interface/environment/path.sh
[0.301s] -- Up-to-date: /home/ubuntu/Desktop/AK80_64/install/can_interface/share/can_interface/environment/path.dsv
[0.301s] -- Up-to-date: /home/ubuntu/Desktop/AK80_64/install/can_interface/share/can_interface/local_setup.bash
[0.301s] -- Up-to-date: /home/ubuntu/Desktop/AK80_64/install/can_interface/share/can_interface/local_setup.sh
[0.301s] -- Up-to-date: /home/ubuntu/Desktop/AK80_64/install/can_interface/share/can_interface/local_setup.zsh
[0.302s] -- Up-to-date: /home/ubuntu/Desktop/AK80_64/install/can_interface/share/can_interface/local_setup.dsv
[0.302s] -- Installing: /home/ubuntu/Desktop/AK80_64/install/can_interface/share/can_interface/package.dsv
[0.302s] -- Up-to-date: /home/ubuntu/Desktop/AK80_64/install/can_interface/share/ament_index/resource_index/packages/can_interface
[0.303s] -- Up-to-date: /home/ubuntu/Desktop/AK80_64/install/can_interface/share/can_interface/cmake/export_can_interfaceExport.cmake
[0.303s] -- Up-to-date: /home/ubuntu/Desktop/AK80_64/install/can_interface/share/can_interface/cmake/export_can_interfaceExport-noconfig.cmake
[0.303s] -- Up-to-date: /home/ubuntu/Desktop/AK80_64/install/can_interface/share/can_interface/cmake/ament_cmake_export_targets-extras.cmake
[0.304s] -- Up-to-date: /home/ubuntu/Desktop/AK80_64/install/can_interface/share/can_interface/cmake/ament_cmake_export_include_directories-extras.cmake
[0.304s] -- Up-to-date: /home/ubuntu/Desktop/AK80_64/install/can_interface/share/can_interface/cmake/ament_cmake_export_libraries-extras.cmake
[0.304s] -- Up-to-date: /home/ubuntu/Desktop/AK80_64/install/can_interface/share/can_interface/cmake/can_interfaceConfig.cmake
[0.304s] -- Up-to-date: /home/ubuntu/Desktop/AK80_64/install/can_interface/share/can_interface/cmake/can_interfaceConfig-version.cmake
[0.305s] -- Up-to-date: /home/ubuntu/Desktop/AK80_64/install/can_interface/share/can_interface/package.xml
[0.306s] Invoked command in '/home/ubuntu/Desktop/AK80_64/build/can_interface' returned '0': CMAKE_PREFIX_PATH=${CMAKE_PREFIX_PATH}:/opt/ros/humble /usr/bin/cmake --install /home/ubuntu/Desktop/AK80_64/build/can_interface
