[0.006s] Invoking command in '/home/ubuntu/Desktop/Ak8064_TEST/build/motor_driver': AMENT_PREFIX_PATH=/home/ubuntu/Desktop/Ak8064_TEST/install/can_interface:${AMENT_PREFIX_PATH} CMAKE_PREFIX_PATH=/home/ubuntu/Desktop/Ak8064_TEST/install/can_interface:/opt/ros/humble LD_LIBRARY_PATH=/home/ubuntu/Desktop/Ak8064_TEST/install/can_interface/lib:${LD_LIBRARY_PATH} /usr/bin/cmake --build /home/ubuntu/Desktop/Ak8064_TEST/build/motor_driver -- -j8 -l8
[0.042s] [35m[1mConsolidate compiler generated dependencies of target Test[0m
[0.057s] [ 33%] Built target ControlMotor
[0.060s] [ 66%] Built target SetOMotor
[0.062s] [ 83%] [32mBuilding CXX object CMakeFiles/Test.dir/src/22_5_Test.cpp.o[0m
[7.468s] [100%] [32m[1mLinking CXX executable Test[0m
[7.837s] [100%] Built target Test
[7.850s] Invoked command in '/home/ubuntu/Desktop/Ak8064_TEST/build/motor_driver' returned '0': AMENT_PREFIX_PATH=/home/ubuntu/Desktop/Ak8064_TEST/install/can_interface:${AMENT_PREFIX_PATH} CMAKE_PREFIX_PATH=/home/ubuntu/Desktop/Ak8064_TEST/install/can_interface:/opt/ros/humble LD_LIBRARY_PATH=/home/ubuntu/Desktop/Ak8064_TEST/install/can_interface/lib:${LD_LIBRARY_PATH} /usr/bin/cmake --build /home/ubuntu/Desktop/Ak8064_TEST/build/motor_driver -- -j8 -l8
[7.851s] Invoking command in '/home/ubuntu/Desktop/Ak8064_TEST/build/motor_driver': AMENT_PREFIX_PATH=/home/ubuntu/Desktop/Ak8064_TEST/install/can_interface:${AMENT_PREFIX_PATH} CMAKE_PREFIX_PATH=/home/ubuntu/Desktop/Ak8064_TEST/install/can_interface:/opt/ros/humble LD_LIBRARY_PATH=/home/ubuntu/Desktop/Ak8064_TEST/install/can_interface/lib:${LD_LIBRARY_PATH} /usr/bin/cmake --install /home/ubuntu/Desktop/Ak8064_TEST/build/motor_driver
[7.858s] -- Install configuration: ""
[7.858s] -- Up-to-date: /home/ubuntu/Desktop/Ak8064_TEST/install/motor_driver/lib/motor_driver/SetOMotor
[7.858s] -- Up-to-date: /home/ubuntu/Desktop/Ak8064_TEST/install/motor_driver/lib/motor_driver/ControlMotor
[7.858s] -- Installing: /home/ubuntu/Desktop/Ak8064_TEST/install/motor_driver/lib/motor_driver/Test
[7.862s] -- Set runtime path of "/home/ubuntu/Desktop/Ak8064_TEST/install/motor_driver/lib/motor_driver/Test" to ""
[7.862s] -- Up-to-date: /home/ubuntu/Desktop/Ak8064_TEST/install/motor_driver/share/motor_driver//config
[7.862s] -- Up-to-date: /home/ubuntu/Desktop/Ak8064_TEST/install/motor_driver/share/motor_driver//config/exercise1_params.yaml
[7.862s] -- Up-to-date: /home/ubuntu/Desktop/Ak8064_TEST/install/motor_driver/share/motor_driver//config/exercise2_params.yaml
[7.862s] -- Up-to-date: /home/ubuntu/Desktop/Ak8064_TEST/install/motor_driver/share/motor_driver//launch
[7.862s] -- Up-to-date: /home/ubuntu/Desktop/Ak8064_TEST/install/motor_driver/share/motor_driver//launch/motor_control.launch.py
[7.862s] -- Up-to-date: /home/ubuntu/Desktop/Ak8064_TEST/install/motor_driver/lib/motor_driver/set_params_gui.py
[7.863s] -- Up-to-date: /home/ubuntu/Desktop/Ak8064_TEST/install/motor_driver/lib/motor_driver/GUI_TEST.py
[7.863s] -- Up-to-date: /home/ubuntu/Desktop/Ak8064_TEST/install/motor_driver/lib/motor_driver/TurnOn.sh
[7.863s] -- Up-to-date: /home/ubuntu/Desktop/Ak8064_TEST/install/motor_driver/share/motor_driver/config/exercise1_params.yaml
[7.863s] -- Up-to-date: /home/ubuntu/Desktop/Ak8064_TEST/install/motor_driver/share/motor_driver/config/exercise2_params.yaml
[7.863s] -- Up-to-date: /home/ubuntu/Desktop/Ak8064_TEST/install/motor_driver/share/ament_index/resource_index/package_run_dependencies/motor_driver
[7.863s] -- Up-to-date: /home/ubuntu/Desktop/Ak8064_TEST/install/motor_driver/share/ament_index/resource_index/parent_prefix_path/motor_driver
[7.863s] -- Up-to-date: /home/ubuntu/Desktop/Ak8064_TEST/install/motor_driver/share/motor_driver/environment/ament_prefix_path.sh
[7.863s] -- Up-to-date: /home/ubuntu/Desktop/Ak8064_TEST/install/motor_driver/share/motor_driver/environment/ament_prefix_path.dsv
[7.863s] -- Up-to-date: /home/ubuntu/Desktop/Ak8064_TEST/install/motor_driver/share/motor_driver/environment/path.sh
[7.863s] -- Up-to-date: /home/ubuntu/Desktop/Ak8064_TEST/install/motor_driver/share/motor_driver/environment/path.dsv
[7.863s] -- Up-to-date: /home/ubuntu/Desktop/Ak8064_TEST/install/motor_driver/share/motor_driver/local_setup.bash
[7.864s] -- Up-to-date: /home/ubuntu/Desktop/Ak8064_TEST/install/motor_driver/share/motor_driver/local_setup.sh
[7.864s] -- Up-to-date: /home/ubuntu/Desktop/Ak8064_TEST/install/motor_driver/share/motor_driver/local_setup.zsh
[7.864s] -- Up-to-date: /home/ubuntu/Desktop/Ak8064_TEST/install/motor_driver/share/motor_driver/local_setup.dsv
[7.864s] -- Installing: /home/ubuntu/Desktop/Ak8064_TEST/install/motor_driver/share/motor_driver/package.dsv
[7.864s] -- Up-to-date: /home/ubuntu/Desktop/Ak8064_TEST/install/motor_driver/share/ament_index/resource_index/packages/motor_driver
[7.864s] -- Up-to-date: /home/ubuntu/Desktop/Ak8064_TEST/install/motor_driver/share/motor_driver/cmake/motor_driverConfig.cmake
[7.864s] -- Up-to-date: /home/ubuntu/Desktop/Ak8064_TEST/install/motor_driver/share/motor_driver/cmake/motor_driverConfig-version.cmake
[7.864s] -- Up-to-date: /home/ubuntu/Desktop/Ak8064_TEST/install/motor_driver/share/motor_driver/package.xml
[7.866s] Invoked command in '/home/ubuntu/Desktop/Ak8064_TEST/build/motor_driver' returned '0': AMENT_PREFIX_PATH=/home/ubuntu/Desktop/Ak8064_TEST/install/can_interface:${AMENT_PREFIX_PATH} CMAKE_PREFIX_PATH=/home/ubuntu/Desktop/Ak8064_TEST/install/can_interface:/opt/ros/humble LD_LIBRARY_PATH=/home/ubuntu/Desktop/Ak8064_TEST/install/can_interface/lib:${LD_LIBRARY_PATH} /usr/bin/cmake --install /home/ubuntu/Desktop/Ak8064_TEST/build/motor_driver
