[100%] Built target can_interface
-- Install configuration: ""
-- Up-to-date: /home/ubuntu/Desktop/Ak8064_TEST/install/can_interface/lib/libcan_interface.so
-- Up-to-date: /home/ubuntu/Desktop/Ak8064_TEST/install/can_interface/include
-- Up-to-date: /home/ubuntu/Desktop/Ak8064_TEST/install/can_interface/include/can_interface
-- Up-to-date: /home/ubuntu/Desktop/Ak8064_TEST/install/can_interface/include/can_interface/caninterface.hpp
-- Up-to-date: /home/ubuntu/Desktop/Ak8064_TEST/install/can_interface/share/can_interface/environment/library_path.sh
-- Up-to-date: /home/ubuntu/Desktop/Ak8064_TEST/install/can_interface/share/can_interface/environment/library_path.dsv
-- Up-to-date: /home/ubuntu/Desktop/Ak8064_TEST/install/can_interface/share/ament_index/resource_index/package_run_dependencies/can_interface
-- Up-to-date: /home/ubuntu/Desktop/Ak8064_TEST/install/can_interface/share/ament_index/resource_index/parent_prefix_path/can_interface
-- Up-to-date: /home/ubuntu/Desktop/Ak8064_TEST/install/can_interface/share/can_interface/environment/ament_prefix_path.sh
-- Up-to-date: /home/ubuntu/Desktop/Ak8064_TEST/install/can_interface/share/can_interface/environment/ament_prefix_path.dsv
-- Up-to-date: /home/ubuntu/Desktop/Ak8064_TEST/install/can_interface/share/can_interface/environment/path.sh
-- Up-to-date: /home/ubuntu/Desktop/Ak8064_TEST/install/can_interface/share/can_interface/environment/path.dsv
-- Up-to-date: /home/ubuntu/Desktop/Ak8064_TEST/install/can_interface/share/can_interface/local_setup.bash
-- Up-to-date: /home/ubuntu/Desktop/Ak8064_TEST/install/can_interface/share/can_interface/local_setup.sh
-- Up-to-date: /home/ubuntu/Desktop/Ak8064_TEST/install/can_interface/share/can_interface/local_setup.zsh
-- Up-to-date: /home/ubuntu/Desktop/Ak8064_TEST/install/can_interface/share/can_interface/local_setup.dsv
-- Installing: /home/ubuntu/Desktop/Ak8064_TEST/install/can_interface/share/can_interface/package.dsv
-- Up-to-date: /home/ubuntu/Desktop/Ak8064_TEST/install/can_interface/share/ament_index/resource_index/packages/can_interface
-- Up-to-date: /home/ubuntu/Desktop/Ak8064_TEST/install/can_interface/share/can_interface/cmake/export_can_interfaceExport.cmake
-- Up-to-date: /home/ubuntu/Desktop/Ak8064_TEST/install/can_interface/share/can_interface/cmake/export_can_interfaceExport-noconfig.cmake
-- Up-to-date: /home/ubuntu/Desktop/Ak8064_TEST/install/can_interface/share/can_interface/cmake/ament_cmake_export_targets-extras.cmake
-- Up-to-date: /home/ubuntu/Desktop/Ak8064_TEST/install/can_interface/share/can_interface/cmake/ament_cmake_export_include_directories-extras.cmake
-- Up-to-date: /home/ubuntu/Desktop/Ak8064_TEST/install/can_interface/share/can_interface/cmake/ament_cmake_export_libraries-extras.cmake
-- Up-to-date: /home/ubuntu/Desktop/Ak8064_TEST/install/can_interface/share/can_interface/cmake/can_interfaceConfig.cmake
-- Up-to-date: /home/ubuntu/Desktop/Ak8064_TEST/install/can_interface/share/can_interface/cmake/can_interfaceConfig-version.cmake
-- Up-to-date: /home/ubuntu/Desktop/Ak8064_TEST/install/can_interface/share/can_interface/package.xml
