[35m[1mConsolidate compiler generated dependencies of target Test[0m
[ 20%] Built target ControlMotor
[ 40%] Built target SetOMotor
[ 60%] Built target RPMTest
[ 80%] [32mBuilding CXX object CMakeFiles/Test.dir/src/22_5_Test.cpp.o[0m
[ 90%] Built target TestMes
[100%] [32m[1mLinking CXX executable Test[0m
[100%] Built target Test
-- Install configuration: ""
-- Up-to-date: /home/ubuntu/Desktop/Ak8064_TEST/install/motor_driver/lib/motor_driver/SetOMotor
-- Up-to-date: /home/ubuntu/Desktop/Ak8064_TEST/install/motor_driver/lib/motor_driver/ControlMotor
-- Installing: /home/ubuntu/Desktop/Ak8064_TEST/install/motor_driver/lib/motor_driver/Test
-- Set runtime path of "/home/ubuntu/Desktop/Ak8064_TEST/install/motor_driver/lib/motor_driver/Test" to ""
-- Up-to-date: /home/ubuntu/Desktop/Ak8064_TEST/install/motor_driver/lib/motor_driver/TestMes
-- Up-to-date: /home/ubuntu/Desktop/Ak8064_TEST/install/motor_driver/lib/motor_driver/RPMTest
-- Up-to-date: /home/ubuntu/Desktop/Ak8064_TEST/install/motor_driver/share/motor_driver//config
-- Up-to-date: /home/ubuntu/Desktop/Ak8064_TEST/install/motor_driver/share/motor_driver//config/exercise1_params.yaml
-- Up-to-date: /home/ubuntu/Desktop/Ak8064_TEST/install/motor_driver/share/motor_driver//config/exercise2_params.yaml
-- Up-to-date: /home/ubuntu/Desktop/Ak8064_TEST/install/motor_driver/share/motor_driver//launch
-- Up-to-date: /home/ubuntu/Desktop/Ak8064_TEST/install/motor_driver/share/motor_driver//launch/motor_control.launch.py
-- Up-to-date: /home/ubuntu/Desktop/Ak8064_TEST/install/motor_driver/lib/motor_driver/set_params_gui.py
-- Up-to-date: /home/ubuntu/Desktop/Ak8064_TEST/install/motor_driver/lib/motor_driver/GUI_TEST.py
-- Up-to-date: /home/ubuntu/Desktop/Ak8064_TEST/install/motor_driver/lib/motor_driver/TurnOn.sh
-- Up-to-date: /home/ubuntu/Desktop/Ak8064_TEST/install/motor_driver/share/motor_driver/config/exercise1_params.yaml
-- Up-to-date: /home/ubuntu/Desktop/Ak8064_TEST/install/motor_driver/share/motor_driver/config/exercise2_params.yaml
-- Up-to-date: /home/ubuntu/Desktop/Ak8064_TEST/install/motor_driver/share/ament_index/resource_index/package_run_dependencies/motor_driver
-- Up-to-date: /home/ubuntu/Desktop/Ak8064_TEST/install/motor_driver/share/ament_index/resource_index/parent_prefix_path/motor_driver
-- Up-to-date: /home/ubuntu/Desktop/Ak8064_TEST/install/motor_driver/share/motor_driver/environment/ament_prefix_path.sh
-- Up-to-date: /home/ubuntu/Desktop/Ak8064_TEST/install/motor_driver/share/motor_driver/environment/ament_prefix_path.dsv
-- Up-to-date: /home/ubuntu/Desktop/Ak8064_TEST/install/motor_driver/share/motor_driver/environment/path.sh
-- Up-to-date: /home/ubuntu/Desktop/Ak8064_TEST/install/motor_driver/share/motor_driver/environment/path.dsv
-- Up-to-date: /home/ubuntu/Desktop/Ak8064_TEST/install/motor_driver/share/motor_driver/local_setup.bash
-- Up-to-date: /home/ubuntu/Desktop/Ak8064_TEST/install/motor_driver/share/motor_driver/local_setup.sh
-- Up-to-date: /home/ubuntu/Desktop/Ak8064_TEST/install/motor_driver/share/motor_driver/local_setup.zsh
-- Up-to-date: /home/ubuntu/Desktop/Ak8064_TEST/install/motor_driver/share/motor_driver/local_setup.dsv
-- Installing: /home/ubuntu/Desktop/Ak8064_TEST/install/motor_driver/share/motor_driver/package.dsv
-- Up-to-date: /home/ubuntu/Desktop/Ak8064_TEST/install/motor_driver/share/ament_index/resource_index/packages/motor_driver
-- Up-to-date: /home/ubuntu/Desktop/Ak8064_TEST/install/motor_driver/share/motor_driver/cmake/motor_driverConfig.cmake
-- Up-to-date: /home/ubuntu/Desktop/Ak8064_TEST/install/motor_driver/share/motor_driver/cmake/motor_driverConfig-version.cmake
-- Up-to-date: /home/ubuntu/Desktop/Ak8064_TEST/install/motor_driver/share/motor_driver/package.xml
