[0.025s] Invoking command in '/home/ubuntu/Desktop/AK80_64/build/can_interface': CMAKE_PREFIX_PATH=/opt/ros/humble /usr/bin/cmake /home/ubuntu/Desktop/AK80_64/src/can_interface -DCMAKE_INSTALL_PREFIX=/home/ubuntu/Desktop/AK80_64/install/can_interface
[0.199s] -- The C compiler identification is GNU 11.4.0
[0.356s] -- The CXX compiler identification is GNU 11.4.0
[0.373s] -- Detecting C compiler ABI info
[0.502s] -- Detecting C compiler ABI info - done
[0.520s] -- Check for working C compiler: /usr/bin/cc - skipped
[0.520s] -- Detecting C compile features
[0.522s] -- Detecting C compile features - done
[0.528s] -- Detecting CXX compiler ABI info
[0.688s] -- Detecting CXX compiler ABI info - done
[0.706s] -- Check for working CXX compiler: /usr/bin/c++ - skipped
[0.707s] -- Detecting CXX compile features
[0.708s] -- Detecting CXX compile features - done
[0.714s] -- Found ament_cmake: 1.3.9 (/opt/ros/humble/share/ament_cmake/cmake)
[1.086s] -- Found Python3: /usr/bin/python3 (found version "3.10.12") found components: Interpreter 
[1.643s] -- Configuring done
[1.654s] -- Generating done
[1.657s] -- Build files have been written to: /home/ubuntu/Desktop/AK80_64/build/can_interface
[1.668s] Invoked command in '/home/ubuntu/Desktop/AK80_64/build/can_interface' returned '0': CMAKE_PREFIX_PATH=/opt/ros/humble /usr/bin/cmake /home/ubuntu/Desktop/AK80_64/src/can_interface -DCMAKE_INSTALL_PREFIX=/home/ubuntu/Desktop/AK80_64/install/can_interface
[1.672s] Invoking command in '/home/ubuntu/Desktop/AK80_64/build/can_interface': CMAKE_PREFIX_PATH=/opt/ros/humble /usr/bin/cmake --build /home/ubuntu/Desktop/AK80_64/build/can_interface -- -j8 -l8
[1.806s] [ 50%] [32mBuilding CXX object CMakeFiles/can_interface.dir/src/caninterface.cpp.o[0m
[2.803s] [100%] [32m[1mLinking CXX shared library libcan_interface.so[0m
[2.953s] [100%] Built target can_interface
[2.975s] Invoked command in '/home/ubuntu/Desktop/AK80_64/build/can_interface' returned '0': CMAKE_PREFIX_PATH=/opt/ros/humble /usr/bin/cmake --build /home/ubuntu/Desktop/AK80_64/build/can_interface -- -j8 -l8
[3.042s] Invoking command in '/home/ubuntu/Desktop/AK80_64/build/can_interface': CMAKE_PREFIX_PATH=/opt/ros/humble /usr/bin/cmake --install /home/ubuntu/Desktop/AK80_64/build/can_interface
[3.057s] -- Install configuration: ""
[3.057s] -- Installing: /home/ubuntu/Desktop/AK80_64/install/can_interface/lib/libcan_interface.so
[3.057s] -- Installing: /home/ubuntu/Desktop/AK80_64/install/can_interface/include
[3.058s] -- Installing: /home/ubuntu/Desktop/AK80_64/install/can_interface/include/can_interface
[3.058s] -- Installing: /home/ubuntu/Desktop/AK80_64/install/can_interface/include/can_interface/caninterface.hpp
[3.058s] -- Installing: /home/ubuntu/Desktop/AK80_64/install/can_interface/share/can_interface/environment/library_path.sh
[3.059s] -- Installing: /home/ubuntu/Desktop/AK80_64/install/can_interface/share/can_interface/environment/library_path.dsv
[3.059s] -- Installing: /home/ubuntu/Desktop/AK80_64/install/can_interface/share/ament_index/resource_index/package_run_dependencies/can_interface
[3.059s] -- Installing: /home/ubuntu/Desktop/AK80_64/install/can_interface/share/ament_index/resource_index/parent_prefix_path/can_interface
[3.060s] -- Installing: /home/ubuntu/Desktop/AK80_64/install/can_interface/share/can_interface/environment/ament_prefix_path.sh
[3.060s] -- Installing: /home/ubuntu/Desktop/AK80_64/install/can_interface/share/can_interface/environment/ament_prefix_path.dsv
[3.060s] -- Installing: /home/ubuntu/Desktop/AK80_64/install/can_interface/share/can_interface/environment/path.sh
[3.060s] -- Installing: /home/ubuntu/Desktop/AK80_64/install/can_interface/share/can_interface/environment/path.dsv
[3.061s] -- Installing: /home/ubuntu/Desktop/AK80_64/install/can_interface/share/can_interface/local_setup.bash
[3.061s] -- Installing: /home/ubuntu/Desktop/AK80_64/install/can_interface/share/can_interface/local_setup.sh
[3.061s] -- Installing: /home/ubuntu/Desktop/AK80_64/install/can_interface/share/can_interface/local_setup.zsh
[3.061s] -- Installing: /home/ubuntu/Desktop/AK80_64/install/can_interface/share/can_interface/local_setup.dsv
[3.062s] -- Installing: /home/ubuntu/Desktop/AK80_64/install/can_interface/share/can_interface/package.dsv
[3.062s] -- Installing: /home/ubuntu/Desktop/AK80_64/install/can_interface/share/ament_index/resource_index/packages/can_interface
[3.062s] -- Installing: /home/ubuntu/Desktop/AK80_64/install/can_interface/share/can_interface/cmake/export_can_interfaceExport.cmake
[3.062s] -- Installing: /home/ubuntu/Desktop/AK80_64/install/can_interface/share/can_interface/cmake/export_can_interfaceExport-noconfig.cmake
[3.062s] -- Installing: /home/ubuntu/Desktop/AK80_64/install/can_interface/share/can_interface/cmake/ament_cmake_export_targets-extras.cmake
[3.062s] -- Installing: /home/ubuntu/Desktop/AK80_64/install/can_interface/share/can_interface/cmake/ament_cmake_export_include_directories-extras.cmake
[3.063s] -- Installing: /home/ubuntu/Desktop/AK80_64/install/can_interface/share/can_interface/cmake/ament_cmake_export_libraries-extras.cmake
[3.063s] -- Installing: /home/ubuntu/Desktop/AK80_64/install/can_interface/share/can_interface/cmake/can_interfaceConfig.cmake
[3.063s] -- Installing: /home/ubuntu/Desktop/AK80_64/install/can_interface/share/can_interface/cmake/can_interfaceConfig-version.cmake
[3.063s] -- Installing: /home/ubuntu/Desktop/AK80_64/install/can_interface/share/can_interface/package.xml
[3.068s] Invoked command in '/home/ubuntu/Desktop/AK80_64/build/can_interface' returned '0': CMAKE_PREFIX_PATH=/opt/ros/humble /usr/bin/cmake --install /home/ubuntu/Desktop/AK80_64/build/can_interface
