[0.407s] DEBUG:colcon:Command line arguments: ['/home/ubuntu/.local/bin/colcon', 'build']
[0.407s] DEBUG:colcon:Parsed command line arguments: Namespace(log_base=None, log_level=None, verb_name='build', build_base='build', install_base='install', merge_install=False, symlink_install=False, test_result_base=None, continue_on_error=False, executor='parallel', parallel_workers=8, event_handlers=None, ignore_user_meta=False, metas=['./colcon.meta'], base_paths=['.'], packages_ignore=None, packages_ignore_regex=None, paths=None, packages_up_to=None, packages_up_to_regex=None, packages_above=None, packages_above_and_dependencies=None, packages_above_depth=None, packages_select_by_dep=None, packages_skip_by_dep=None, packages_skip_up_to=None, packages_select_build_failed=False, packages_skip_build_finished=False, packages_select_test_failures=False, packages_skip_test_passed=False, packages_select=None, packages_skip=None, packages_select_regex=None, packages_skip_regex=None, packages_start=None, packages_end=None, cmake_args=None, cmake_target=None, cmake_target_skip_unavailable=False, cmake_clean_cache=False, cmake_clean_first=False, cmake_force_configure=False, ament_cmake_args=None, catkin_cmake_args=None, catkin_skip_building_tests=False, verb_parser=<colcon_defaults.argument_parser.defaults.DefaultArgumentsDecorator object at 0x74a77b45ce80>, verb_extension=<colcon_core.verb.build.BuildVerb object at 0x74a77b565a50>, main=<bound method BuildVerb.main of <colcon_core.verb.build.BuildVerb object at 0x74a77b565a50>>)
[0.963s] Level 1:colcon.colcon_core.package_discovery:discover_packages(colcon_meta) check parameters
[0.964s] Level 1:colcon.colcon_core.package_discovery:discover_packages(recursive) check parameters
[0.964s] Level 1:colcon.colcon_core.package_discovery:discover_packages(ignore) check parameters
[0.964s] Level 1:colcon.colcon_core.package_discovery:discover_packages(path) check parameters
[0.964s] Level 1:colcon.colcon_core.package_discovery:discover_packages(colcon_meta) discover
[0.964s] Level 1:colcon.colcon_core.package_discovery:discover_packages(recursive) discover
[0.964s] INFO:colcon.colcon_core.package_discovery:Crawling recursively for packages in '/home/ubuntu/Desktop/AK80_64'
[0.964s] Level 1:colcon.colcon_core.package_identification:_identify(.) by extensions ['ignore', 'ignore_ament_install']
[0.964s] Level 1:colcon.colcon_core.package_identification:_identify(.) by extension 'ignore'
[0.965s] Level 1:colcon.colcon_core.package_identification:_identify(.) by extension 'ignore_ament_install'
[0.965s] Level 1:colcon.colcon_core.package_identification:_identify(.) by extensions ['colcon_pkg']
[0.965s] Level 1:colcon.colcon_core.package_identification:_identify(.) by extension 'colcon_pkg'
[0.965s] Level 1:colcon.colcon_core.package_identification:_identify(.) by extensions ['colcon_meta']
[0.965s] Level 1:colcon.colcon_core.package_identification:_identify(.) by extension 'colcon_meta'
[0.965s] Level 1:colcon.colcon_core.package_identification:_identify(.) by extensions ['ros']
[0.965s] Level 1:colcon.colcon_core.package_identification:_identify(.) by extension 'ros'
[0.996s] Level 1:colcon.colcon_core.package_identification:_identify(.) by extensions ['cmake', 'python']
[0.996s] Level 1:colcon.colcon_core.package_identification:_identify(.) by extension 'cmake'
[0.996s] Level 1:colcon.colcon_core.package_identification:_identify(.) by extension 'python'
[0.996s] Level 1:colcon.colcon_core.package_identification:_identify(.) by extensions ['python_setup_py']
[0.996s] Level 1:colcon.colcon_core.package_identification:_identify(.) by extension 'python_setup_py'
[0.997s] Level 1:colcon.colcon_core.package_identification:_identify(build) by extensions ['ignore', 'ignore_ament_install']
[0.997s] Level 1:colcon.colcon_core.package_identification:_identify(build) by extension 'ignore'
[0.997s] Level 1:colcon.colcon_core.package_identification:_identify(build) ignored
[0.997s] Level 1:colcon.colcon_core.package_identification:_identify(install) by extensions ['ignore', 'ignore_ament_install']
[0.998s] Level 1:colcon.colcon_core.package_identification:_identify(install) by extension 'ignore'
[0.998s] Level 1:colcon.colcon_core.package_identification:_identify(install) ignored
[0.998s] Level 1:colcon.colcon_core.package_identification:_identify(log) by extensions ['ignore', 'ignore_ament_install']
[0.998s] Level 1:colcon.colcon_core.package_identification:_identify(log) by extension 'ignore'
[0.998s] Level 1:colcon.colcon_core.package_identification:_identify(log) ignored
[0.999s] Level 1:colcon.colcon_core.package_identification:_identify(src) by extensions ['ignore', 'ignore_ament_install']
[0.999s] Level 1:colcon.colcon_core.package_identification:_identify(src) by extension 'ignore'
[0.999s] Level 1:colcon.colcon_core.package_identification:_identify(src) by extension 'ignore_ament_install'
[0.999s] Level 1:colcon.colcon_core.package_identification:_identify(src) by extensions ['colcon_pkg']
[0.999s] Level 1:colcon.colcon_core.package_identification:_identify(src) by extension 'colcon_pkg'
[0.999s] Level 1:colcon.colcon_core.package_identification:_identify(src) by extensions ['colcon_meta']
[0.999s] Level 1:colcon.colcon_core.package_identification:_identify(src) by extension 'colcon_meta'
[0.999s] Level 1:colcon.colcon_core.package_identification:_identify(src) by extensions ['ros']
[0.999s] Level 1:colcon.colcon_core.package_identification:_identify(src) by extension 'ros'
[1.000s] Level 1:colcon.colcon_core.package_identification:_identify(src) by extensions ['cmake', 'python']
[1.000s] Level 1:colcon.colcon_core.package_identification:_identify(src) by extension 'cmake'
[1.000s] Level 1:colcon.colcon_core.package_identification:_identify(src) by extension 'python'
[1.000s] Level 1:colcon.colcon_core.package_identification:_identify(src) by extensions ['python_setup_py']
[1.000s] Level 1:colcon.colcon_core.package_identification:_identify(src) by extension 'python_setup_py'
[1.000s] Level 1:colcon.colcon_core.package_identification:_identify(src/can_interface) by extensions ['ignore', 'ignore_ament_install']
[1.000s] Level 1:colcon.colcon_core.package_identification:_identify(src/can_interface) by extension 'ignore'
[1.001s] Level 1:colcon.colcon_core.package_identification:_identify(src/can_interface) by extension 'ignore_ament_install'
[1.001s] Level 1:colcon.colcon_core.package_identification:_identify(src/can_interface) by extensions ['colcon_pkg']
[1.001s] Level 1:colcon.colcon_core.package_identification:_identify(src/can_interface) by extension 'colcon_pkg'
[1.001s] Level 1:colcon.colcon_core.package_identification:_identify(src/can_interface) by extensions ['colcon_meta']
[1.001s] Level 1:colcon.colcon_core.package_identification:_identify(src/can_interface) by extension 'colcon_meta'
[1.001s] Level 1:colcon.colcon_core.package_identification:_identify(src/can_interface) by extensions ['ros']
[1.001s] Level 1:colcon.colcon_core.package_identification:_identify(src/can_interface) by extension 'ros'
[1.008s] DEBUG:colcon.colcon_core.package_identification:Package 'src/can_interface' with type 'ros.ament_cmake' and name 'can_interface'
[1.008s] Level 1:colcon.colcon_core.package_identification:_identify(src/motor_driver) by extensions ['ignore', 'ignore_ament_install']
[1.008s] Level 1:colcon.colcon_core.package_identification:_identify(src/motor_driver) by extension 'ignore'
[1.008s] Level 1:colcon.colcon_core.package_identification:_identify(src/motor_driver) by extension 'ignore_ament_install'
[1.009s] Level 1:colcon.colcon_core.package_identification:_identify(src/motor_driver) by extensions ['colcon_pkg']
[1.009s] Level 1:colcon.colcon_core.package_identification:_identify(src/motor_driver) by extension 'colcon_pkg'
[1.009s] Level 1:colcon.colcon_core.package_identification:_identify(src/motor_driver) by extensions ['colcon_meta']
[1.009s] Level 1:colcon.colcon_core.package_identification:_identify(src/motor_driver) by extension 'colcon_meta'
[1.009s] Level 1:colcon.colcon_core.package_identification:_identify(src/motor_driver) by extensions ['ros']
[1.009s] Level 1:colcon.colcon_core.package_identification:_identify(src/motor_driver) by extension 'ros'
[1.015s] DEBUG:colcon.colcon_core.package_identification:Package 'src/motor_driver' with type 'ros.ament_cmake' and name 'motor_driver'
[1.015s] Level 1:colcon.colcon_core.package_discovery:discover_packages(recursive) using defaults
[1.015s] Level 1:colcon.colcon_core.package_discovery:discover_packages(ignore) discover
[1.015s] Level 1:colcon.colcon_core.package_discovery:discover_packages(ignore) using defaults
[1.015s] Level 1:colcon.colcon_core.package_discovery:discover_packages(path) discover
[1.015s] Level 1:colcon.colcon_core.package_discovery:discover_packages(path) using defaults
[1.072s] Level 5:colcon.colcon_core.verb:set package 'can_interface' build argument 'cmake_args' from command line to 'None'
[1.073s] Level 5:colcon.colcon_core.verb:set package 'can_interface' build argument 'cmake_target' from command line to 'None'
[1.073s] Level 5:colcon.colcon_core.verb:set package 'can_interface' build argument 'cmake_target_skip_unavailable' from command line to 'False'
[1.073s] Level 5:colcon.colcon_core.verb:set package 'can_interface' build argument 'cmake_clean_cache' from command line to 'False'
[1.073s] Level 5:colcon.colcon_core.verb:set package 'can_interface' build argument 'cmake_clean_first' from command line to 'False'
[1.073s] Level 5:colcon.colcon_core.verb:set package 'can_interface' build argument 'cmake_force_configure' from command line to 'False'
[1.073s] Level 5:colcon.colcon_core.verb:set package 'can_interface' build argument 'ament_cmake_args' from command line to 'None'
[1.073s] Level 5:colcon.colcon_core.verb:set package 'can_interface' build argument 'catkin_cmake_args' from command line to 'None'
[1.073s] Level 5:colcon.colcon_core.verb:set package 'can_interface' build argument 'catkin_skip_building_tests' from command line to 'False'
[1.073s] DEBUG:colcon.colcon_core.verb:Building package 'can_interface' with the following arguments: {'ament_cmake_args': None, 'build_base': '/home/ubuntu/Desktop/AK80_64/build/can_interface', 'catkin_cmake_args': None, 'catkin_skip_building_tests': False, 'cmake_args': None, 'cmake_clean_cache': False, 'cmake_clean_first': False, 'cmake_force_configure': False, 'cmake_target': None, 'cmake_target_skip_unavailable': False, 'install_base': '/home/ubuntu/Desktop/AK80_64/install/can_interface', 'merge_install': False, 'path': '/home/ubuntu/Desktop/AK80_64/src/can_interface', 'symlink_install': False, 'test_result_base': None}
[1.074s] Level 5:colcon.colcon_core.verb:set package 'motor_driver' build argument 'cmake_args' from command line to 'None'
[1.074s] Level 5:colcon.colcon_core.verb:set package 'motor_driver' build argument 'cmake_target' from command line to 'None'
[1.074s] Level 5:colcon.colcon_core.verb:set package 'motor_driver' build argument 'cmake_target_skip_unavailable' from command line to 'False'
[1.074s] Level 5:colcon.colcon_core.verb:set package 'motor_driver' build argument 'cmake_clean_cache' from command line to 'False'
[1.074s] Level 5:colcon.colcon_core.verb:set package 'motor_driver' build argument 'cmake_clean_first' from command line to 'False'
[1.074s] Level 5:colcon.colcon_core.verb:set package 'motor_driver' build argument 'cmake_force_configure' from command line to 'False'
[1.075s] Level 5:colcon.colcon_core.verb:set package 'motor_driver' build argument 'ament_cmake_args' from command line to 'None'
[1.075s] Level 5:colcon.colcon_core.verb:set package 'motor_driver' build argument 'catkin_cmake_args' from command line to 'None'
[1.075s] Level 5:colcon.colcon_core.verb:set package 'motor_driver' build argument 'catkin_skip_building_tests' from command line to 'False'
[1.075s] DEBUG:colcon.colcon_core.verb:Building package 'motor_driver' with the following arguments: {'ament_cmake_args': None, 'build_base': '/home/ubuntu/Desktop/AK80_64/build/motor_driver', 'catkin_cmake_args': None, 'catkin_skip_building_tests': False, 'cmake_args': None, 'cmake_clean_cache': False, 'cmake_clean_first': False, 'cmake_force_configure': False, 'cmake_target': None, 'cmake_target_skip_unavailable': False, 'install_base': '/home/ubuntu/Desktop/AK80_64/install/motor_driver', 'merge_install': False, 'path': '/home/ubuntu/Desktop/AK80_64/src/motor_driver', 'symlink_install': False, 'test_result_base': None}
[1.075s] INFO:colcon.colcon_core.executor:Executing jobs using 'parallel' executor
[1.078s] DEBUG:colcon.colcon_parallel_executor.executor.parallel:run_until_complete
[1.078s] INFO:colcon.colcon_ros.task.ament_cmake.build:Building ROS package in '/home/ubuntu/Desktop/AK80_64/src/can_interface' with build type 'ament_cmake'
[1.079s] INFO:colcon.colcon_cmake.task.cmake.build:Building CMake package in '/home/ubuntu/Desktop/AK80_64/src/can_interface'
[1.084s] INFO:colcon.colcon_core.plugin_system:Skipping extension 'colcon_core.shell.bat': Not used on non-Windows systems
[1.084s] INFO:colcon.colcon_core.shell:Skip shell extension 'powershell' for command environment: Not usable outside of PowerShell
[1.084s] DEBUG:colcon.colcon_core.shell:Skip shell extension 'dsv' for command environment
[1.117s] DEBUG:colcon.colcon_core.event_handler.log_command:Invoking command in '/home/ubuntu/Desktop/AK80_64/build/can_interface': CMAKE_PREFIX_PATH=${CMAKE_PREFIX_PATH}:/opt/ros/humble /usr/bin/cmake --build /home/ubuntu/Desktop/AK80_64/build/can_interface -- -j8 -l8
[1.360s] DEBUG:colcon.colcon_core.event_handler.log_command:Invoked command in '/home/ubuntu/Desktop/AK80_64/build/can_interface' returned '0': CMAKE_PREFIX_PATH=${CMAKE_PREFIX_PATH}:/opt/ros/humble /usr/bin/cmake --build /home/ubuntu/Desktop/AK80_64/build/can_interface -- -j8 -l8
[1.464s] DEBUG:colcon.colcon_core.event_handler.log_command:Invoking command in '/home/ubuntu/Desktop/AK80_64/build/can_interface': CMAKE_PREFIX_PATH=${CMAKE_PREFIX_PATH}:/opt/ros/humble /usr/bin/cmake --install /home/ubuntu/Desktop/AK80_64/build/can_interface
[1.493s] Level 1:colcon.colcon_core.environment:create_environment_scripts_only(can_interface)
[1.497s] DEBUG:colcon.colcon_core.event_handler.log_command:Invoked command in '/home/ubuntu/Desktop/AK80_64/build/can_interface' returned '0': CMAKE_PREFIX_PATH=${CMAKE_PREFIX_PATH}:/opt/ros/humble /usr/bin/cmake --install /home/ubuntu/Desktop/AK80_64/build/can_interface
[1.500s] Level 1:colcon.colcon_core.environment:checking '/home/ubuntu/Desktop/AK80_64/install/can_interface' for CMake module files
[1.502s] Level 1:colcon.colcon_core.environment:checking '/home/ubuntu/Desktop/AK80_64/install/can_interface' for CMake config files
[1.502s] Level 1:colcon.colcon_core.shell:create_environment_hook('can_interface', 'cmake_prefix_path')
[1.503s] INFO:colcon.colcon_core.shell:Creating environment hook '/home/ubuntu/Desktop/AK80_64/install/can_interface/share/can_interface/hook/cmake_prefix_path.ps1'
[1.504s] INFO:colcon.colcon_core.shell:Creating environment descriptor '/home/ubuntu/Desktop/AK80_64/install/can_interface/share/can_interface/hook/cmake_prefix_path.dsv'
[1.505s] INFO:colcon.colcon_core.shell:Creating environment hook '/home/ubuntu/Desktop/AK80_64/install/can_interface/share/can_interface/hook/cmake_prefix_path.sh'
[1.508s] Level 1:colcon.colcon_core.environment:checking '/home/ubuntu/Desktop/AK80_64/install/can_interface/lib'
[1.508s] Level 1:colcon.colcon_core.shell:create_environment_hook('can_interface', 'ld_library_path_lib')
[1.509s] INFO:colcon.colcon_core.shell:Creating environment hook '/home/ubuntu/Desktop/AK80_64/install/can_interface/share/can_interface/hook/ld_library_path_lib.ps1'
[1.510s] INFO:colcon.colcon_core.shell:Creating environment descriptor '/home/ubuntu/Desktop/AK80_64/install/can_interface/share/can_interface/hook/ld_library_path_lib.dsv'
[1.511s] INFO:colcon.colcon_core.shell:Creating environment hook '/home/ubuntu/Desktop/AK80_64/install/can_interface/share/can_interface/hook/ld_library_path_lib.sh'
[1.512s] Level 1:colcon.colcon_core.environment:checking '/home/ubuntu/Desktop/AK80_64/install/can_interface/bin'
[1.512s] Level 1:colcon.colcon_core.environment:checking '/home/ubuntu/Desktop/AK80_64/install/can_interface/lib/pkgconfig/can_interface.pc'
[1.516s] Level 1:colcon.colcon_core.environment:checking '/home/ubuntu/Desktop/AK80_64/install/can_interface/lib/python3.10/site-packages'
[1.517s] Level 1:colcon.colcon_core.environment:checking '/home/ubuntu/Desktop/AK80_64/install/can_interface/bin'
[1.518s] INFO:colcon.colcon_core.shell:Creating package script '/home/ubuntu/Desktop/AK80_64/install/can_interface/share/can_interface/package.ps1'
[1.521s] INFO:colcon.colcon_core.shell:Creating package descriptor '/home/ubuntu/Desktop/AK80_64/install/can_interface/share/can_interface/package.dsv'
[1.522s] INFO:colcon.colcon_core.shell:Creating package script '/home/ubuntu/Desktop/AK80_64/install/can_interface/share/can_interface/package.sh'
[1.524s] INFO:colcon.colcon_core.shell:Creating package script '/home/ubuntu/Desktop/AK80_64/install/can_interface/share/can_interface/package.bash'
[1.526s] INFO:colcon.colcon_core.shell:Creating package script '/home/ubuntu/Desktop/AK80_64/install/can_interface/share/can_interface/package.zsh'
[1.528s] Level 1:colcon.colcon_core.environment:create_file_with_runtime_dependencies(/home/ubuntu/Desktop/AK80_64/install/can_interface/share/colcon-core/packages/can_interface)
[1.629s] Level 1:colcon.colcon_core.environment:create_environment_scripts_only(can_interface)
[1.630s] Level 1:colcon.colcon_core.environment:checking '/home/ubuntu/Desktop/AK80_64/install/can_interface' for CMake module files
[1.632s] Level 1:colcon.colcon_core.environment:checking '/home/ubuntu/Desktop/AK80_64/install/can_interface' for CMake config files
[1.635s] Level 1:colcon.colcon_core.shell:create_environment_hook('can_interface', 'cmake_prefix_path')
[1.636s] INFO:colcon.colcon_core.shell:Creating environment hook '/home/ubuntu/Desktop/AK80_64/install/can_interface/share/can_interface/hook/cmake_prefix_path.ps1'
[1.637s] INFO:colcon.colcon_core.shell:Creating environment descriptor '/home/ubuntu/Desktop/AK80_64/install/can_interface/share/can_interface/hook/cmake_prefix_path.dsv'
[1.638s] INFO:colcon.colcon_core.shell:Creating environment hook '/home/ubuntu/Desktop/AK80_64/install/can_interface/share/can_interface/hook/cmake_prefix_path.sh'
[1.640s] Level 1:colcon.colcon_core.environment:checking '/home/ubuntu/Desktop/AK80_64/install/can_interface/lib'
[1.640s] Level 1:colcon.colcon_core.shell:create_environment_hook('can_interface', 'ld_library_path_lib')
[1.640s] INFO:colcon.colcon_core.shell:Creating environment hook '/home/ubuntu/Desktop/AK80_64/install/can_interface/share/can_interface/hook/ld_library_path_lib.ps1'
[1.641s] INFO:colcon.colcon_core.shell:Creating environment descriptor '/home/ubuntu/Desktop/AK80_64/install/can_interface/share/can_interface/hook/ld_library_path_lib.dsv'
[1.642s] INFO:colcon.colcon_core.shell:Creating environment hook '/home/ubuntu/Desktop/AK80_64/install/can_interface/share/can_interface/hook/ld_library_path_lib.sh'
[1.643s] Level 1:colcon.colcon_core.environment:checking '/home/ubuntu/Desktop/AK80_64/install/can_interface/bin'
[1.643s] Level 1:colcon.colcon_core.environment:checking '/home/ubuntu/Desktop/AK80_64/install/can_interface/lib/pkgconfig/can_interface.pc'
[1.644s] Level 1:colcon.colcon_core.environment:checking '/home/ubuntu/Desktop/AK80_64/install/can_interface/lib/python3.10/site-packages'
[1.644s] Level 1:colcon.colcon_core.environment:checking '/home/ubuntu/Desktop/AK80_64/install/can_interface/bin'
[1.645s] INFO:colcon.colcon_core.shell:Creating package script '/home/ubuntu/Desktop/AK80_64/install/can_interface/share/can_interface/package.ps1'
[1.647s] INFO:colcon.colcon_core.shell:Creating package descriptor '/home/ubuntu/Desktop/AK80_64/install/can_interface/share/can_interface/package.dsv'
[1.648s] INFO:colcon.colcon_core.shell:Creating package script '/home/ubuntu/Desktop/AK80_64/install/can_interface/share/can_interface/package.sh'
[1.649s] INFO:colcon.colcon_core.shell:Creating package script '/home/ubuntu/Desktop/AK80_64/install/can_interface/share/can_interface/package.bash'
[1.650s] INFO:colcon.colcon_core.shell:Creating package script '/home/ubuntu/Desktop/AK80_64/install/can_interface/share/can_interface/package.zsh'
[1.651s] Level 1:colcon.colcon_core.environment:create_file_with_runtime_dependencies(/home/ubuntu/Desktop/AK80_64/install/can_interface/share/colcon-core/packages/can_interface)
[1.652s] INFO:colcon.colcon_ros.task.ament_cmake.build:Building ROS package in '/home/ubuntu/Desktop/AK80_64/src/motor_driver' with build type 'ament_cmake'
[1.652s] INFO:colcon.colcon_cmake.task.cmake.build:Building CMake package in '/home/ubuntu/Desktop/AK80_64/src/motor_driver'
[1.654s] INFO:colcon.colcon_core.shell:Skip shell extension 'powershell' for command environment: Not usable outside of PowerShell
[1.654s] DEBUG:colcon.colcon_core.shell:Skip shell extension 'dsv' for command environment
[1.690s] DEBUG:colcon.colcon_core.event_handler.log_command:Invoking command in '/home/ubuntu/Desktop/AK80_64/build/motor_driver': CMAKE_PREFIX_PATH=/home/ubuntu/Desktop/AK80_64/install/can_interface:/home/ubuntu/Desktop/AK80_64/install/motor_driver:/opt/ros/humble LD_LIBRARY_PATH=/home/ubuntu/Desktop/AK80_64/install/can_interface/lib:/usr/lib/x86_64-linux-gnu/gazebo-11/plugins:/opt/ros/humble/opt/rviz_ogre_vendor/lib:/opt/ros/humble/lib/x86_64-linux-gnu:/opt/ros/humble/lib:/usr/lib/x86_64-linux-gnu/gazebo-11/plugins /usr/bin/cmake --build /home/ubuntu/Desktop/AK80_64/build/motor_driver -- -j8 -l8
[16.109s] DEBUG:colcon.colcon_core.event_handler.log_command:Invoked command in '/home/ubuntu/Desktop/AK80_64/build/motor_driver' returned '0': CMAKE_PREFIX_PATH=/home/ubuntu/Desktop/AK80_64/install/can_interface:/home/ubuntu/Desktop/AK80_64/install/motor_driver:/opt/ros/humble LD_LIBRARY_PATH=/home/ubuntu/Desktop/AK80_64/install/can_interface/lib:/usr/lib/x86_64-linux-gnu/gazebo-11/plugins:/opt/ros/humble/opt/rviz_ogre_vendor/lib:/opt/ros/humble/lib/x86_64-linux-gnu:/opt/ros/humble/lib:/usr/lib/x86_64-linux-gnu/gazebo-11/plugins /usr/bin/cmake --build /home/ubuntu/Desktop/AK80_64/build/motor_driver -- -j8 -l8
[16.169s] DEBUG:colcon.colcon_core.event_handler.log_command:Invoking command in '/home/ubuntu/Desktop/AK80_64/build/motor_driver': CMAKE_PREFIX_PATH=/home/ubuntu/Desktop/AK80_64/install/can_interface:/home/ubuntu/Desktop/AK80_64/install/motor_driver:/opt/ros/humble LD_LIBRARY_PATH=/home/ubuntu/Desktop/AK80_64/install/can_interface/lib:/usr/lib/x86_64-linux-gnu/gazebo-11/plugins:/opt/ros/humble/opt/rviz_ogre_vendor/lib:/opt/ros/humble/lib/x86_64-linux-gnu:/opt/ros/humble/lib:/usr/lib/x86_64-linux-gnu/gazebo-11/plugins /usr/bin/cmake --install /home/ubuntu/Desktop/AK80_64/build/motor_driver
[16.195s] Level 1:colcon.colcon_core.environment:create_environment_scripts_only(motor_driver)
[16.196s] DEBUG:colcon.colcon_core.event_handler.log_command:Invoked command in '/home/ubuntu/Desktop/AK80_64/build/motor_driver' returned '0': CMAKE_PREFIX_PATH=/home/ubuntu/Desktop/AK80_64/install/can_interface:/home/ubuntu/Desktop/AK80_64/install/motor_driver:/opt/ros/humble LD_LIBRARY_PATH=/home/ubuntu/Desktop/AK80_64/install/can_interface/lib:/usr/lib/x86_64-linux-gnu/gazebo-11/plugins:/opt/ros/humble/opt/rviz_ogre_vendor/lib:/opt/ros/humble/lib/x86_64-linux-gnu:/opt/ros/humble/lib:/usr/lib/x86_64-linux-gnu/gazebo-11/plugins /usr/bin/cmake --install /home/ubuntu/Desktop/AK80_64/build/motor_driver
[16.196s] Level 1:colcon.colcon_core.environment:checking '/home/ubuntu/Desktop/AK80_64/install/motor_driver' for CMake module files
[16.197s] Level 1:colcon.colcon_core.environment:checking '/home/ubuntu/Desktop/AK80_64/install/motor_driver' for CMake config files
[16.198s] Level 1:colcon.colcon_core.shell:create_environment_hook('motor_driver', 'cmake_prefix_path')
[16.198s] INFO:colcon.colcon_core.shell:Creating environment hook '/home/ubuntu/Desktop/AK80_64/install/motor_driver/share/motor_driver/hook/cmake_prefix_path.ps1'
[16.199s] INFO:colcon.colcon_core.shell:Creating environment descriptor '/home/ubuntu/Desktop/AK80_64/install/motor_driver/share/motor_driver/hook/cmake_prefix_path.dsv'
[16.200s] INFO:colcon.colcon_core.shell:Creating environment hook '/home/ubuntu/Desktop/AK80_64/install/motor_driver/share/motor_driver/hook/cmake_prefix_path.sh'
[16.201s] Level 1:colcon.colcon_core.environment:checking '/home/ubuntu/Desktop/AK80_64/install/motor_driver/lib'
[16.201s] Level 1:colcon.colcon_core.environment:checking '/home/ubuntu/Desktop/AK80_64/install/motor_driver/bin'
[16.201s] Level 1:colcon.colcon_core.environment:checking '/home/ubuntu/Desktop/AK80_64/install/motor_driver/lib/pkgconfig/motor_driver.pc'
[16.202s] Level 1:colcon.colcon_core.environment:checking '/home/ubuntu/Desktop/AK80_64/install/motor_driver/lib/python3.10/site-packages'
[16.202s] Level 1:colcon.colcon_core.environment:checking '/home/ubuntu/Desktop/AK80_64/install/motor_driver/bin'
[16.203s] INFO:colcon.colcon_core.shell:Creating package script '/home/ubuntu/Desktop/AK80_64/install/motor_driver/share/motor_driver/package.ps1'
[16.204s] INFO:colcon.colcon_core.shell:Creating package descriptor '/home/ubuntu/Desktop/AK80_64/install/motor_driver/share/motor_driver/package.dsv'
[16.205s] INFO:colcon.colcon_core.shell:Creating package script '/home/ubuntu/Desktop/AK80_64/install/motor_driver/share/motor_driver/package.sh'
[16.205s] INFO:colcon.colcon_core.shell:Creating package script '/home/ubuntu/Desktop/AK80_64/install/motor_driver/share/motor_driver/package.bash'
[16.206s] INFO:colcon.colcon_core.shell:Creating package script '/home/ubuntu/Desktop/AK80_64/install/motor_driver/share/motor_driver/package.zsh'
[16.207s] Level 1:colcon.colcon_core.environment:create_file_with_runtime_dependencies(/home/ubuntu/Desktop/AK80_64/install/motor_driver/share/colcon-core/packages/motor_driver)
[16.264s] Level 1:colcon.colcon_core.environment:create_environment_scripts_only(motor_driver)
[16.265s] Level 1:colcon.colcon_core.environment:checking '/home/ubuntu/Desktop/AK80_64/install/motor_driver' for CMake module files
[16.266s] Level 1:colcon.colcon_core.environment:checking '/home/ubuntu/Desktop/AK80_64/install/motor_driver' for CMake config files
[16.266s] Level 1:colcon.colcon_core.shell:create_environment_hook('motor_driver', 'cmake_prefix_path')
[16.267s] INFO:colcon.colcon_core.shell:Creating environment hook '/home/ubuntu/Desktop/AK80_64/install/motor_driver/share/motor_driver/hook/cmake_prefix_path.ps1'
[16.268s] INFO:colcon.colcon_core.shell:Creating environment descriptor '/home/ubuntu/Desktop/AK80_64/install/motor_driver/share/motor_driver/hook/cmake_prefix_path.dsv'
[16.268s] INFO:colcon.colcon_core.shell:Creating environment hook '/home/ubuntu/Desktop/AK80_64/install/motor_driver/share/motor_driver/hook/cmake_prefix_path.sh'
[16.269s] Level 1:colcon.colcon_core.environment:checking '/home/ubuntu/Desktop/AK80_64/install/motor_driver/lib'
[16.270s] Level 1:colcon.colcon_core.environment:checking '/home/ubuntu/Desktop/AK80_64/install/motor_driver/bin'
[16.270s] Level 1:colcon.colcon_core.environment:checking '/home/ubuntu/Desktop/AK80_64/install/motor_driver/lib/pkgconfig/motor_driver.pc'
[16.270s] Level 1:colcon.colcon_core.environment:checking '/home/ubuntu/Desktop/AK80_64/install/motor_driver/lib/python3.10/site-packages'
[16.271s] Level 1:colcon.colcon_core.environment:checking '/home/ubuntu/Desktop/AK80_64/install/motor_driver/bin'
[16.271s] INFO:colcon.colcon_core.shell:Creating package script '/home/ubuntu/Desktop/AK80_64/install/motor_driver/share/motor_driver/package.ps1'
[16.272s] INFO:colcon.colcon_core.shell:Creating package descriptor '/home/ubuntu/Desktop/AK80_64/install/motor_driver/share/motor_driver/package.dsv'
[16.273s] INFO:colcon.colcon_core.shell:Creating package script '/home/ubuntu/Desktop/AK80_64/install/motor_driver/share/motor_driver/package.sh'
[16.273s] INFO:colcon.colcon_core.shell:Creating package script '/home/ubuntu/Desktop/AK80_64/install/motor_driver/share/motor_driver/package.bash'
[16.274s] INFO:colcon.colcon_core.shell:Creating package script '/home/ubuntu/Desktop/AK80_64/install/motor_driver/share/motor_driver/package.zsh'
[16.275s] Level 1:colcon.colcon_core.environment:create_file_with_runtime_dependencies(/home/ubuntu/Desktop/AK80_64/install/motor_driver/share/colcon-core/packages/motor_driver)
[16.275s] DEBUG:colcon.colcon_parallel_executor.executor.parallel:closing loop
[16.276s] DEBUG:colcon.colcon_parallel_executor.executor.parallel:loop closed
[16.276s] DEBUG:colcon.colcon_parallel_executor.executor.parallel:run_until_complete finished with '0'
[16.276s] DEBUG:colcon.colcon_core.event_reactor:joining thread
[16.286s] INFO:colcon.colcon_core.plugin_system:Skipping extension 'colcon_notification.desktop_notification.terminal_notifier': Not used on non-Darwin systems
[16.287s] INFO:colcon.colcon_core.plugin_system:Skipping extension 'colcon_notification.desktop_notification.win32': Not used on non-Windows systems
[16.287s] INFO:colcon.colcon_notification.desktop_notification:Sending desktop notification using 'notify2'
[16.315s] DEBUG:colcon.colcon_core.event_reactor:joined thread
[16.316s] INFO:colcon.colcon_core.shell:Creating prefix script '/home/ubuntu/Desktop/AK80_64/install/local_setup.ps1'
[16.319s] INFO:colcon.colcon_core.shell:Creating prefix util module '/home/ubuntu/Desktop/AK80_64/install/_local_setup_util_ps1.py'
[16.323s] INFO:colcon.colcon_core.shell:Creating prefix chain script '/home/ubuntu/Desktop/AK80_64/install/setup.ps1'
[16.326s] INFO:colcon.colcon_core.shell:Creating prefix script '/home/ubuntu/Desktop/AK80_64/install/local_setup.sh'
[16.327s] INFO:colcon.colcon_core.shell:Creating prefix util module '/home/ubuntu/Desktop/AK80_64/install/_local_setup_util_sh.py'
[16.328s] INFO:colcon.colcon_core.shell:Creating prefix chain script '/home/ubuntu/Desktop/AK80_64/install/setup.sh'
[16.331s] INFO:colcon.colcon_core.shell:Creating prefix script '/home/ubuntu/Desktop/AK80_64/install/local_setup.bash'
[16.333s] INFO:colcon.colcon_core.shell:Creating prefix chain script '/home/ubuntu/Desktop/AK80_64/install/setup.bash'
[16.336s] INFO:colcon.colcon_core.shell:Creating prefix script '/home/ubuntu/Desktop/AK80_64/install/local_setup.zsh'
[16.338s] INFO:colcon.colcon_core.shell:Creating prefix chain script '/home/ubuntu/Desktop/AK80_64/install/setup.zsh'
