[0.006s] Invoking command in '/home/ubuntu/Desktop/AK80_64/build/motor_driver': CMAKE_PREFIX_PATH=/home/ubuntu/Desktop/AK80_64/install/can_interface:/home/ubuntu/Desktop/AK80_64/install/motor_driver:/opt/ros/humble /usr/bin/cmake --build /home/ubuntu/Desktop/AK80_64/build/motor_driver -- -j8 -l8
[0.035s] [35m[1mConsolidate compiler generated dependencies of target SetOMotor[0m
[0.048s] [ 50%] Built target ControlMotor
[0.050s] [ 75%] [32mBuilding CXX object CMakeFiles/SetOMotor.dir/src/SetOMotor.cpp.o[0m
[3.792s] [100%] [32m[1mLinking CXX executable SetOMotor[0m
[3.962s] [100%] Built target SetOMotor
[3.974s] Invoked command in '/home/ubuntu/Desktop/AK80_64/build/motor_driver' returned '0': CMAKE_PREFIX_PATH=/home/ubuntu/Desktop/AK80_64/install/can_interface:/home/ubuntu/Desktop/AK80_64/install/motor_driver:/opt/ros/humble /usr/bin/cmake --build /home/ubuntu/Desktop/AK80_64/build/motor_driver -- -j8 -l8
[3.975s] Invoking command in '/home/ubuntu/Desktop/AK80_64/build/motor_driver': CMAKE_PREFIX_PATH=/home/ubuntu/Desktop/AK80_64/install/can_interface:/home/ubuntu/Desktop/AK80_64/install/motor_driver:/opt/ros/humble /usr/bin/cmake --install /home/ubuntu/Desktop/AK80_64/build/motor_driver
[3.981s] -- Install configuration: ""
[3.981s] -- Installing: /home/ubuntu/Desktop/AK80_64/install/motor_driver/lib/motor_driver/SetOMotor
[3.982s] -- Set runtime path of "/home/ubuntu/Desktop/AK80_64/install/motor_driver/lib/motor_driver/SetOMotor" to ""
[3.982s] -- Up-to-date: /home/ubuntu/Desktop/AK80_64/install/motor_driver/lib/motor_driver/ControlMotor
[3.982s] -- Up-to-date: /home/ubuntu/Desktop/AK80_64/install/motor_driver/share/motor_driver//config
[3.982s] -- Up-to-date: /home/ubuntu/Desktop/AK80_64/install/motor_driver/share/motor_driver//config/setup.yaml
[3.982s] -- Up-to-date: /home/ubuntu/Desktop/AK80_64/install/motor_driver/share/motor_driver//config/exercise1_params.yaml
[3.982s] -- Up-to-date: /home/ubuntu/Desktop/AK80_64/install/motor_driver/share/motor_driver//config/exercise2_params.yaml
[3.982s] -- Up-to-date: /home/ubuntu/Desktop/AK80_64/install/motor_driver/share/motor_driver//launch
[3.982s] -- Up-to-date: /home/ubuntu/Desktop/AK80_64/install/motor_driver/share/motor_driver//launch/motor_control.launch.py
[3.982s] -- Up-to-date: /home/ubuntu/Desktop/AK80_64/install/motor_driver/lib/motor_driver/set_params_gui.py
[3.982s] -- Up-to-date: /home/ubuntu/Desktop/AK80_64/install/motor_driver/lib/motor_driver/TurnOn.sh
[3.982s] -- Up-to-date: /home/ubuntu/Desktop/AK80_64/install/motor_driver/share/motor_driver/config/exercise1_params.yaml
[3.982s] -- Up-to-date: /home/ubuntu/Desktop/AK80_64/install/motor_driver/share/motor_driver/config/exercise2_params.yaml
[3.982s] -- Up-to-date: /home/ubuntu/Desktop/AK80_64/install/motor_driver/share/ament_index/resource_index/package_run_dependencies/motor_driver
[3.983s] -- Up-to-date: /home/ubuntu/Desktop/AK80_64/install/motor_driver/share/ament_index/resource_index/parent_prefix_path/motor_driver
[3.983s] -- Up-to-date: /home/ubuntu/Desktop/AK80_64/install/motor_driver/share/motor_driver/environment/ament_prefix_path.sh
[3.983s] -- Up-to-date: /home/ubuntu/Desktop/AK80_64/install/motor_driver/share/motor_driver/environment/ament_prefix_path.dsv
[3.983s] -- Up-to-date: /home/ubuntu/Desktop/AK80_64/install/motor_driver/share/motor_driver/environment/path.sh
[3.983s] -- Up-to-date: /home/ubuntu/Desktop/AK80_64/install/motor_driver/share/motor_driver/environment/path.dsv
[3.983s] -- Up-to-date: /home/ubuntu/Desktop/AK80_64/install/motor_driver/share/motor_driver/local_setup.bash
[3.983s] -- Up-to-date: /home/ubuntu/Desktop/AK80_64/install/motor_driver/share/motor_driver/local_setup.sh
[3.983s] -- Up-to-date: /home/ubuntu/Desktop/AK80_64/install/motor_driver/share/motor_driver/local_setup.zsh
[3.983s] -- Up-to-date: /home/ubuntu/Desktop/AK80_64/install/motor_driver/share/motor_driver/local_setup.dsv
[3.983s] -- Installing: /home/ubuntu/Desktop/AK80_64/install/motor_driver/share/motor_driver/package.dsv
[3.983s] -- Up-to-date: /home/ubuntu/Desktop/AK80_64/install/motor_driver/share/ament_index/resource_index/packages/motor_driver
[3.983s] -- Up-to-date: /home/ubuntu/Desktop/AK80_64/install/motor_driver/share/motor_driver/cmake/motor_driverConfig.cmake
[3.983s] -- Up-to-date: /home/ubuntu/Desktop/AK80_64/install/motor_driver/share/motor_driver/cmake/motor_driverConfig-version.cmake
[3.983s] -- Up-to-date: /home/ubuntu/Desktop/AK80_64/install/motor_driver/share/motor_driver/package.xml
[3.985s] Invoked command in '/home/ubuntu/Desktop/AK80_64/build/motor_driver' returned '0': CMAKE_PREFIX_PATH=/home/ubuntu/Desktop/AK80_64/install/can_interface:/home/ubuntu/Desktop/AK80_64/install/motor_driver:/opt/ros/humble /usr/bin/cmake --install /home/ubuntu/Desktop/AK80_64/build/motor_driver
