[0.007s] Invoking command in '/home/ubuntu/Desktop/Ak8064_TEST/build/motor_driver': AMENT_PREFIX_PATH=/home/ubuntu/Desktop/Ak8064_TEST/install/can_interface:${AMENT_PREFIX_PATH} CMAKE_PREFIX_PATH=/home/ubuntu/Desktop/Ak8064_TEST/install/can_interface:/opt/ros/humble LD_LIBRARY_PATH=/home/ubuntu/Desktop/Ak8064_TEST/install/can_interface/lib:${LD_LIBRARY_PATH} /usr/bin/cmake --build /home/ubuntu/Desktop/Ak8064_TEST/build/motor_driver -- -j8 -l8
[0.042s] -- Found ament_cmake: 1.3.11 (/opt/ros/humble/share/ament_cmake/cmake)
[0.154s] -- Found rclcpp: 16.0.12 (/opt/ros/humble/share/rclcpp/cmake)
[0.190s] -- Found rosidl_generator_c: 3.1.6 (/opt/ros/humble/share/rosidl_generator_c/cmake)
[0.193s] -- Found rosidl_adapter: 3.1.6 (/opt/ros/humble/share/rosidl_adapter/cmake)
[0.201s] -- Found rosidl_generator_cpp: 3.1.6 (/opt/ros/humble/share/rosidl_generator_cpp/cmake)
[0.213s] -- Using all available rosidl_typesupport_c: rosidl_typesupport_fastrtps_c;rosidl_typesupport_introspection_c
[0.224s] -- Using all available rosidl_typesupport_cpp: rosidl_typesupport_fastrtps_cpp;rosidl_typesupport_introspection_cpp
[0.254s] -- Found rmw_implementation_cmake: 6.1.2 (/opt/ros/humble/share/rmw_implementation_cmake/cmake)
[0.256s] -- Found rmw_cyclonedds_cpp: 1.3.4 (/opt/ros/humble/share/rmw_cyclonedds_cpp/cmake)
[0.274s] -- Using RMW implementation 'rmw_cyclonedds_cpp' as default
[0.318s] -- Found can_interface: 0.0.1 (/home/ubuntu/Desktop/Ak8064_TEST/install/can_interface/share/can_interface/cmake)
[0.379s] -- Configuring done
[0.398s] -- Generating done
[0.404s] -- Build files have been written to: /home/ubuntu/Desktop/Ak8064_TEST/build/motor_driver
[0.427s] [35m[1mConsolidate compiler generated dependencies of target TestMes[0m
[0.427s] [35m[1mConsolidate compiler generated dependencies of target Test[0m
[0.427s] [35m[1mConsolidate compiler generated dependencies of target ControlMotor[0m
[0.429s] [35m[1mConsolidate compiler generated dependencies of target SetOMotor[0m
[0.440s] [ 10%] [32mBuilding CXX object CMakeFiles/RPMTest.dir/src/RPMTest.cpp.o[0m
[0.454s] [ 30%] Built target SetOMotor
[0.457s] [ 50%] Built target ControlMotor
[0.457s] [ 70%] Built target TestMes
[0.459s] [ 80%] [32mBuilding CXX object CMakeFiles/Test.dir/src/22_5_Test.cpp.o[0m
[5.602s] [ 90%] [32m[1mLinking CXX executable RPMTest[0m
[5.899s] [ 90%] Built target RPMTest
[9.420s] [100%] [32m[1mLinking CXX executable Test[0m
[9.845s] [100%] Built target Test
[9.853s] Invoked command in '/home/ubuntu/Desktop/Ak8064_TEST/build/motor_driver' returned '0': AMENT_PREFIX_PATH=/home/ubuntu/Desktop/Ak8064_TEST/install/can_interface:${AMENT_PREFIX_PATH} CMAKE_PREFIX_PATH=/home/ubuntu/Desktop/Ak8064_TEST/install/can_interface:/opt/ros/humble LD_LIBRARY_PATH=/home/ubuntu/Desktop/Ak8064_TEST/install/can_interface/lib:${LD_LIBRARY_PATH} /usr/bin/cmake --build /home/ubuntu/Desktop/Ak8064_TEST/build/motor_driver -- -j8 -l8
[9.854s] Invoking command in '/home/ubuntu/Desktop/Ak8064_TEST/build/motor_driver': AMENT_PREFIX_PATH=/home/ubuntu/Desktop/Ak8064_TEST/install/can_interface:${AMENT_PREFIX_PATH} CMAKE_PREFIX_PATH=/home/ubuntu/Desktop/Ak8064_TEST/install/can_interface:/opt/ros/humble LD_LIBRARY_PATH=/home/ubuntu/Desktop/Ak8064_TEST/install/can_interface/lib:${LD_LIBRARY_PATH} /usr/bin/cmake --install /home/ubuntu/Desktop/Ak8064_TEST/build/motor_driver
[9.860s] -- Install configuration: ""
[9.860s] -- Up-to-date: /home/ubuntu/Desktop/Ak8064_TEST/install/motor_driver/lib/motor_driver/SetOMotor
[9.861s] -- Up-to-date: /home/ubuntu/Desktop/Ak8064_TEST/install/motor_driver/lib/motor_driver/ControlMotor
[9.862s] -- Installing: /home/ubuntu/Desktop/Ak8064_TEST/install/motor_driver/lib/motor_driver/Test
[9.865s] -- Set runtime path of "/home/ubuntu/Desktop/Ak8064_TEST/install/motor_driver/lib/motor_driver/Test" to ""
[9.866s] -- Up-to-date: /home/ubuntu/Desktop/Ak8064_TEST/install/motor_driver/lib/motor_driver/TestMes
[9.866s] -- Installing: /home/ubuntu/Desktop/Ak8064_TEST/install/motor_driver/lib/motor_driver/RPMTest
[9.867s] -- Set runtime path of "/home/ubuntu/Desktop/Ak8064_TEST/install/motor_driver/lib/motor_driver/RPMTest" to ""
[9.867s] -- Up-to-date: /home/ubuntu/Desktop/Ak8064_TEST/install/motor_driver/share/motor_driver//config
[9.867s] -- Installing: /home/ubuntu/Desktop/Ak8064_TEST/install/motor_driver/share/motor_driver//config/exercise1_params.yaml
[9.868s] -- Up-to-date: /home/ubuntu/Desktop/Ak8064_TEST/install/motor_driver/share/motor_driver//config/exercise2_params.yaml
[9.868s] -- Up-to-date: /home/ubuntu/Desktop/Ak8064_TEST/install/motor_driver/share/motor_driver//launch
[9.869s] -- Up-to-date: /home/ubuntu/Desktop/Ak8064_TEST/install/motor_driver/share/motor_driver//launch/motor_control.launch.py
[9.869s] -- Up-to-date: /home/ubuntu/Desktop/Ak8064_TEST/install/motor_driver/lib/motor_driver/set_params_gui.py
[9.869s] -- Up-to-date: /home/ubuntu/Desktop/Ak8064_TEST/install/motor_driver/lib/motor_driver/GUI_TEST.py
[9.869s] -- Up-to-date: /home/ubuntu/Desktop/Ak8064_TEST/install/motor_driver/lib/motor_driver/TurnOn.sh
[9.869s] -- Up-to-date: /home/ubuntu/Desktop/Ak8064_TEST/install/motor_driver/share/motor_driver/config/exercise1_params.yaml
[9.869s] -- Up-to-date: /home/ubuntu/Desktop/Ak8064_TEST/install/motor_driver/share/motor_driver/config/exercise2_params.yaml
[9.869s] -- Up-to-date: /home/ubuntu/Desktop/Ak8064_TEST/install/motor_driver/share/ament_index/resource_index/package_run_dependencies/motor_driver
[9.869s] -- Up-to-date: /home/ubuntu/Desktop/Ak8064_TEST/install/motor_driver/share/ament_index/resource_index/parent_prefix_path/motor_driver
[9.869s] -- Up-to-date: /home/ubuntu/Desktop/Ak8064_TEST/install/motor_driver/share/motor_driver/environment/ament_prefix_path.sh
[9.869s] -- Installing: /home/ubuntu/Desktop/Ak8064_TEST/install/motor_driver/share/motor_driver/environment/ament_prefix_path.dsv
[9.869s] -- Up-to-date: /home/ubuntu/Desktop/Ak8064_TEST/install/motor_driver/share/motor_driver/environment/path.sh
[9.869s] -- Installing: /home/ubuntu/Desktop/Ak8064_TEST/install/motor_driver/share/motor_driver/environment/path.dsv
[9.870s] -- Up-to-date: /home/ubuntu/Desktop/Ak8064_TEST/install/motor_driver/share/motor_driver/local_setup.bash
[9.870s] -- Up-to-date: /home/ubuntu/Desktop/Ak8064_TEST/install/motor_driver/share/motor_driver/local_setup.sh
[9.870s] -- Up-to-date: /home/ubuntu/Desktop/Ak8064_TEST/install/motor_driver/share/motor_driver/local_setup.zsh
[9.870s] -- Installing: /home/ubuntu/Desktop/Ak8064_TEST/install/motor_driver/share/motor_driver/local_setup.dsv
[9.870s] -- Installing: /home/ubuntu/Desktop/Ak8064_TEST/install/motor_driver/share/motor_driver/package.dsv
[9.870s] -- Up-to-date: /home/ubuntu/Desktop/Ak8064_TEST/install/motor_driver/share/ament_index/resource_index/packages/motor_driver
[9.870s] -- Up-to-date: /home/ubuntu/Desktop/Ak8064_TEST/install/motor_driver/share/motor_driver/cmake/motor_driverConfig.cmake
[9.870s] -- Up-to-date: /home/ubuntu/Desktop/Ak8064_TEST/install/motor_driver/share/motor_driver/cmake/motor_driverConfig-version.cmake
[9.870s] -- Up-to-date: /home/ubuntu/Desktop/Ak8064_TEST/install/motor_driver/share/motor_driver/package.xml
[9.872s] Invoked command in '/home/ubuntu/Desktop/Ak8064_TEST/build/motor_driver' returned '0': AMENT_PREFIX_PATH=/home/ubuntu/Desktop/Ak8064_TEST/install/can_interface:${AMENT_PREFIX_PATH} CMAKE_PREFIX_PATH=/home/ubuntu/Desktop/Ak8064_TEST/install/can_interface:/opt/ros/humble LD_LIBRARY_PATH=/home/ubuntu/Desktop/Ak8064_TEST/install/can_interface/lib:${LD_LIBRARY_PATH} /usr/bin/cmake --install /home/ubuntu/Desktop/Ak8064_TEST/build/motor_driver
