[0.242s] DEBUG:colcon:Command line arguments: ['/usr/bin/colcon', 'build']
[0.242s] DEBUG:colcon:Parsed command line arguments: Namespace(log_base=None, log_level=None, verb_name='build', build_base='build', install_base='install', merge_install=False, symlink_install=False, test_result_base=None, continue_on_error=False, executor='parallel', parallel_workers=8, event_handlers=None, ignore_user_meta=False, metas=['./colcon.meta'], base_paths=['.'], packages_ignore=None, packages_ignore_regex=None, paths=None, packages_up_to=None, packages_up_to_regex=None, packages_above=None, packages_above_and_dependencies=None, packages_above_depth=None, packages_select_by_dep=None, packages_skip_by_dep=None, packages_skip_up_to=None, packages_select_build_failed=False, packages_skip_build_finished=False, packages_select_test_failures=False, packages_skip_test_passed=False, packages_select=None, packages_skip=None, packages_select_regex=None, packages_skip_regex=None, packages_start=None, packages_end=None, allow_overriding=[], cmake_args=None, cmake_target=None, cmake_target_skip_unavailable=False, cmake_clean_cache=False, cmake_clean_first=False, cmake_force_configure=False, ament_cmake_args=None, catkin_cmake_args=None, catkin_skip_building_tests=False, mixin_files=None, mixin=None, verb_parser=<colcon_mixin.mixin.mixin_argument.MixinArgumentDecorator object at 0x76afd1758310>, verb_extension=<colcon_core.verb.build.BuildVerb object at 0x76afd1727d90>, main=<bound method BuildVerb.main of <colcon_core.verb.build.BuildVerb object at 0x76afd1727d90>>, mixin_verb=('build',))
[0.368s] Level 1:colcon.colcon_core.package_discovery:discover_packages(colcon_meta) check parameters
[0.368s] Level 1:colcon.colcon_core.package_discovery:discover_packages(recursive) check parameters
[0.368s] Level 1:colcon.colcon_core.package_discovery:discover_packages(ignore) check parameters
[0.368s] Level 1:colcon.colcon_core.package_discovery:discover_packages(path) check parameters
[0.368s] Level 1:colcon.colcon_core.package_discovery:discover_packages(colcon_meta) discover
[0.368s] Level 1:colcon.colcon_core.package_discovery:discover_packages(recursive) discover
[0.368s] INFO:colcon.colcon_core.package_discovery:Crawling recursively for packages in '/home/ubuntu/Desktop/AK_ws'
[0.368s] Level 1:colcon.colcon_core.package_identification:_identify(.) by extensions ['ignore', 'ignore_ament_install']
[0.369s] Level 1:colcon.colcon_core.package_identification:_identify(.) by extension 'ignore'
[0.369s] Level 1:colcon.colcon_core.package_identification:_identify(.) by extension 'ignore_ament_install'
[0.369s] Level 1:colcon.colcon_core.package_identification:_identify(.) by extensions ['colcon_pkg']
[0.369s] Level 1:colcon.colcon_core.package_identification:_identify(.) by extension 'colcon_pkg'
[0.369s] Level 1:colcon.colcon_core.package_identification:_identify(.) by extensions ['colcon_meta']
[0.369s] Level 1:colcon.colcon_core.package_identification:_identify(.) by extension 'colcon_meta'
[0.369s] Level 1:colcon.colcon_core.package_identification:_identify(.) by extensions ['ros']
[0.369s] Level 1:colcon.colcon_core.package_identification:_identify(.) by extension 'ros'
[0.399s] Level 1:colcon.colcon_core.package_identification:_identify(.) by extensions ['cmake', 'python']
[0.399s] Level 1:colcon.colcon_core.package_identification:_identify(.) by extension 'cmake'
[0.399s] Level 1:colcon.colcon_core.package_identification:_identify(.) by extension 'python'
[0.399s] Level 1:colcon.colcon_core.package_identification:_identify(.) by extensions ['python_setup_py']
[0.399s] Level 1:colcon.colcon_core.package_identification:_identify(.) by extension 'python_setup_py'
[0.399s] Level 1:colcon.colcon_core.package_identification:_identify(build) by extensions ['ignore', 'ignore_ament_install']
[0.399s] Level 1:colcon.colcon_core.package_identification:_identify(build) by extension 'ignore'
[0.400s] Level 1:colcon.colcon_core.package_identification:_identify(build) ignored
[0.400s] Level 1:colcon.colcon_core.package_identification:_identify(install) by extensions ['ignore', 'ignore_ament_install']
[0.400s] Level 1:colcon.colcon_core.package_identification:_identify(install) by extension 'ignore'
[0.400s] Level 1:colcon.colcon_core.package_identification:_identify(install) ignored
[0.400s] Level 1:colcon.colcon_core.package_identification:_identify(log) by extensions ['ignore', 'ignore_ament_install']
[0.400s] Level 1:colcon.colcon_core.package_identification:_identify(log) by extension 'ignore'
[0.401s] Level 1:colcon.colcon_core.package_identification:_identify(log) ignored
[0.401s] Level 1:colcon.colcon_core.package_identification:_identify(src) by extensions ['ignore', 'ignore_ament_install']
[0.401s] Level 1:colcon.colcon_core.package_identification:_identify(src) by extension 'ignore'
[0.401s] Level 1:colcon.colcon_core.package_identification:_identify(src) by extension 'ignore_ament_install'
[0.401s] Level 1:colcon.colcon_core.package_identification:_identify(src) by extensions ['colcon_pkg']
[0.401s] Level 1:colcon.colcon_core.package_identification:_identify(src) by extension 'colcon_pkg'
[0.401s] Level 1:colcon.colcon_core.package_identification:_identify(src) by extensions ['colcon_meta']
[0.401s] Level 1:colcon.colcon_core.package_identification:_identify(src) by extension 'colcon_meta'
[0.401s] Level 1:colcon.colcon_core.package_identification:_identify(src) by extensions ['ros']
[0.401s] Level 1:colcon.colcon_core.package_identification:_identify(src) by extension 'ros'
[0.401s] Level 1:colcon.colcon_core.package_identification:_identify(src) by extensions ['cmake', 'python']
[0.402s] Level 1:colcon.colcon_core.package_identification:_identify(src) by extension 'cmake'
[0.402s] Level 1:colcon.colcon_core.package_identification:_identify(src) by extension 'python'
[0.402s] Level 1:colcon.colcon_core.package_identification:_identify(src) by extensions ['python_setup_py']
[0.402s] Level 1:colcon.colcon_core.package_identification:_identify(src) by extension 'python_setup_py'
[0.402s] Level 1:colcon.colcon_core.package_identification:_identify(src/can_interface) by extensions ['ignore', 'ignore_ament_install']
[0.402s] Level 1:colcon.colcon_core.package_identification:_identify(src/can_interface) by extension 'ignore'
[0.402s] Level 1:colcon.colcon_core.package_identification:_identify(src/can_interface) by extension 'ignore_ament_install'
[0.402s] Level 1:colcon.colcon_core.package_identification:_identify(src/can_interface) by extensions ['colcon_pkg']
[0.402s] Level 1:colcon.colcon_core.package_identification:_identify(src/can_interface) by extension 'colcon_pkg'
[0.402s] Level 1:colcon.colcon_core.package_identification:_identify(src/can_interface) by extensions ['colcon_meta']
[0.402s] Level 1:colcon.colcon_core.package_identification:_identify(src/can_interface) by extension 'colcon_meta'
[0.403s] Level 1:colcon.colcon_core.package_identification:_identify(src/can_interface) by extensions ['ros']
[0.403s] Level 1:colcon.colcon_core.package_identification:_identify(src/can_interface) by extension 'ros'
[0.407s] DEBUG:colcon.colcon_core.package_identification:Package 'src/can_interface' with type 'ros.ament_cmake' and name 'can_interface'
[0.407s] Level 1:colcon.colcon_core.package_identification:_identify(src/motor_driver) by extensions ['ignore', 'ignore_ament_install']
[0.407s] Level 1:colcon.colcon_core.package_identification:_identify(src/motor_driver) by extension 'ignore'
[0.407s] Level 1:colcon.colcon_core.package_identification:_identify(src/motor_driver) by extension 'ignore_ament_install'
[0.407s] Level 1:colcon.colcon_core.package_identification:_identify(src/motor_driver) by extensions ['colcon_pkg']
[0.408s] Level 1:colcon.colcon_core.package_identification:_identify(src/motor_driver) by extension 'colcon_pkg'
[0.408s] Level 1:colcon.colcon_core.package_identification:_identify(src/motor_driver) by extensions ['colcon_meta']
[0.408s] Level 1:colcon.colcon_core.package_identification:_identify(src/motor_driver) by extension 'colcon_meta'
[0.408s] Level 1:colcon.colcon_core.package_identification:_identify(src/motor_driver) by extensions ['ros']
[0.408s] Level 1:colcon.colcon_core.package_identification:_identify(src/motor_driver) by extension 'ros'
[0.409s] DEBUG:colcon.colcon_core.package_identification:Package 'src/motor_driver' with type 'ros.ament_cmake' and name 'motor_driver'
[0.409s] Level 1:colcon.colcon_core.package_discovery:discover_packages(recursive) using defaults
[0.409s] Level 1:colcon.colcon_core.package_discovery:discover_packages(ignore) discover
[0.409s] Level 1:colcon.colcon_core.package_discovery:discover_packages(ignore) using defaults
[0.410s] Level 1:colcon.colcon_core.package_discovery:discover_packages(path) discover
[0.410s] Level 1:colcon.colcon_core.package_discovery:discover_packages(path) using defaults
[0.450s] Level 1:colcon.colcon_core.package_discovery:discover_packages(prefix_path) check parameters
[0.450s] Level 1:colcon.colcon_core.package_discovery:discover_packages(prefix_path) discover
[0.455s] DEBUG:colcon.colcon_installed_package_information.package_discovery:Found 352 installed packages in /opt/ros/humble
[0.458s] Level 1:colcon.colcon_core.package_discovery:discover_packages(prefix_path) using defaults
[0.562s] Level 5:colcon.colcon_core.verb:set package 'can_interface' build argument 'cmake_args' from command line to 'None'
[0.562s] Level 5:colcon.colcon_core.verb:set package 'can_interface' build argument 'cmake_target' from command line to 'None'
[0.562s] Level 5:colcon.colcon_core.verb:set package 'can_interface' build argument 'cmake_target_skip_unavailable' from command line to 'False'
[0.562s] Level 5:colcon.colcon_core.verb:set package 'can_interface' build argument 'cmake_clean_cache' from command line to 'False'
[0.562s] Level 5:colcon.colcon_core.verb:set package 'can_interface' build argument 'cmake_clean_first' from command line to 'False'
[0.562s] Level 5:colcon.colcon_core.verb:set package 'can_interface' build argument 'cmake_force_configure' from command line to 'False'
[0.562s] Level 5:colcon.colcon_core.verb:set package 'can_interface' build argument 'ament_cmake_args' from command line to 'None'
[0.563s] Level 5:colcon.colcon_core.verb:set package 'can_interface' build argument 'catkin_cmake_args' from command line to 'None'
[0.563s] Level 5:colcon.colcon_core.verb:set package 'can_interface' build argument 'catkin_skip_building_tests' from command line to 'False'
[0.563s] DEBUG:colcon.colcon_core.verb:Building package 'can_interface' with the following arguments: {'ament_cmake_args': None, 'build_base': '/home/ubuntu/Desktop/AK_ws/build/can_interface', 'catkin_cmake_args': None, 'catkin_skip_building_tests': False, 'cmake_args': None, 'cmake_clean_cache': False, 'cmake_clean_first': False, 'cmake_force_configure': False, 'cmake_target': None, 'cmake_target_skip_unavailable': False, 'install_base': '/home/ubuntu/Desktop/AK_ws/install/can_interface', 'merge_install': False, 'path': '/home/ubuntu/Desktop/AK_ws/src/can_interface', 'symlink_install': False, 'test_result_base': None}
[0.563s] Level 5:colcon.colcon_core.verb:set package 'motor_driver' build argument 'cmake_args' from command line to 'None'
[0.563s] Level 5:colcon.colcon_core.verb:set package 'motor_driver' build argument 'cmake_target' from command line to 'None'
[0.563s] Level 5:colcon.colcon_core.verb:set package 'motor_driver' build argument 'cmake_target_skip_unavailable' from command line to 'False'
[0.563s] Level 5:colcon.colcon_core.verb:set package 'motor_driver' build argument 'cmake_clean_cache' from command line to 'False'
[0.564s] Level 5:colcon.colcon_core.verb:set package 'motor_driver' build argument 'cmake_clean_first' from command line to 'False'
[0.564s] Level 5:colcon.colcon_core.verb:set package 'motor_driver' build argument 'cmake_force_configure' from command line to 'False'
[0.564s] Level 5:colcon.colcon_core.verb:set package 'motor_driver' build argument 'ament_cmake_args' from command line to 'None'
[0.564s] Level 5:colcon.colcon_core.verb:set package 'motor_driver' build argument 'catkin_cmake_args' from command line to 'None'
[0.564s] Level 5:colcon.colcon_core.verb:set package 'motor_driver' build argument 'catkin_skip_building_tests' from command line to 'False'
[0.564s] DEBUG:colcon.colcon_core.verb:Building package 'motor_driver' with the following arguments: {'ament_cmake_args': None, 'build_base': '/home/ubuntu/Desktop/AK_ws/build/motor_driver', 'catkin_cmake_args': None, 'catkin_skip_building_tests': False, 'cmake_args': None, 'cmake_clean_cache': False, 'cmake_clean_first': False, 'cmake_force_configure': False, 'cmake_target': None, 'cmake_target_skip_unavailable': False, 'install_base': '/home/ubuntu/Desktop/AK_ws/install/motor_driver', 'merge_install': False, 'path': '/home/ubuntu/Desktop/AK_ws/src/motor_driver', 'symlink_install': False, 'test_result_base': None}
[0.564s] INFO:colcon.colcon_core.executor:Executing jobs using 'parallel' executor
[0.566s] DEBUG:colcon.colcon_parallel_executor.executor.parallel:run_until_complete
[0.566s] INFO:colcon.colcon_ros.task.ament_cmake.build:Building ROS package in '/home/ubuntu/Desktop/AK_ws/src/can_interface' with build type 'ament_cmake'
[0.567s] INFO:colcon.colcon_cmake.task.cmake.build:Building CMake package in '/home/ubuntu/Desktop/AK_ws/src/can_interface'
[0.570s] INFO:colcon.colcon_core.plugin_system:Skipping extension 'colcon_core.shell.bat': Not used on non-Windows systems
[0.570s] INFO:colcon.colcon_core.shell:Skip shell extension 'powershell' for command environment: Not usable outside of PowerShell
[0.571s] DEBUG:colcon.colcon_core.shell:Skip shell extension 'dsv' for command environment
[0.587s] DEBUG:colcon.colcon_core.event_handler.log_command:Invoking command in '/home/ubuntu/Desktop/AK_ws/build/can_interface': CMAKE_PREFIX_PATH=/opt/ros/humble /usr/bin/cmake --build /home/ubuntu/Desktop/AK_ws/build/can_interface -- -j8 -l8
[0.691s] DEBUG:colcon.colcon_core.event_handler.log_command:Invoked command in '/home/ubuntu/Desktop/AK_ws/build/can_interface' returned '0': CMAKE_PREFIX_PATH=/opt/ros/humble /usr/bin/cmake --build /home/ubuntu/Desktop/AK_ws/build/can_interface -- -j8 -l8
[0.710s] DEBUG:colcon.colcon_core.event_handler.log_command:Invoking command in '/home/ubuntu/Desktop/AK_ws/build/can_interface': CMAKE_PREFIX_PATH=/opt/ros/humble /usr/bin/cmake --install /home/ubuntu/Desktop/AK_ws/build/can_interface
[0.729s] Level 1:colcon.colcon_core.environment:create_environment_scripts_only(can_interface)
[0.730s] DEBUG:colcon.colcon_core.event_handler.log_command:Invoked command in '/home/ubuntu/Desktop/AK_ws/build/can_interface' returned '0': CMAKE_PREFIX_PATH=/opt/ros/humble /usr/bin/cmake --install /home/ubuntu/Desktop/AK_ws/build/can_interface
[0.735s] Level 1:colcon.colcon_core.environment:checking '/home/ubuntu/Desktop/AK_ws/install/can_interface' for CMake module files
[0.737s] Level 1:colcon.colcon_core.environment:checking '/home/ubuntu/Desktop/AK_ws/install/can_interface' for CMake config files
[0.737s] Level 1:colcon.colcon_core.shell:create_environment_hook('can_interface', 'cmake_prefix_path')
[0.738s] INFO:colcon.colcon_core.shell:Creating environment hook '/home/ubuntu/Desktop/AK_ws/install/can_interface/share/can_interface/hook/cmake_prefix_path.ps1'
[0.740s] INFO:colcon.colcon_core.shell:Creating environment descriptor '/home/ubuntu/Desktop/AK_ws/install/can_interface/share/can_interface/hook/cmake_prefix_path.dsv'
[0.741s] INFO:colcon.colcon_core.shell:Creating environment hook '/home/ubuntu/Desktop/AK_ws/install/can_interface/share/can_interface/hook/cmake_prefix_path.sh'
[0.743s] Level 1:colcon.colcon_core.environment:checking '/home/ubuntu/Desktop/AK_ws/install/can_interface/lib'
[0.744s] Level 1:colcon.colcon_core.shell:create_environment_hook('can_interface', 'ld_library_path_lib')
[0.744s] INFO:colcon.colcon_core.shell:Creating environment hook '/home/ubuntu/Desktop/AK_ws/install/can_interface/share/can_interface/hook/ld_library_path_lib.ps1'
[0.745s] INFO:colcon.colcon_core.shell:Creating environment descriptor '/home/ubuntu/Desktop/AK_ws/install/can_interface/share/can_interface/hook/ld_library_path_lib.dsv'
[0.746s] INFO:colcon.colcon_core.shell:Creating environment hook '/home/ubuntu/Desktop/AK_ws/install/can_interface/share/can_interface/hook/ld_library_path_lib.sh'
[0.747s] Level 1:colcon.colcon_core.environment:checking '/home/ubuntu/Desktop/AK_ws/install/can_interface/bin'
[0.747s] Level 1:colcon.colcon_core.environment:checking '/home/ubuntu/Desktop/AK_ws/install/can_interface/lib/pkgconfig/can_interface.pc'
[0.748s] Level 1:colcon.colcon_core.environment:checking '/home/ubuntu/Desktop/AK_ws/install/can_interface/lib/python3.10/site-packages'
[0.748s] Level 1:colcon.colcon_core.environment:checking '/home/ubuntu/Desktop/AK_ws/install/can_interface/bin'
[0.749s] INFO:colcon.colcon_core.shell:Creating package script '/home/ubuntu/Desktop/AK_ws/install/can_interface/share/can_interface/package.ps1'
[0.750s] INFO:colcon.colcon_core.shell:Creating package descriptor '/home/ubuntu/Desktop/AK_ws/install/can_interface/share/can_interface/package.dsv'
[0.752s] INFO:colcon.colcon_core.shell:Creating package script '/home/ubuntu/Desktop/AK_ws/install/can_interface/share/can_interface/package.sh'
[0.753s] INFO:colcon.colcon_core.shell:Creating package script '/home/ubuntu/Desktop/AK_ws/install/can_interface/share/can_interface/package.bash'
[0.755s] INFO:colcon.colcon_core.shell:Creating package script '/home/ubuntu/Desktop/AK_ws/install/can_interface/share/can_interface/package.zsh'
[0.756s] Level 1:colcon.colcon_core.environment:create_file_with_runtime_dependencies(/home/ubuntu/Desktop/AK_ws/install/can_interface/share/colcon-core/packages/can_interface)
[0.757s] Level 1:colcon.colcon_core.environment:create_environment_scripts_only(can_interface)
[0.757s] Level 1:colcon.colcon_core.environment:checking '/home/ubuntu/Desktop/AK_ws/install/can_interface' for CMake module files
[0.758s] Level 1:colcon.colcon_core.environment:checking '/home/ubuntu/Desktop/AK_ws/install/can_interface' for CMake config files
[0.758s] Level 1:colcon.colcon_core.shell:create_environment_hook('can_interface', 'cmake_prefix_path')
[0.759s] INFO:colcon.colcon_core.shell:Creating environment hook '/home/ubuntu/Desktop/AK_ws/install/can_interface/share/can_interface/hook/cmake_prefix_path.ps1'
[0.760s] INFO:colcon.colcon_core.shell:Creating environment descriptor '/home/ubuntu/Desktop/AK_ws/install/can_interface/share/can_interface/hook/cmake_prefix_path.dsv'
[0.761s] INFO:colcon.colcon_core.shell:Creating environment hook '/home/ubuntu/Desktop/AK_ws/install/can_interface/share/can_interface/hook/cmake_prefix_path.sh'
[0.762s] Level 1:colcon.colcon_core.environment:checking '/home/ubuntu/Desktop/AK_ws/install/can_interface/lib'
[0.762s] Level 1:colcon.colcon_core.shell:create_environment_hook('can_interface', 'ld_library_path_lib')
[0.762s] INFO:colcon.colcon_core.shell:Creating environment hook '/home/ubuntu/Desktop/AK_ws/install/can_interface/share/can_interface/hook/ld_library_path_lib.ps1'
[0.764s] INFO:colcon.colcon_core.shell:Creating environment descriptor '/home/ubuntu/Desktop/AK_ws/install/can_interface/share/can_interface/hook/ld_library_path_lib.dsv'
[0.764s] INFO:colcon.colcon_core.shell:Creating environment hook '/home/ubuntu/Desktop/AK_ws/install/can_interface/share/can_interface/hook/ld_library_path_lib.sh'
[0.766s] Level 1:colcon.colcon_core.environment:checking '/home/ubuntu/Desktop/AK_ws/install/can_interface/bin'
[0.766s] Level 1:colcon.colcon_core.environment:checking '/home/ubuntu/Desktop/AK_ws/install/can_interface/lib/pkgconfig/can_interface.pc'
[0.767s] Level 1:colcon.colcon_core.environment:checking '/home/ubuntu/Desktop/AK_ws/install/can_interface/lib/python3.10/site-packages'
[0.767s] Level 1:colcon.colcon_core.environment:checking '/home/ubuntu/Desktop/AK_ws/install/can_interface/bin'
[0.768s] INFO:colcon.colcon_core.shell:Creating package script '/home/ubuntu/Desktop/AK_ws/install/can_interface/share/can_interface/package.ps1'
[0.769s] INFO:colcon.colcon_core.shell:Creating package descriptor '/home/ubuntu/Desktop/AK_ws/install/can_interface/share/can_interface/package.dsv'
[0.770s] INFO:colcon.colcon_core.shell:Creating package script '/home/ubuntu/Desktop/AK_ws/install/can_interface/share/can_interface/package.sh'
[0.771s] INFO:colcon.colcon_core.shell:Creating package script '/home/ubuntu/Desktop/AK_ws/install/can_interface/share/can_interface/package.bash'
[0.772s] INFO:colcon.colcon_core.shell:Creating package script '/home/ubuntu/Desktop/AK_ws/install/can_interface/share/can_interface/package.zsh'
[0.772s] Level 1:colcon.colcon_core.environment:create_file_with_runtime_dependencies(/home/ubuntu/Desktop/AK_ws/install/can_interface/share/colcon-core/packages/can_interface)
[0.773s] INFO:colcon.colcon_ros.task.ament_cmake.build:Building ROS package in '/home/ubuntu/Desktop/AK_ws/src/motor_driver' with build type 'ament_cmake'
[0.773s] INFO:colcon.colcon_cmake.task.cmake.build:Building CMake package in '/home/ubuntu/Desktop/AK_ws/src/motor_driver'
[0.774s] INFO:colcon.colcon_core.shell:Skip shell extension 'powershell' for command environment: Not usable outside of PowerShell
[0.774s] DEBUG:colcon.colcon_core.shell:Skip shell extension 'dsv' for command environment
[0.793s] DEBUG:colcon.colcon_core.event_handler.log_command:Invoking command in '/home/ubuntu/Desktop/AK_ws/build/motor_driver': AMENT_PREFIX_PATH=/home/ubuntu/Desktop/AK_ws/install/can_interface:${AMENT_PREFIX_PATH} CMAKE_PREFIX_PATH=/home/ubuntu/Desktop/AK_ws/install/can_interface:/opt/ros/humble LD_LIBRARY_PATH=/home/ubuntu/Desktop/AK_ws/install/can_interface/lib:${LD_LIBRARY_PATH} /usr/bin/cmake /home/ubuntu/Desktop/AK_ws/src/motor_driver -DCMAKE_INSTALL_PREFIX=/home/ubuntu/Desktop/AK_ws/install/motor_driver
[1.613s] DEBUG:colcon.colcon_core.event_handler.log_command:Invoked command in '/home/ubuntu/Desktop/AK_ws/build/motor_driver' returned '0': AMENT_PREFIX_PATH=/home/ubuntu/Desktop/AK_ws/install/can_interface:${AMENT_PREFIX_PATH} CMAKE_PREFIX_PATH=/home/ubuntu/Desktop/AK_ws/install/can_interface:/opt/ros/humble LD_LIBRARY_PATH=/home/ubuntu/Desktop/AK_ws/install/can_interface/lib:${LD_LIBRARY_PATH} /usr/bin/cmake /home/ubuntu/Desktop/AK_ws/src/motor_driver -DCMAKE_INSTALL_PREFIX=/home/ubuntu/Desktop/AK_ws/install/motor_driver
[1.615s] DEBUG:colcon.colcon_core.event_handler.log_command:Invoking command in '/home/ubuntu/Desktop/AK_ws/build/motor_driver': AMENT_PREFIX_PATH=/home/ubuntu/Desktop/AK_ws/install/can_interface:${AMENT_PREFIX_PATH} CMAKE_PREFIX_PATH=/home/ubuntu/Desktop/AK_ws/install/can_interface:/opt/ros/humble LD_LIBRARY_PATH=/home/ubuntu/Desktop/AK_ws/install/can_interface/lib:${LD_LIBRARY_PATH} /usr/bin/cmake --build /home/ubuntu/Desktop/AK_ws/build/motor_driver -- -j8 -l8
[8.306s] DEBUG:colcon.colcon_core.event_handler.log_command:Invoked command in '/home/ubuntu/Desktop/AK_ws/build/motor_driver' returned '0': AMENT_PREFIX_PATH=/home/ubuntu/Desktop/AK_ws/install/can_interface:${AMENT_PREFIX_PATH} CMAKE_PREFIX_PATH=/home/ubuntu/Desktop/AK_ws/install/can_interface:/opt/ros/humble LD_LIBRARY_PATH=/home/ubuntu/Desktop/AK_ws/install/can_interface/lib:${LD_LIBRARY_PATH} /usr/bin/cmake --build /home/ubuntu/Desktop/AK_ws/build/motor_driver -- -j8 -l8
[8.309s] DEBUG:colcon.colcon_core.event_handler.log_command:Invoking command in '/home/ubuntu/Desktop/AK_ws/build/motor_driver': AMENT_PREFIX_PATH=/home/ubuntu/Desktop/AK_ws/install/can_interface:${AMENT_PREFIX_PATH} CMAKE_PREFIX_PATH=/home/ubuntu/Desktop/AK_ws/install/can_interface:/opt/ros/humble LD_LIBRARY_PATH=/home/ubuntu/Desktop/AK_ws/install/can_interface/lib:${LD_LIBRARY_PATH} /usr/bin/cmake --install /home/ubuntu/Desktop/AK_ws/build/motor_driver
[8.331s] Level 1:colcon.colcon_core.environment:create_environment_scripts_only(motor_driver)
[8.332s] Level 1:colcon.colcon_core.environment:checking '/home/ubuntu/Desktop/AK_ws/install/motor_driver' for CMake module files
[8.333s] DEBUG:colcon.colcon_core.event_handler.log_command:Invoked command in '/home/ubuntu/Desktop/AK_ws/build/motor_driver' returned '0': AMENT_PREFIX_PATH=/home/ubuntu/Desktop/AK_ws/install/can_interface:${AMENT_PREFIX_PATH} CMAKE_PREFIX_PATH=/home/ubuntu/Desktop/AK_ws/install/can_interface:/opt/ros/humble LD_LIBRARY_PATH=/home/ubuntu/Desktop/AK_ws/install/can_interface/lib:${LD_LIBRARY_PATH} /usr/bin/cmake --install /home/ubuntu/Desktop/AK_ws/build/motor_driver
[8.333s] Level 1:colcon.colcon_core.environment:checking '/home/ubuntu/Desktop/AK_ws/install/motor_driver' for CMake config files
[8.334s] Level 1:colcon.colcon_core.shell:create_environment_hook('motor_driver', 'cmake_prefix_path')
[8.334s] INFO:colcon.colcon_core.shell:Creating environment hook '/home/ubuntu/Desktop/AK_ws/install/motor_driver/share/motor_driver/hook/cmake_prefix_path.ps1'
[8.335s] INFO:colcon.colcon_core.shell:Creating environment descriptor '/home/ubuntu/Desktop/AK_ws/install/motor_driver/share/motor_driver/hook/cmake_prefix_path.dsv'
[8.336s] INFO:colcon.colcon_core.shell:Creating environment hook '/home/ubuntu/Desktop/AK_ws/install/motor_driver/share/motor_driver/hook/cmake_prefix_path.sh'
[8.337s] Level 1:colcon.colcon_core.environment:checking '/home/ubuntu/Desktop/AK_ws/install/motor_driver/lib'
[8.337s] Level 1:colcon.colcon_core.environment:checking '/home/ubuntu/Desktop/AK_ws/install/motor_driver/bin'
[8.337s] Level 1:colcon.colcon_core.environment:checking '/home/ubuntu/Desktop/AK_ws/install/motor_driver/lib/pkgconfig/motor_driver.pc'
[8.338s] Level 1:colcon.colcon_core.environment:checking '/home/ubuntu/Desktop/AK_ws/install/motor_driver/lib/python3.10/site-packages'
[8.338s] Level 1:colcon.colcon_core.environment:checking '/home/ubuntu/Desktop/AK_ws/install/motor_driver/bin'
[8.339s] INFO:colcon.colcon_core.shell:Creating package script '/home/ubuntu/Desktop/AK_ws/install/motor_driver/share/motor_driver/package.ps1'
[8.339s] INFO:colcon.colcon_core.shell:Creating package descriptor '/home/ubuntu/Desktop/AK_ws/install/motor_driver/share/motor_driver/package.dsv'
[8.340s] INFO:colcon.colcon_core.shell:Creating package script '/home/ubuntu/Desktop/AK_ws/install/motor_driver/share/motor_driver/package.sh'
[8.341s] INFO:colcon.colcon_core.shell:Creating package script '/home/ubuntu/Desktop/AK_ws/install/motor_driver/share/motor_driver/package.bash'
[8.341s] INFO:colcon.colcon_core.shell:Creating package script '/home/ubuntu/Desktop/AK_ws/install/motor_driver/share/motor_driver/package.zsh'
[8.342s] Level 1:colcon.colcon_core.environment:create_file_with_runtime_dependencies(/home/ubuntu/Desktop/AK_ws/install/motor_driver/share/colcon-core/packages/motor_driver)
[8.343s] Level 1:colcon.colcon_core.environment:create_environment_scripts_only(motor_driver)
[8.343s] Level 1:colcon.colcon_core.environment:checking '/home/ubuntu/Desktop/AK_ws/install/motor_driver' for CMake module files
[8.344s] Level 1:colcon.colcon_core.environment:checking '/home/ubuntu/Desktop/AK_ws/install/motor_driver' for CMake config files
[8.345s] Level 1:colcon.colcon_core.shell:create_environment_hook('motor_driver', 'cmake_prefix_path')
[8.345s] INFO:colcon.colcon_core.shell:Creating environment hook '/home/ubuntu/Desktop/AK_ws/install/motor_driver/share/motor_driver/hook/cmake_prefix_path.ps1'
[8.346s] INFO:colcon.colcon_core.shell:Creating environment descriptor '/home/ubuntu/Desktop/AK_ws/install/motor_driver/share/motor_driver/hook/cmake_prefix_path.dsv'
[8.346s] INFO:colcon.colcon_core.shell:Creating environment hook '/home/ubuntu/Desktop/AK_ws/install/motor_driver/share/motor_driver/hook/cmake_prefix_path.sh'
[8.347s] Level 1:colcon.colcon_core.environment:checking '/home/ubuntu/Desktop/AK_ws/install/motor_driver/lib'
[8.347s] Level 1:colcon.colcon_core.environment:checking '/home/ubuntu/Desktop/AK_ws/install/motor_driver/bin'
[8.348s] Level 1:colcon.colcon_core.environment:checking '/home/ubuntu/Desktop/AK_ws/install/motor_driver/lib/pkgconfig/motor_driver.pc'
[8.348s] Level 1:colcon.colcon_core.environment:checking '/home/ubuntu/Desktop/AK_ws/install/motor_driver/lib/python3.10/site-packages'
[8.348s] Level 1:colcon.colcon_core.environment:checking '/home/ubuntu/Desktop/AK_ws/install/motor_driver/bin'
[8.349s] INFO:colcon.colcon_core.shell:Creating package script '/home/ubuntu/Desktop/AK_ws/install/motor_driver/share/motor_driver/package.ps1'
[8.350s] INFO:colcon.colcon_core.shell:Creating package descriptor '/home/ubuntu/Desktop/AK_ws/install/motor_driver/share/motor_driver/package.dsv'
[8.350s] INFO:colcon.colcon_core.shell:Creating package script '/home/ubuntu/Desktop/AK_ws/install/motor_driver/share/motor_driver/package.sh'
[8.351s] INFO:colcon.colcon_core.shell:Creating package script '/home/ubuntu/Desktop/AK_ws/install/motor_driver/share/motor_driver/package.bash'
[8.352s] INFO:colcon.colcon_core.shell:Creating package script '/home/ubuntu/Desktop/AK_ws/install/motor_driver/share/motor_driver/package.zsh'
[8.353s] Level 1:colcon.colcon_core.environment:create_file_with_runtime_dependencies(/home/ubuntu/Desktop/AK_ws/install/motor_driver/share/colcon-core/packages/motor_driver)
[8.353s] DEBUG:colcon.colcon_parallel_executor.executor.parallel:closing loop
[8.354s] DEBUG:colcon.colcon_parallel_executor.executor.parallel:loop closed
[8.354s] DEBUG:colcon.colcon_parallel_executor.executor.parallel:run_until_complete finished with '0'
[8.354s] DEBUG:colcon.colcon_core.event_reactor:joining thread
[8.365s] INFO:colcon.colcon_core.plugin_system:Skipping extension 'colcon_notification.desktop_notification.terminal_notifier': Not used on non-Darwin systems
[8.365s] INFO:colcon.colcon_core.plugin_system:Skipping extension 'colcon_notification.desktop_notification.win32': Not used on non-Windows systems
[8.365s] INFO:colcon.colcon_notification.desktop_notification:Sending desktop notification using 'notify2'
[8.386s] DEBUG:colcon.colcon_core.event_reactor:joined thread
[8.386s] INFO:colcon.colcon_core.shell:Creating prefix script '/home/ubuntu/Desktop/AK_ws/install/local_setup.ps1'
[8.389s] INFO:colcon.colcon_core.shell:Creating prefix util module '/home/ubuntu/Desktop/AK_ws/install/_local_setup_util_ps1.py'
[8.391s] INFO:colcon.colcon_core.shell:Creating prefix chain script '/home/ubuntu/Desktop/AK_ws/install/setup.ps1'
[8.394s] INFO:colcon.colcon_core.shell:Creating prefix script '/home/ubuntu/Desktop/AK_ws/install/local_setup.sh'
[8.395s] INFO:colcon.colcon_core.shell:Creating prefix util module '/home/ubuntu/Desktop/AK_ws/install/_local_setup_util_sh.py'
[8.396s] INFO:colcon.colcon_core.shell:Creating prefix chain script '/home/ubuntu/Desktop/AK_ws/install/setup.sh'
[8.398s] INFO:colcon.colcon_core.shell:Creating prefix script '/home/ubuntu/Desktop/AK_ws/install/local_setup.bash'
[8.399s] INFO:colcon.colcon_core.shell:Creating prefix chain script '/home/ubuntu/Desktop/AK_ws/install/setup.bash'
[8.401s] INFO:colcon.colcon_core.shell:Creating prefix script '/home/ubuntu/Desktop/AK_ws/install/local_setup.zsh'
[8.402s] INFO:colcon.colcon_core.shell:Creating prefix chain script '/home/ubuntu/Desktop/AK_ws/install/setup.zsh'
