[0.016s] Invoking command in '/home/ubuntu/Desktop/AK_ws/build/motor_driver': AMENT_PREFIX_PATH=/home/ubuntu/Desktop/AK_ws/install/can_interface:${AMENT_PREFIX_PATH} CMAKE_PREFIX_PATH=/home/ubuntu/Desktop/AK_ws/install/can_interface:/opt/ros/humble LD_LIBRARY_PATH=/home/ubuntu/Desktop/AK_ws/install/can_interface/lib:${LD_LIBRARY_PATH} /usr/bin/cmake /home/ubuntu/Desktop/AK_ws/src/motor_driver -DCMAKE_INSTALL_PREFIX=/home/ubuntu/Desktop/AK_ws/install/motor_driver
[0.129s] -- The C compiler identification is GNU 11.4.0
[0.246s] -- The CXX compiler identification is GNU 11.4.0
[0.260s] -- Detecting C compiler ABI info
[0.393s] -- Detecting C compiler ABI info - done
[0.419s] -- Check for working C compiler: /usr/bin/cc - skipped
[0.420s] -- Detecting C compile features
[0.421s] -- Detecting C compile features - done
[0.427s] -- Detecting CXX compiler ABI info
[0.606s] -- Detecting CXX compiler ABI info - done
[0.625s] -- Check for working CXX compiler: /usr/bin/c++ - skipped
[0.625s] -- Detecting CXX compile features
[0.626s] -- Detecting CXX compile features - done
[0.628s] -- Found ament_cmake: 1.3.11 (/opt/ros/humble/share/ament_cmake/cmake)
[1.526s] -- Found Python3: /usr/bin/python3 (found version "3.10.12") found components: Interpreter 
[1.703s] -- Found rclcpp: 16.0.12 (/opt/ros/humble/share/rclcpp/cmake)
[1.785s] -- Found rosidl_generator_c: 3.1.6 (/opt/ros/humble/share/rosidl_generator_c/cmake)
[1.795s] -- Found rosidl_adapter: 3.1.6 (/opt/ros/humble/share/rosidl_adapter/cmake)
[1.810s] -- Found rosidl_generator_cpp: 3.1.6 (/opt/ros/humble/share/rosidl_generator_cpp/cmake)
[1.836s] -- Using all available rosidl_typesupport_c: rosidl_typesupport_fastrtps_c;rosidl_typesupport_introspection_c
[1.866s] -- Using all available rosidl_typesupport_cpp: rosidl_typesupport_fastrtps_cpp;rosidl_typesupport_introspection_cpp
[1.951s] -- Found rmw_implementation_cmake: 6.1.2 (/opt/ros/humble/share/rmw_implementation_cmake/cmake)
[1.956s] -- Found rmw_cyclonedds_cpp: 1.3.4 (/opt/ros/humble/share/rmw_cyclonedds_cpp/cmake)
[1.996s] -- Using RMW implementation 'rmw_cyclonedds_cpp' as default
[2.012s] -- Looking for pthread.h
[2.139s] -- Looking for pthread.h - found
[2.139s] -- Performing Test CMAKE_HAVE_LIBC_PTHREAD
[2.276s] -- Performing Test CMAKE_HAVE_LIBC_PTHREAD - Success
[2.278s] -- Found Threads: TRUE  
[2.389s] -- Found can_interface: 0.0.1 (/home/ubuntu/Desktop/AK_ws/install/can_interface/share/can_interface/cmake)
[2.392s] [31mCMake Error at CMakeLists.txt:14 (add_executable):
[2.393s]   add_executable cannot create target "motor_control_node" because another
[2.393s]   target with the same name already exists.  The existing target is an
[2.393s]   executable created in source directory
[2.393s]   "/home/ubuntu/Desktop/AK_ws/src/motor_driver".  See documentation for
[2.393s]   policy CMP0002 for more details.
[2.393s] 
[2.393s] [0m
[2.395s] [31mCMake Error at /opt/ros/humble/share/ament_cmake_target_dependencies/cmake/ament_target_dependencies.cmake:42 (message):
[2.395s]   ament_target_dependencies() the first argument must be a valid target name
[2.395s] Call Stack (most recent call first):
[2.396s]   CMakeLists.txt:21 (ament_target_dependencies)
[2.396s] 
[2.396s] [0m
[2.396s] -- Configuring incomplete, errors occurred!
[2.396s] See also "/home/ubuntu/Desktop/AK_ws/build/motor_driver/CMakeFiles/CMakeOutput.log".
[2.408s] Invoked command in '/home/ubuntu/Desktop/AK_ws/build/motor_driver' returned '1': AMENT_PREFIX_PATH=/home/ubuntu/Desktop/AK_ws/install/can_interface:${AMENT_PREFIX_PATH} CMAKE_PREFIX_PATH=/home/ubuntu/Desktop/AK_ws/install/can_interface:/opt/ros/humble LD_LIBRARY_PATH=/home/ubuntu/Desktop/AK_ws/install/can_interface/lib:${LD_LIBRARY_PATH} /usr/bin/cmake /home/ubuntu/Desktop/AK_ws/src/motor_driver -DCMAKE_INSTALL_PREFIX=/home/ubuntu/Desktop/AK_ws/install/motor_driver
