[0.006s] Invoking command in '/home/ubuntu/Desktop/Ak8064_TEST/build/motor_driver': CMAKE_PREFIX_PATH=/home/ubuntu/Desktop/Ak8064_TEST/install/can_interface:/home/ubuntu/Desktop/Ak8064_TEST/install/motor_driver:/opt/ros/humble /usr/bin/cmake --build /home/ubuntu/Desktop/Ak8064_TEST/build/motor_driver -- -j8 -l8
[0.027s] -- Found ament_cmake: 1.3.11 (/opt/ros/humble/share/ament_cmake/cmake)
[0.129s] -- Found rclcpp: 16.0.12 (/opt/ros/humble/share/rclcpp/cmake)
[0.161s] -- Found rosidl_generator_c: 3.1.6 (/opt/ros/humble/share/rosidl_generator_c/cmake)
[0.163s] -- Found rosidl_adapter: 3.1.6 (/opt/ros/humble/share/rosidl_adapter/cmake)
[0.169s] -- Found rosidl_generator_cpp: 3.1.6 (/opt/ros/humble/share/rosidl_generator_cpp/cmake)
[0.177s] -- Using all available rosidl_typesupport_c: rosidl_typesupport_fastrtps_c;rosidl_typesupport_introspection_c
[0.187s] -- Using all available rosidl_typesupport_cpp: rosidl_typesupport_fastrtps_cpp;rosidl_typesupport_introspection_cpp
[0.216s] -- Found rmw_implementation_cmake: 6.1.2 (/opt/ros/humble/share/rmw_implementation_cmake/cmake)
[0.217s] -- Found rmw_cyclonedds_cpp: 1.3.4 (/opt/ros/humble/share/rmw_cyclonedds_cpp/cmake)
[0.235s] -- Using RMW implementation 'rmw_cyclonedds_cpp' as default
[0.278s] -- Found can_interface: 0.0.1 (/home/ubuntu/Desktop/Ak8064_TEST/install/can_interface/share/can_interface/cmake)
[0.361s] -- Configuring done
[0.384s] -- Generating done
[0.388s] -- Build files have been written to: /home/ubuntu/Desktop/Ak8064_TEST/build/motor_driver
[0.406s] [35m[1mConsolidate compiler generated dependencies of target ControlMotor[0m
[0.406s] [35m[1mConsolidate compiler generated dependencies of target SetOMotor[0m
[0.413s] [ 16%] [32mBuilding CXX object CMakeFiles/Test.dir/src/22_5_Test.cpp.o[0m
[0.421s] [ 33%] [32mBuilding CXX object CMakeFiles/ControlMotor.dir/src/ControlMotor.cpp.o[0m
[0.423s] [ 66%] Built target SetOMotor
[5.288s] [100%] [32m[1mLinking CXX executable Test[0m
[5.288s] [100%] [32m[1mLinking CXX executable ControlMotor[0m
[5.581s] [100%] Built target ControlMotor
[5.584s] [100%] Built target Test
[5.593s] Invoked command in '/home/ubuntu/Desktop/Ak8064_TEST/build/motor_driver' returned '0': CMAKE_PREFIX_PATH=/home/ubuntu/Desktop/Ak8064_TEST/install/can_interface:/home/ubuntu/Desktop/Ak8064_TEST/install/motor_driver:/opt/ros/humble /usr/bin/cmake --build /home/ubuntu/Desktop/Ak8064_TEST/build/motor_driver -- -j8 -l8
[5.595s] Invoking command in '/home/ubuntu/Desktop/Ak8064_TEST/build/motor_driver': CMAKE_PREFIX_PATH=/home/ubuntu/Desktop/Ak8064_TEST/install/can_interface:/home/ubuntu/Desktop/Ak8064_TEST/install/motor_driver:/opt/ros/humble /usr/bin/cmake --install /home/ubuntu/Desktop/Ak8064_TEST/build/motor_driver
[5.601s] -- Install configuration: ""
[5.601s] -- Up-to-date: /home/ubuntu/Desktop/Ak8064_TEST/install/motor_driver/lib/motor_driver/SetOMotor
[5.601s] -- Installing: /home/ubuntu/Desktop/Ak8064_TEST/install/motor_driver/lib/motor_driver/ControlMotor
[5.602s] -- Set runtime path of "/home/ubuntu/Desktop/Ak8064_TEST/install/motor_driver/lib/motor_driver/ControlMotor" to ""
[5.602s] -- Installing: /home/ubuntu/Desktop/Ak8064_TEST/install/motor_driver/lib/motor_driver/Test
[5.604s] -- Set runtime path of "/home/ubuntu/Desktop/Ak8064_TEST/install/motor_driver/lib/motor_driver/Test" to ""
[5.604s] -- Up-to-date: /home/ubuntu/Desktop/Ak8064_TEST/install/motor_driver/share/motor_driver//config
[5.604s] -- Up-to-date: /home/ubuntu/Desktop/Ak8064_TEST/install/motor_driver/share/motor_driver//config/exercise1_params.yaml
[5.604s] -- Up-to-date: /home/ubuntu/Desktop/Ak8064_TEST/install/motor_driver/share/motor_driver//config/exercise2_params.yaml
[5.604s] -- Up-to-date: /home/ubuntu/Desktop/Ak8064_TEST/install/motor_driver/share/motor_driver//launch
[5.604s] -- Up-to-date: /home/ubuntu/Desktop/Ak8064_TEST/install/motor_driver/share/motor_driver//launch/motor_control.launch.py
[5.604s] -- Up-to-date: /home/ubuntu/Desktop/Ak8064_TEST/install/motor_driver/lib/motor_driver/set_params_gui.py
[5.605s] -- Up-to-date: /home/ubuntu/Desktop/Ak8064_TEST/install/motor_driver/lib/motor_driver/TurnOn.sh
[5.605s] -- Up-to-date: /home/ubuntu/Desktop/Ak8064_TEST/install/motor_driver/share/motor_driver/config/exercise1_params.yaml
[5.605s] -- Up-to-date: /home/ubuntu/Desktop/Ak8064_TEST/install/motor_driver/share/motor_driver/config/exercise2_params.yaml
[5.605s] -- Up-to-date: /home/ubuntu/Desktop/Ak8064_TEST/install/motor_driver/share/ament_index/resource_index/package_run_dependencies/motor_driver
[5.605s] -- Installing: /home/ubuntu/Desktop/Ak8064_TEST/install/motor_driver/share/ament_index/resource_index/parent_prefix_path/motor_driver
[5.605s] -- Up-to-date: /home/ubuntu/Desktop/Ak8064_TEST/install/motor_driver/share/motor_driver/environment/ament_prefix_path.sh
[5.605s] -- Installing: /home/ubuntu/Desktop/Ak8064_TEST/install/motor_driver/share/motor_driver/environment/ament_prefix_path.dsv
[5.605s] -- Up-to-date: /home/ubuntu/Desktop/Ak8064_TEST/install/motor_driver/share/motor_driver/environment/path.sh
[5.605s] -- Installing: /home/ubuntu/Desktop/Ak8064_TEST/install/motor_driver/share/motor_driver/environment/path.dsv
[5.605s] -- Up-to-date: /home/ubuntu/Desktop/Ak8064_TEST/install/motor_driver/share/motor_driver/local_setup.bash
[5.605s] -- Up-to-date: /home/ubuntu/Desktop/Ak8064_TEST/install/motor_driver/share/motor_driver/local_setup.sh
[5.605s] -- Up-to-date: /home/ubuntu/Desktop/Ak8064_TEST/install/motor_driver/share/motor_driver/local_setup.zsh
[5.605s] -- Installing: /home/ubuntu/Desktop/Ak8064_TEST/install/motor_driver/share/motor_driver/local_setup.dsv
[5.605s] -- Installing: /home/ubuntu/Desktop/Ak8064_TEST/install/motor_driver/share/motor_driver/package.dsv
[5.605s] -- Up-to-date: /home/ubuntu/Desktop/Ak8064_TEST/install/motor_driver/share/ament_index/resource_index/packages/motor_driver
[5.605s] -- Up-to-date: /home/ubuntu/Desktop/Ak8064_TEST/install/motor_driver/share/motor_driver/cmake/motor_driverConfig.cmake
[5.605s] -- Up-to-date: /home/ubuntu/Desktop/Ak8064_TEST/install/motor_driver/share/motor_driver/cmake/motor_driverConfig-version.cmake
[5.605s] -- Up-to-date: /home/ubuntu/Desktop/Ak8064_TEST/install/motor_driver/share/motor_driver/package.xml
[5.607s] Invoked command in '/home/ubuntu/Desktop/Ak8064_TEST/build/motor_driver' returned '0': CMAKE_PREFIX_PATH=/home/ubuntu/Desktop/Ak8064_TEST/install/can_interface:/home/ubuntu/Desktop/Ak8064_TEST/install/motor_driver:/opt/ros/humble /usr/bin/cmake --install /home/ubuntu/Desktop/Ak8064_TEST/build/motor_driver
