[0.154s] DEBUG:colcon:Command line arguments: ['/usr/bin/colcon', 'build']
[0.154s] DEBUG:colcon:Parsed command line arguments: Namespace(log_base=None, log_level=None, verb_name='build', build_base='build', install_base='install', merge_install=False, symlink_install=False, test_result_base=None, continue_on_error=False, executor='parallel', parallel_workers=8, event_handlers=None, ignore_user_meta=False, metas=['./colcon.meta'], base_paths=['.'], packages_ignore=None, packages_ignore_regex=None, paths=None, packages_up_to=None, packages_up_to_regex=None, packages_above=None, packages_above_and_dependencies=None, packages_above_depth=None, packages_select_by_dep=None, packages_skip_by_dep=None, packages_skip_up_to=None, packages_select_build_failed=False, packages_skip_build_finished=False, packages_select_test_failures=False, packages_skip_test_passed=False, packages_select=None, packages_skip=None, packages_select_regex=None, packages_skip_regex=None, packages_start=None, packages_end=None, allow_overriding=[], cmake_args=None, cmake_target=None, cmake_target_skip_unavailable=False, cmake_clean_cache=False, cmake_clean_first=False, cmake_force_configure=False, ament_cmake_args=None, catkin_cmake_args=None, catkin_skip_building_tests=False, mixin_files=None, mixin=None, verb_parser=<colcon_mixin.mixin.mixin_argument.MixinArgumentDecorator object at 0x7fe4cab8c610>, verb_extension=<colcon_core.verb.build.BuildVerb object at 0x7fe4cab5ffd0>, main=<bound method BuildVerb.main of <colcon_core.verb.build.BuildVerb object at 0x7fe4cab5ffd0>>, mixin_verb=('build',))
[0.210s] Level 1:colcon.colcon_core.package_discovery:discover_packages(colcon_meta) check parameters
[0.210s] Level 1:colcon.colcon_core.package_discovery:discover_packages(recursive) check parameters
[0.210s] Level 1:colcon.colcon_core.package_discovery:discover_packages(ignore) check parameters
[0.210s] Level 1:colcon.colcon_core.package_discovery:discover_packages(path) check parameters
[0.210s] Level 1:colcon.colcon_core.package_discovery:discover_packages(colcon_meta) discover
[0.210s] Level 1:colcon.colcon_core.package_discovery:discover_packages(recursive) discover
[0.210s] INFO:colcon.colcon_core.package_discovery:Crawling recursively for packages in '/home/ubuntu/Desktop/AK80_64'
[0.210s] Level 1:colcon.colcon_core.package_identification:_identify(.) by extensions ['ignore', 'ignore_ament_install']
[0.211s] Level 1:colcon.colcon_core.package_identification:_identify(.) by extension 'ignore'
[0.211s] Level 1:colcon.colcon_core.package_identification:_identify(.) by extension 'ignore_ament_install'
[0.211s] Level 1:colcon.colcon_core.package_identification:_identify(.) by extensions ['colcon_pkg']
[0.211s] Level 1:colcon.colcon_core.package_identification:_identify(.) by extension 'colcon_pkg'
[0.211s] Level 1:colcon.colcon_core.package_identification:_identify(.) by extensions ['colcon_meta']
[0.211s] Level 1:colcon.colcon_core.package_identification:_identify(.) by extension 'colcon_meta'
[0.211s] Level 1:colcon.colcon_core.package_identification:_identify(.) by extensions ['ros']
[0.211s] Level 1:colcon.colcon_core.package_identification:_identify(.) by extension 'ros'
[0.222s] Level 1:colcon.colcon_core.package_identification:_identify(.) by extensions ['cmake', 'python']
[0.222s] Level 1:colcon.colcon_core.package_identification:_identify(.) by extension 'cmake'
[0.222s] Level 1:colcon.colcon_core.package_identification:_identify(.) by extension 'python'
[0.222s] Level 1:colcon.colcon_core.package_identification:_identify(.) by extensions ['python_setup_py']
[0.222s] Level 1:colcon.colcon_core.package_identification:_identify(.) by extension 'python_setup_py'
[0.222s] Level 1:colcon.colcon_core.package_identification:_identify(build) by extensions ['ignore', 'ignore_ament_install']
[0.222s] Level 1:colcon.colcon_core.package_identification:_identify(build) by extension 'ignore'
[0.222s] Level 1:colcon.colcon_core.package_identification:_identify(build) ignored
[0.222s] Level 1:colcon.colcon_core.package_identification:_identify(install) by extensions ['ignore', 'ignore_ament_install']
[0.222s] Level 1:colcon.colcon_core.package_identification:_identify(install) by extension 'ignore'
[0.222s] Level 1:colcon.colcon_core.package_identification:_identify(install) ignored
[0.222s] Level 1:colcon.colcon_core.package_identification:_identify(log) by extensions ['ignore', 'ignore_ament_install']
[0.222s] Level 1:colcon.colcon_core.package_identification:_identify(log) by extension 'ignore'
[0.222s] Level 1:colcon.colcon_core.package_identification:_identify(log) ignored
[0.222s] Level 1:colcon.colcon_core.package_identification:_identify(src) by extensions ['ignore', 'ignore_ament_install']
[0.222s] Level 1:colcon.colcon_core.package_identification:_identify(src) by extension 'ignore'
[0.222s] Level 1:colcon.colcon_core.package_identification:_identify(src) by extension 'ignore_ament_install'
[0.222s] Level 1:colcon.colcon_core.package_identification:_identify(src) by extensions ['colcon_pkg']
[0.222s] Level 1:colcon.colcon_core.package_identification:_identify(src) by extension 'colcon_pkg'
[0.222s] Level 1:colcon.colcon_core.package_identification:_identify(src) by extensions ['colcon_meta']
[0.222s] Level 1:colcon.colcon_core.package_identification:_identify(src) by extension 'colcon_meta'
[0.223s] Level 1:colcon.colcon_core.package_identification:_identify(src) by extensions ['ros']
[0.223s] Level 1:colcon.colcon_core.package_identification:_identify(src) by extension 'ros'
[0.223s] Level 1:colcon.colcon_core.package_identification:_identify(src) by extensions ['cmake', 'python']
[0.223s] Level 1:colcon.colcon_core.package_identification:_identify(src) by extension 'cmake'
[0.223s] Level 1:colcon.colcon_core.package_identification:_identify(src) by extension 'python'
[0.223s] Level 1:colcon.colcon_core.package_identification:_identify(src) by extensions ['python_setup_py']
[0.223s] Level 1:colcon.colcon_core.package_identification:_identify(src) by extension 'python_setup_py'
[0.223s] Level 1:colcon.colcon_core.package_identification:_identify(src/can_interface) by extensions ['ignore', 'ignore_ament_install']
[0.223s] Level 1:colcon.colcon_core.package_identification:_identify(src/can_interface) by extension 'ignore'
[0.223s] Level 1:colcon.colcon_core.package_identification:_identify(src/can_interface) by extension 'ignore_ament_install'
[0.223s] Level 1:colcon.colcon_core.package_identification:_identify(src/can_interface) by extensions ['colcon_pkg']
[0.223s] Level 1:colcon.colcon_core.package_identification:_identify(src/can_interface) by extension 'colcon_pkg'
[0.223s] Level 1:colcon.colcon_core.package_identification:_identify(src/can_interface) by extensions ['colcon_meta']
[0.223s] Level 1:colcon.colcon_core.package_identification:_identify(src/can_interface) by extension 'colcon_meta'
[0.223s] Level 1:colcon.colcon_core.package_identification:_identify(src/can_interface) by extensions ['ros']
[0.223s] Level 1:colcon.colcon_core.package_identification:_identify(src/can_interface) by extension 'ros'
[0.225s] DEBUG:colcon.colcon_core.package_identification:Package 'src/can_interface' with type 'ros.ament_cmake' and name 'can_interface'
[0.225s] Level 1:colcon.colcon_core.package_identification:_identify(src/motor_driver) by extensions ['ignore', 'ignore_ament_install']
[0.225s] Level 1:colcon.colcon_core.package_identification:_identify(src/motor_driver) by extension 'ignore'
[0.225s] Level 1:colcon.colcon_core.package_identification:_identify(src/motor_driver) by extension 'ignore_ament_install'
[0.225s] Level 1:colcon.colcon_core.package_identification:_identify(src/motor_driver) by extensions ['colcon_pkg']
[0.225s] Level 1:colcon.colcon_core.package_identification:_identify(src/motor_driver) by extension 'colcon_pkg'
[0.225s] Level 1:colcon.colcon_core.package_identification:_identify(src/motor_driver) by extensions ['colcon_meta']
[0.225s] Level 1:colcon.colcon_core.package_identification:_identify(src/motor_driver) by extension 'colcon_meta'
[0.225s] Level 1:colcon.colcon_core.package_identification:_identify(src/motor_driver) by extensions ['ros']
[0.225s] Level 1:colcon.colcon_core.package_identification:_identify(src/motor_driver) by extension 'ros'
[0.226s] DEBUG:colcon.colcon_core.package_identification:Package 'src/motor_driver' with type 'ros.ament_cmake' and name 'motor_driver'
[0.226s] Level 1:colcon.colcon_core.package_discovery:discover_packages(recursive) using defaults
[0.226s] Level 1:colcon.colcon_core.package_discovery:discover_packages(ignore) discover
[0.226s] Level 1:colcon.colcon_core.package_discovery:discover_packages(ignore) using defaults
[0.226s] Level 1:colcon.colcon_core.package_discovery:discover_packages(path) discover
[0.226s] Level 1:colcon.colcon_core.package_discovery:discover_packages(path) using defaults
[0.246s] Level 1:colcon.colcon_core.package_discovery:discover_packages(prefix_path) check parameters
[0.246s] Level 1:colcon.colcon_core.package_discovery:discover_packages(prefix_path) discover
[0.247s] DEBUG:colcon.colcon_installed_package_information.package_discovery:Found 2 installed packages in /home/ubuntu/Desktop/AK80_64/install
[0.248s] DEBUG:colcon.colcon_installed_package_information.package_discovery:Found 352 installed packages in /opt/ros/humble
[0.250s] Level 1:colcon.colcon_core.package_discovery:discover_packages(prefix_path) using defaults
[0.297s] Level 5:colcon.colcon_core.verb:set package 'can_interface' build argument 'cmake_args' from command line to 'None'
[0.297s] Level 5:colcon.colcon_core.verb:set package 'can_interface' build argument 'cmake_target' from command line to 'None'
[0.297s] Level 5:colcon.colcon_core.verb:set package 'can_interface' build argument 'cmake_target_skip_unavailable' from command line to 'False'
[0.297s] Level 5:colcon.colcon_core.verb:set package 'can_interface' build argument 'cmake_clean_cache' from command line to 'False'
[0.297s] Level 5:colcon.colcon_core.verb:set package 'can_interface' build argument 'cmake_clean_first' from command line to 'False'
[0.297s] Level 5:colcon.colcon_core.verb:set package 'can_interface' build argument 'cmake_force_configure' from command line to 'False'
[0.297s] Level 5:colcon.colcon_core.verb:set package 'can_interface' build argument 'ament_cmake_args' from command line to 'None'
[0.297s] Level 5:colcon.colcon_core.verb:set package 'can_interface' build argument 'catkin_cmake_args' from command line to 'None'
[0.297s] Level 5:colcon.colcon_core.verb:set package 'can_interface' build argument 'catkin_skip_building_tests' from command line to 'False'
[0.297s] DEBUG:colcon.colcon_core.verb:Building package 'can_interface' with the following arguments: {'ament_cmake_args': None, 'build_base': '/home/ubuntu/Desktop/AK80_64/build/can_interface', 'catkin_cmake_args': None, 'catkin_skip_building_tests': False, 'cmake_args': None, 'cmake_clean_cache': False, 'cmake_clean_first': False, 'cmake_force_configure': False, 'cmake_target': None, 'cmake_target_skip_unavailable': False, 'install_base': '/home/ubuntu/Desktop/AK80_64/install/can_interface', 'merge_install': False, 'path': '/home/ubuntu/Desktop/AK80_64/src/can_interface', 'symlink_install': False, 'test_result_base': None}
[0.297s] Level 5:colcon.colcon_core.verb:set package 'motor_driver' build argument 'cmake_args' from command line to 'None'
[0.298s] Level 5:colcon.colcon_core.verb:set package 'motor_driver' build argument 'cmake_target' from command line to 'None'
[0.298s] Level 5:colcon.colcon_core.verb:set package 'motor_driver' build argument 'cmake_target_skip_unavailable' from command line to 'False'
[0.298s] Level 5:colcon.colcon_core.verb:set package 'motor_driver' build argument 'cmake_clean_cache' from command line to 'False'
[0.298s] Level 5:colcon.colcon_core.verb:set package 'motor_driver' build argument 'cmake_clean_first' from command line to 'False'
[0.298s] Level 5:colcon.colcon_core.verb:set package 'motor_driver' build argument 'cmake_force_configure' from command line to 'False'
[0.298s] Level 5:colcon.colcon_core.verb:set package 'motor_driver' build argument 'ament_cmake_args' from command line to 'None'
[0.298s] Level 5:colcon.colcon_core.verb:set package 'motor_driver' build argument 'catkin_cmake_args' from command line to 'None'
[0.298s] Level 5:colcon.colcon_core.verb:set package 'motor_driver' build argument 'catkin_skip_building_tests' from command line to 'False'
[0.298s] DEBUG:colcon.colcon_core.verb:Building package 'motor_driver' with the following arguments: {'ament_cmake_args': None, 'build_base': '/home/ubuntu/Desktop/AK80_64/build/motor_driver', 'catkin_cmake_args': None, 'catkin_skip_building_tests': False, 'cmake_args': None, 'cmake_clean_cache': False, 'cmake_clean_first': False, 'cmake_force_configure': False, 'cmake_target': None, 'cmake_target_skip_unavailable': False, 'install_base': '/home/ubuntu/Desktop/AK80_64/install/motor_driver', 'merge_install': False, 'path': '/home/ubuntu/Desktop/AK80_64/src/motor_driver', 'symlink_install': False, 'test_result_base': None}
[0.298s] INFO:colcon.colcon_core.executor:Executing jobs using 'parallel' executor
[0.299s] DEBUG:colcon.colcon_parallel_executor.executor.parallel:run_until_complete
[0.299s] INFO:colcon.colcon_ros.task.ament_cmake.build:Building ROS package in '/home/ubuntu/Desktop/AK80_64/src/can_interface' with build type 'ament_cmake'
[0.299s] INFO:colcon.colcon_cmake.task.cmake.build:Building CMake package in '/home/ubuntu/Desktop/AK80_64/src/can_interface'
[0.301s] INFO:colcon.colcon_core.plugin_system:Skipping extension 'colcon_core.shell.bat': Not used on non-Windows systems
[0.301s] INFO:colcon.colcon_core.shell:Skip shell extension 'powershell' for command environment: Not usable outside of PowerShell
[0.301s] DEBUG:colcon.colcon_core.shell:Skip shell extension 'dsv' for command environment
[0.309s] DEBUG:colcon.colcon_core.event_handler.log_command:Invoking command in '/home/ubuntu/Desktop/AK80_64/build/can_interface': CMAKE_PREFIX_PATH=${CMAKE_PREFIX_PATH}:/opt/ros/humble /usr/bin/cmake --build /home/ubuntu/Desktop/AK80_64/build/can_interface -- -j8 -l8
[0.352s] DEBUG:colcon.colcon_core.event_handler.log_command:Invoked command in '/home/ubuntu/Desktop/AK80_64/build/can_interface' returned '0': CMAKE_PREFIX_PATH=${CMAKE_PREFIX_PATH}:/opt/ros/humble /usr/bin/cmake --build /home/ubuntu/Desktop/AK80_64/build/can_interface -- -j8 -l8
[0.360s] DEBUG:colcon.colcon_core.event_handler.log_command:Invoking command in '/home/ubuntu/Desktop/AK80_64/build/can_interface': CMAKE_PREFIX_PATH=${CMAKE_PREFIX_PATH}:/opt/ros/humble /usr/bin/cmake --install /home/ubuntu/Desktop/AK80_64/build/can_interface
[0.370s] Level 1:colcon.colcon_core.environment:create_environment_scripts_only(can_interface)
[0.370s] DEBUG:colcon.colcon_core.event_handler.log_command:Invoked command in '/home/ubuntu/Desktop/AK80_64/build/can_interface' returned '0': CMAKE_PREFIX_PATH=${CMAKE_PREFIX_PATH}:/opt/ros/humble /usr/bin/cmake --install /home/ubuntu/Desktop/AK80_64/build/can_interface
[0.372s] Level 1:colcon.colcon_core.environment:checking '/home/ubuntu/Desktop/AK80_64/install/can_interface' for CMake module files
[0.373s] Level 1:colcon.colcon_core.environment:checking '/home/ubuntu/Desktop/AK80_64/install/can_interface' for CMake config files
[0.373s] Level 1:colcon.colcon_core.shell:create_environment_hook('can_interface', 'cmake_prefix_path')
[0.374s] INFO:colcon.colcon_core.shell:Creating environment hook '/home/ubuntu/Desktop/AK80_64/install/can_interface/share/can_interface/hook/cmake_prefix_path.ps1'
[0.374s] INFO:colcon.colcon_core.shell:Creating environment descriptor '/home/ubuntu/Desktop/AK80_64/install/can_interface/share/can_interface/hook/cmake_prefix_path.dsv'
[0.375s] INFO:colcon.colcon_core.shell:Creating environment hook '/home/ubuntu/Desktop/AK80_64/install/can_interface/share/can_interface/hook/cmake_prefix_path.sh'
[0.376s] Level 1:colcon.colcon_core.environment:checking '/home/ubuntu/Desktop/AK80_64/install/can_interface/lib'
[0.376s] Level 1:colcon.colcon_core.shell:create_environment_hook('can_interface', 'ld_library_path_lib')
[0.376s] INFO:colcon.colcon_core.shell:Creating environment hook '/home/ubuntu/Desktop/AK80_64/install/can_interface/share/can_interface/hook/ld_library_path_lib.ps1'
[0.376s] INFO:colcon.colcon_core.shell:Creating environment descriptor '/home/ubuntu/Desktop/AK80_64/install/can_interface/share/can_interface/hook/ld_library_path_lib.dsv'
[0.377s] INFO:colcon.colcon_core.shell:Creating environment hook '/home/ubuntu/Desktop/AK80_64/install/can_interface/share/can_interface/hook/ld_library_path_lib.sh'
[0.377s] Level 1:colcon.colcon_core.environment:checking '/home/ubuntu/Desktop/AK80_64/install/can_interface/bin'
[0.377s] Level 1:colcon.colcon_core.environment:checking '/home/ubuntu/Desktop/AK80_64/install/can_interface/lib/pkgconfig/can_interface.pc'
[0.377s] Level 1:colcon.colcon_core.environment:checking '/home/ubuntu/Desktop/AK80_64/install/can_interface/lib/python3.10/site-packages'
[0.377s] Level 1:colcon.colcon_core.environment:checking '/home/ubuntu/Desktop/AK80_64/install/can_interface/bin'
[0.378s] INFO:colcon.colcon_core.shell:Creating package script '/home/ubuntu/Desktop/AK80_64/install/can_interface/share/can_interface/package.ps1'
[0.378s] INFO:colcon.colcon_core.shell:Creating package descriptor '/home/ubuntu/Desktop/AK80_64/install/can_interface/share/can_interface/package.dsv'
[0.379s] INFO:colcon.colcon_core.shell:Creating package script '/home/ubuntu/Desktop/AK80_64/install/can_interface/share/can_interface/package.sh'
[0.380s] INFO:colcon.colcon_core.shell:Creating package script '/home/ubuntu/Desktop/AK80_64/install/can_interface/share/can_interface/package.bash'
[0.380s] INFO:colcon.colcon_core.shell:Creating package script '/home/ubuntu/Desktop/AK80_64/install/can_interface/share/can_interface/package.zsh'
[0.381s] Level 1:colcon.colcon_core.environment:create_file_with_runtime_dependencies(/home/ubuntu/Desktop/AK80_64/install/can_interface/share/colcon-core/packages/can_interface)
[0.381s] Level 1:colcon.colcon_core.environment:create_environment_scripts_only(can_interface)
[0.381s] Level 1:colcon.colcon_core.environment:checking '/home/ubuntu/Desktop/AK80_64/install/can_interface' for CMake module files
[0.382s] Level 1:colcon.colcon_core.environment:checking '/home/ubuntu/Desktop/AK80_64/install/can_interface' for CMake config files
[0.382s] Level 1:colcon.colcon_core.shell:create_environment_hook('can_interface', 'cmake_prefix_path')
[0.382s] INFO:colcon.colcon_core.shell:Creating environment hook '/home/ubuntu/Desktop/AK80_64/install/can_interface/share/can_interface/hook/cmake_prefix_path.ps1'
[0.383s] INFO:colcon.colcon_core.shell:Creating environment descriptor '/home/ubuntu/Desktop/AK80_64/install/can_interface/share/can_interface/hook/cmake_prefix_path.dsv'
[0.383s] INFO:colcon.colcon_core.shell:Creating environment hook '/home/ubuntu/Desktop/AK80_64/install/can_interface/share/can_interface/hook/cmake_prefix_path.sh'
[0.384s] Level 1:colcon.colcon_core.environment:checking '/home/ubuntu/Desktop/AK80_64/install/can_interface/lib'
[0.384s] Level 1:colcon.colcon_core.shell:create_environment_hook('can_interface', 'ld_library_path_lib')
[0.384s] INFO:colcon.colcon_core.shell:Creating environment hook '/home/ubuntu/Desktop/AK80_64/install/can_interface/share/can_interface/hook/ld_library_path_lib.ps1'
[0.385s] INFO:colcon.colcon_core.shell:Creating environment descriptor '/home/ubuntu/Desktop/AK80_64/install/can_interface/share/can_interface/hook/ld_library_path_lib.dsv'
[0.386s] INFO:colcon.colcon_core.shell:Creating environment hook '/home/ubuntu/Desktop/AK80_64/install/can_interface/share/can_interface/hook/ld_library_path_lib.sh'
[0.386s] Level 1:colcon.colcon_core.environment:checking '/home/ubuntu/Desktop/AK80_64/install/can_interface/bin'
[0.386s] Level 1:colcon.colcon_core.environment:checking '/home/ubuntu/Desktop/AK80_64/install/can_interface/lib/pkgconfig/can_interface.pc'
[0.387s] Level 1:colcon.colcon_core.environment:checking '/home/ubuntu/Desktop/AK80_64/install/can_interface/lib/python3.10/site-packages'
[0.387s] Level 1:colcon.colcon_core.environment:checking '/home/ubuntu/Desktop/AK80_64/install/can_interface/bin'
[0.388s] INFO:colcon.colcon_core.shell:Creating package script '/home/ubuntu/Desktop/AK80_64/install/can_interface/share/can_interface/package.ps1'
[0.389s] INFO:colcon.colcon_core.shell:Creating package descriptor '/home/ubuntu/Desktop/AK80_64/install/can_interface/share/can_interface/package.dsv'
[0.390s] INFO:colcon.colcon_core.shell:Creating package script '/home/ubuntu/Desktop/AK80_64/install/can_interface/share/can_interface/package.sh'
[0.390s] INFO:colcon.colcon_core.shell:Creating package script '/home/ubuntu/Desktop/AK80_64/install/can_interface/share/can_interface/package.bash'
[0.391s] INFO:colcon.colcon_core.shell:Creating package script '/home/ubuntu/Desktop/AK80_64/install/can_interface/share/can_interface/package.zsh'
[0.391s] Level 1:colcon.colcon_core.environment:create_file_with_runtime_dependencies(/home/ubuntu/Desktop/AK80_64/install/can_interface/share/colcon-core/packages/can_interface)
[0.391s] INFO:colcon.colcon_ros.task.ament_cmake.build:Building ROS package in '/home/ubuntu/Desktop/AK80_64/src/motor_driver' with build type 'ament_cmake'
[0.392s] INFO:colcon.colcon_cmake.task.cmake.build:Building CMake package in '/home/ubuntu/Desktop/AK80_64/src/motor_driver'
[0.392s] INFO:colcon.colcon_core.shell:Skip shell extension 'powershell' for command environment: Not usable outside of PowerShell
[0.392s] DEBUG:colcon.colcon_core.shell:Skip shell extension 'dsv' for command environment
[0.403s] DEBUG:colcon.colcon_core.event_handler.log_command:Invoking command in '/home/ubuntu/Desktop/AK80_64/build/motor_driver': CMAKE_PREFIX_PATH=/home/ubuntu/Desktop/AK80_64/install/can_interface:/home/ubuntu/Desktop/AK80_64/install/motor_driver:/opt/ros/humble /usr/bin/cmake --build /home/ubuntu/Desktop/AK80_64/build/motor_driver -- -j8 -l8
[3.317s] DEBUG:colcon.colcon_core.event_handler.log_command:Invoked command in '/home/ubuntu/Desktop/AK80_64/build/motor_driver' returned '0': CMAKE_PREFIX_PATH=/home/ubuntu/Desktop/AK80_64/install/can_interface:/home/ubuntu/Desktop/AK80_64/install/motor_driver:/opt/ros/humble /usr/bin/cmake --build /home/ubuntu/Desktop/AK80_64/build/motor_driver -- -j8 -l8
[3.319s] DEBUG:colcon.colcon_core.event_handler.log_command:Invoking command in '/home/ubuntu/Desktop/AK80_64/build/motor_driver': CMAKE_PREFIX_PATH=/home/ubuntu/Desktop/AK80_64/install/can_interface:/home/ubuntu/Desktop/AK80_64/install/motor_driver:/opt/ros/humble /usr/bin/cmake --install /home/ubuntu/Desktop/AK80_64/build/motor_driver
[3.329s] Level 1:colcon.colcon_core.environment:create_environment_scripts_only(motor_driver)
[3.329s] Level 1:colcon.colcon_core.environment:checking '/home/ubuntu/Desktop/AK80_64/install/motor_driver' for CMake module files
[3.330s] DEBUG:colcon.colcon_core.event_handler.log_command:Invoked command in '/home/ubuntu/Desktop/AK80_64/build/motor_driver' returned '0': CMAKE_PREFIX_PATH=/home/ubuntu/Desktop/AK80_64/install/can_interface:/home/ubuntu/Desktop/AK80_64/install/motor_driver:/opt/ros/humble /usr/bin/cmake --install /home/ubuntu/Desktop/AK80_64/build/motor_driver
[3.330s] Level 1:colcon.colcon_core.environment:checking '/home/ubuntu/Desktop/AK80_64/install/motor_driver' for CMake config files
[3.330s] Level 1:colcon.colcon_core.shell:create_environment_hook('motor_driver', 'cmake_prefix_path')
[3.330s] INFO:colcon.colcon_core.shell:Creating environment hook '/home/ubuntu/Desktop/AK80_64/install/motor_driver/share/motor_driver/hook/cmake_prefix_path.ps1'
[3.331s] INFO:colcon.colcon_core.shell:Creating environment descriptor '/home/ubuntu/Desktop/AK80_64/install/motor_driver/share/motor_driver/hook/cmake_prefix_path.dsv'
[3.331s] INFO:colcon.colcon_core.shell:Creating environment hook '/home/ubuntu/Desktop/AK80_64/install/motor_driver/share/motor_driver/hook/cmake_prefix_path.sh'
[3.332s] Level 1:colcon.colcon_core.environment:checking '/home/ubuntu/Desktop/AK80_64/install/motor_driver/lib'
[3.332s] Level 1:colcon.colcon_core.environment:checking '/home/ubuntu/Desktop/AK80_64/install/motor_driver/bin'
[3.332s] Level 1:colcon.colcon_core.environment:checking '/home/ubuntu/Desktop/AK80_64/install/motor_driver/lib/pkgconfig/motor_driver.pc'
[3.332s] Level 1:colcon.colcon_core.environment:checking '/home/ubuntu/Desktop/AK80_64/install/motor_driver/lib/python3.10/site-packages'
[3.332s] Level 1:colcon.colcon_core.environment:checking '/home/ubuntu/Desktop/AK80_64/install/motor_driver/bin'
[3.332s] INFO:colcon.colcon_core.shell:Creating package script '/home/ubuntu/Desktop/AK80_64/install/motor_driver/share/motor_driver/package.ps1'
[3.333s] INFO:colcon.colcon_core.shell:Creating package descriptor '/home/ubuntu/Desktop/AK80_64/install/motor_driver/share/motor_driver/package.dsv'
[3.333s] INFO:colcon.colcon_core.shell:Creating package script '/home/ubuntu/Desktop/AK80_64/install/motor_driver/share/motor_driver/package.sh'
[3.333s] INFO:colcon.colcon_core.shell:Creating package script '/home/ubuntu/Desktop/AK80_64/install/motor_driver/share/motor_driver/package.bash'
[3.334s] INFO:colcon.colcon_core.shell:Creating package script '/home/ubuntu/Desktop/AK80_64/install/motor_driver/share/motor_driver/package.zsh'
[3.334s] Level 1:colcon.colcon_core.environment:create_file_with_runtime_dependencies(/home/ubuntu/Desktop/AK80_64/install/motor_driver/share/colcon-core/packages/motor_driver)
[3.334s] Level 1:colcon.colcon_core.environment:create_environment_scripts_only(motor_driver)
[3.334s] Level 1:colcon.colcon_core.environment:checking '/home/ubuntu/Desktop/AK80_64/install/motor_driver' for CMake module files
[3.335s] Level 1:colcon.colcon_core.environment:checking '/home/ubuntu/Desktop/AK80_64/install/motor_driver' for CMake config files
[3.335s] Level 1:colcon.colcon_core.shell:create_environment_hook('motor_driver', 'cmake_prefix_path')
[3.335s] INFO:colcon.colcon_core.shell:Creating environment hook '/home/ubuntu/Desktop/AK80_64/install/motor_driver/share/motor_driver/hook/cmake_prefix_path.ps1'
[3.336s] INFO:colcon.colcon_core.shell:Creating environment descriptor '/home/ubuntu/Desktop/AK80_64/install/motor_driver/share/motor_driver/hook/cmake_prefix_path.dsv'
[3.336s] INFO:colcon.colcon_core.shell:Creating environment hook '/home/ubuntu/Desktop/AK80_64/install/motor_driver/share/motor_driver/hook/cmake_prefix_path.sh'
[3.337s] Level 1:colcon.colcon_core.environment:checking '/home/ubuntu/Desktop/AK80_64/install/motor_driver/lib'
[3.337s] Level 1:colcon.colcon_core.environment:checking '/home/ubuntu/Desktop/AK80_64/install/motor_driver/bin'
[3.337s] Level 1:colcon.colcon_core.environment:checking '/home/ubuntu/Desktop/AK80_64/install/motor_driver/lib/pkgconfig/motor_driver.pc'
[3.337s] Level 1:colcon.colcon_core.environment:checking '/home/ubuntu/Desktop/AK80_64/install/motor_driver/lib/python3.10/site-packages'
[3.337s] Level 1:colcon.colcon_core.environment:checking '/home/ubuntu/Desktop/AK80_64/install/motor_driver/bin'
[3.338s] INFO:colcon.colcon_core.shell:Creating package script '/home/ubuntu/Desktop/AK80_64/install/motor_driver/share/motor_driver/package.ps1'
[3.339s] INFO:colcon.colcon_core.shell:Creating package descriptor '/home/ubuntu/Desktop/AK80_64/install/motor_driver/share/motor_driver/package.dsv'
[3.339s] INFO:colcon.colcon_core.shell:Creating package script '/home/ubuntu/Desktop/AK80_64/install/motor_driver/share/motor_driver/package.sh'
[3.340s] INFO:colcon.colcon_core.shell:Creating package script '/home/ubuntu/Desktop/AK80_64/install/motor_driver/share/motor_driver/package.bash'
[3.340s] INFO:colcon.colcon_core.shell:Creating package script '/home/ubuntu/Desktop/AK80_64/install/motor_driver/share/motor_driver/package.zsh'
[3.340s] Level 1:colcon.colcon_core.environment:create_file_with_runtime_dependencies(/home/ubuntu/Desktop/AK80_64/install/motor_driver/share/colcon-core/packages/motor_driver)
[3.341s] DEBUG:colcon.colcon_parallel_executor.executor.parallel:closing loop
[3.341s] DEBUG:colcon.colcon_parallel_executor.executor.parallel:loop closed
[3.341s] DEBUG:colcon.colcon_parallel_executor.executor.parallel:run_until_complete finished with '0'
[3.341s] DEBUG:colcon.colcon_core.event_reactor:joining thread
[3.346s] INFO:colcon.colcon_core.plugin_system:Skipping extension 'colcon_notification.desktop_notification.terminal_notifier': Not used on non-Darwin systems
[3.346s] INFO:colcon.colcon_core.plugin_system:Skipping extension 'colcon_notification.desktop_notification.win32': Not used on non-Windows systems
[3.346s] INFO:colcon.colcon_notification.desktop_notification:Sending desktop notification using 'notify2'
[3.354s] DEBUG:colcon.colcon_core.event_reactor:joined thread
[3.354s] INFO:colcon.colcon_core.shell:Creating prefix script '/home/ubuntu/Desktop/AK80_64/install/local_setup.ps1'
[3.356s] INFO:colcon.colcon_core.shell:Creating prefix util module '/home/ubuntu/Desktop/AK80_64/install/_local_setup_util_ps1.py'
[3.358s] INFO:colcon.colcon_core.shell:Creating prefix chain script '/home/ubuntu/Desktop/AK80_64/install/setup.ps1'
[3.359s] INFO:colcon.colcon_core.shell:Creating prefix script '/home/ubuntu/Desktop/AK80_64/install/local_setup.sh'
[3.360s] INFO:colcon.colcon_core.shell:Creating prefix util module '/home/ubuntu/Desktop/AK80_64/install/_local_setup_util_sh.py'
[3.360s] INFO:colcon.colcon_core.shell:Creating prefix chain script '/home/ubuntu/Desktop/AK80_64/install/setup.sh'
[3.361s] INFO:colcon.colcon_core.shell:Creating prefix script '/home/ubuntu/Desktop/AK80_64/install/local_setup.bash'
[3.361s] INFO:colcon.colcon_core.shell:Creating prefix chain script '/home/ubuntu/Desktop/AK80_64/install/setup.bash'
[3.362s] INFO:colcon.colcon_core.shell:Creating prefix script '/home/ubuntu/Desktop/AK80_64/install/local_setup.zsh'
[3.362s] INFO:colcon.colcon_core.shell:Creating prefix chain script '/home/ubuntu/Desktop/AK80_64/install/setup.zsh'
