[0.007s] Invoking command in '/home/ubuntu/Desktop/AK80_64/build/can_interface': CMAKE_PREFIX_PATH=/opt/ros/humble /usr/bin/cmake /home/ubuntu/Desktop/AK80_64/src/can_interface -DCMAKE_INSTALL_PREFIX=/home/ubuntu/Desktop/AK80_64/install/can_interface
[0.061s] -- The C compiler identification is GNU 11.4.0
[0.101s] -- The CXX compiler identification is GNU 11.4.0
[0.108s] -- Detecting C compiler ABI info
[0.157s] -- Detecting C compiler ABI info - done
[0.166s] -- Check for working C compiler: /usr/bin/cc - skipped
[0.166s] -- Detecting C compile features
[0.167s] -- Detecting C compile features - done
[0.170s] -- Detecting CXX compiler ABI info
[0.226s] -- Detecting CXX compiler ABI info - done
[0.232s] -- Check for working CXX compiler: /usr/bin/c++ - skipped
[0.232s] -- Detecting CXX compile features
[0.232s] -- Detecting CXX compile features - done
[0.235s] -- Found ament_cmake: 1.3.11 (/opt/ros/humble/share/ament_cmake/cmake)
[0.557s] -- Found Python3: /usr/bin/python3 (found version "3.10.12") found components: Interpreter 
[0.684s] -- Configuring done
[0.687s] -- Generating done
[0.688s] -- Build files have been written to: /home/ubuntu/Desktop/AK80_64/build/can_interface
[0.691s] Invoked command in '/home/ubuntu/Desktop/AK80_64/build/can_interface' returned '0': CMAKE_PREFIX_PATH=/opt/ros/humble /usr/bin/cmake /home/ubuntu/Desktop/AK80_64/src/can_interface -DCMAKE_INSTALL_PREFIX=/home/ubuntu/Desktop/AK80_64/install/can_interface
[0.693s] Invoking command in '/home/ubuntu/Desktop/AK80_64/build/can_interface': CMAKE_PREFIX_PATH=/opt/ros/humble /usr/bin/cmake --build /home/ubuntu/Desktop/AK80_64/build/can_interface -- -j8 -l8
[0.724s] [ 50%] [32mBuilding CXX object CMakeFiles/can_interface.dir/src/caninterface.cpp.o[0m
[0.948s] [100%] [32m[1mLinking CXX shared library libcan_interface.so[0m
[1.003s] [100%] Built target can_interface
[1.011s] Invoked command in '/home/ubuntu/Desktop/AK80_64/build/can_interface' returned '0': CMAKE_PREFIX_PATH=/opt/ros/humble /usr/bin/cmake --build /home/ubuntu/Desktop/AK80_64/build/can_interface -- -j8 -l8
[1.017s] Invoking command in '/home/ubuntu/Desktop/AK80_64/build/can_interface': CMAKE_PREFIX_PATH=/opt/ros/humble /usr/bin/cmake --install /home/ubuntu/Desktop/AK80_64/build/can_interface
[1.022s] -- Install configuration: ""
[1.022s] -- Installing: /home/ubuntu/Desktop/AK80_64/install/can_interface/lib/libcan_interface.so
[1.022s] -- Installing: /home/ubuntu/Desktop/AK80_64/install/can_interface/include
[1.022s] -- Installing: /home/ubuntu/Desktop/AK80_64/install/can_interface/include/can_interface
[1.022s] -- Installing: /home/ubuntu/Desktop/AK80_64/install/can_interface/include/can_interface/caninterface.hpp
[1.023s] -- Installing: /home/ubuntu/Desktop/AK80_64/install/can_interface/share/can_interface/environment/library_path.sh
[1.023s] -- Installing: /home/ubuntu/Desktop/AK80_64/install/can_interface/share/can_interface/environment/library_path.dsv
[1.023s] -- Installing: /home/ubuntu/Desktop/AK80_64/install/can_interface/share/ament_index/resource_index/package_run_dependencies/can_interface
[1.023s] -- Installing: /home/ubuntu/Desktop/AK80_64/install/can_interface/share/ament_index/resource_index/parent_prefix_path/can_interface
[1.023s] -- Installing: /home/ubuntu/Desktop/AK80_64/install/can_interface/share/can_interface/environment/ament_prefix_path.sh
[1.023s] -- Installing: /home/ubuntu/Desktop/AK80_64/install/can_interface/share/can_interface/environment/ament_prefix_path.dsv
[1.023s] -- Installing: /home/ubuntu/Desktop/AK80_64/install/can_interface/share/can_interface/environment/path.sh
[1.024s] -- Installing: /home/ubuntu/Desktop/AK80_64/install/can_interface/share/can_interface/environment/path.dsv
[1.024s] -- Installing: /home/ubuntu/Desktop/AK80_64/install/can_interface/share/can_interface/local_setup.bash
[1.024s] -- Installing: /home/ubuntu/Desktop/AK80_64/install/can_interface/share/can_interface/local_setup.sh
[1.024s] -- Installing: /home/ubuntu/Desktop/AK80_64/install/can_interface/share/can_interface/local_setup.zsh
[1.024s] -- Installing: /home/ubuntu/Desktop/AK80_64/install/can_interface/share/can_interface/local_setup.dsv
[1.024s] -- Installing: /home/ubuntu/Desktop/AK80_64/install/can_interface/share/can_interface/package.dsv
[1.024s] -- Installing: /home/ubuntu/Desktop/AK80_64/install/can_interface/share/ament_index/resource_index/packages/can_interface
[1.024s] -- Installing: /home/ubuntu/Desktop/AK80_64/install/can_interface/share/can_interface/cmake/export_can_interfaceExport.cmake
[1.025s] -- Installing: /home/ubuntu/Desktop/AK80_64/install/can_interface/share/can_interface/cmake/export_can_interfaceExport-noconfig.cmake
[1.025s] -- Installing: /home/ubuntu/Desktop/AK80_64/install/can_interface/share/can_interface/cmake/ament_cmake_export_targets-extras.cmake
[1.025s] -- Installing: /home/ubuntu/Desktop/AK80_64/install/can_interface/share/can_interface/cmake/ament_cmake_export_include_directories-extras.cmake
[1.025s] -- Installing: /home/ubuntu/Desktop/AK80_64/install/can_interface/share/can_interface/cmake/ament_cmake_export_libraries-extras.cmake
[1.025s] -- Installing: /home/ubuntu/Desktop/AK80_64/install/can_interface/share/can_interface/cmake/can_interfaceConfig.cmake
[1.025s] -- Installing: /home/ubuntu/Desktop/AK80_64/install/can_interface/share/can_interface/cmake/can_interfaceConfig-version.cmake
[1.025s] -- Installing: /home/ubuntu/Desktop/AK80_64/install/can_interface/share/can_interface/package.xml
[1.027s] Invoked command in '/home/ubuntu/Desktop/AK80_64/build/can_interface' returned '0': CMAKE_PREFIX_PATH=/opt/ros/humble /usr/bin/cmake --install /home/ubuntu/Desktop/AK80_64/build/can_interface
